[ 2018-09-27T02:49:01+08:00 ] 59.110.21.180 /
INFO: [ app_begin ] --START--
INFO: Run Behavior\ReadHtmlCache [ RunTime:0.000045s ]
INFO: [ app_begin ] --END-- [ RunTime:0.000120s ]
INFO: [ view_parse ] --START--
INFO: [ template_filter ] --START--
INFO: Run Behavior\ContentReplace [ RunTime:0.000030s ]
INFO: [ template_filter ] --END-- [ RunTime:0.000065s ]
INFO: Run Behavior\ParseTemplate [ RunTime:0.001225s ]
INFO: [ view_parse ] --END-- [ RunTime:0.001260s ]
INFO: [ view_filter ] --START--
INFO: Run Behavior\WriteHtmlCache [ RunTime:0.000038s ]
INFO: [ view_filter ] --END-- [ RunTime:0.000068s ]
INFO: [ app_end ] --START--
INFO: Run Behavior\ShowPageTrace [ RunTime:0.000027s ]
INFO: [ app_end ] --END-- [ RunTime:0.000049s ]

[ 2018-09-27T03:34:52+08:00 ] 47.92.102.179 /
INFO: [ app_begin ] --START--
INFO: Run Behavior\ReadHtmlCache [ RunTime:0.000038s ]
INFO: [ app_begin ] --END-- [ RunTime:0.000103s ]
INFO: [ view_parse ] --START--
INFO: [ template_filter ] --START--
INFO: Run Behavior\ContentReplace [ RunTime:0.000027s ]
INFO: [ template_filter ] --END-- [ RunTime:0.000058s ]
INFO: Run Behavior\ParseTemplate [ RunTime:0.000845s ]
INFO: [ view_parse ] --END-- [ RunTime:0.000880s ]
INFO: [ view_filter ] --START--
INFO: Run Behavior\WriteHtmlCache [ RunTime:0.000028s ]
INFO: [ view_filter ] --END-- [ RunTime:0.000052s ]
INFO: [ app_end ] --START--
INFO: Run Behavior\ShowPageTrace [ RunTime:0.000025s ]
INFO: [ app_end ] --END-- [ RunTime:0.000049s ]

[ 2018-09-27T09:42:02+08:00 ] 120.79.206.221 /
INFO: [ app_begin ] --START--
INFO: Run Behavior\ReadHtmlCache [ RunTime:0.000027s ]
INFO: [ app_begin ] --END-- [ RunTime:0.000091s ]
INFO: [ view_parse ] --START--
INFO: [ template_filter ] --START--
INFO: Run Behavior\ContentReplace [ RunTime:0.000024s ]
INFO: [ template_filter ] --END-- [ RunTime:0.000053s ]
INFO: Run Behavior\ParseTemplate [ RunTime:0.000768s ]
INFO: [ view_parse ] --END-- [ RunTime:0.000800s ]
INFO: [ view_filter ] --START--
INFO: Run Behavior\WriteHtmlCache [ RunTime:0.000029s ]
INFO: [ view_filter ] --END-- [ RunTime:0.000047s ]
INFO: [ app_end ] --START--
INFO: Run Behavior\ShowPageTrace [ RunTime:0.000023s ]
INFO: [ app_end ] --END-- [ RunTime:0.000042s ]

[ 2018-09-27T19:19:57+08:00 ] 103.231.146.242 /
INFO: [ app_begin ] --START--
INFO: Run Behavior\ReadHtmlCache [ RunTime:0.000039s ]
INFO: [ app_begin ] --END-- [ RunTime:0.000116s ]
INFO: [ view_parse ] --START--
INFO: [ template_filter ] --START--
INFO: Run Behavior\ContentReplace [ RunTime:0.000029s ]
INFO: [ template_filter ] --END-- [ RunTime:0.000064s ]
INFO: Run Behavior\ParseTemplate [ RunTime:0.001227s ]
INFO: [ view_parse ] --END-- [ RunTime:0.001265s ]
INFO: [ view_filter ] --START--
INFO: Run Behavior\WriteHtmlCache [ RunTime:0.000036s ]
INFO: [ view_filter ] --END-- [ RunTime:0.000062s ]
INFO: [ app_end ] --START--
INFO: Run Behavior\ShowPageTrace [ RunTime:0.000026s ]
INFO: [ app_end ] --END-- [ RunTime:0.000051s ]

[ 2018-09-27T19:19:58+08:00 ] 103.231.146.242 /
INFO: [ app_begin ] --START--
INFO: Run Behavior\ReadHtmlCache [ RunTime:0.000028s ]
INFO: [ app_begin ] --END-- [ RunTime:0.000091s ]
INFO: [ view_parse ] --START--
INFO: [ template_filter ] --START--
INFO: Run Behavior\ContentReplace [ RunTime:0.000030s ]
INFO: [ template_filter ] --END-- [ RunTime:0.000065s ]
INFO: Run Behavior\ParseTemplate [ RunTime:0.000963s ]
INFO: [ view_parse ] --END-- [ RunTime:0.001005s ]
INFO: [ view_filter ] --START--
INFO: Run Behavior\WriteHtmlCache [ RunTime:0.000026s ]
INFO: [ view_filter ] --END-- [ RunTime:0.000053s ]
INFO: [ app_end ] --START--
INFO: Run Behavior\ShowPageTrace [ RunTime:0.000023s ]
INFO: [ app_end ] --END-- [ RunTime:0.000051s ]

[ 2018-09-27T19:42:22+08:00 ] 103.231.146.242 /
INFO: [ app_begin ] --START--
INFO: Run Behavior\ReadHtmlCache [ RunTime:0.000032s ]
INFO: [ app_begin ] --END-- [ RunTime:0.000101s ]
INFO: [ view_parse ] --START--
INFO: [ template_filter ] --START--
INFO: Run Behavior\ContentReplace [ RunTime:0.000025s ]
INFO: [ template_filter ] --END-- [ RunTime:0.000059s ]
INFO: Run Behavior\ParseTemplate [ RunTime:0.000880s ]
INFO: [ view_parse ] --END-- [ RunTime:0.000926s ]
INFO: [ view_filter ] --START--
INFO: Run Behavior\WriteHtmlCache [ RunTime:0.000031s ]
INFO: [ view_filter ] --END-- [ RunTime:0.000057s ]
INFO: [ app_end ] --START--
INFO: Run Behavior\ShowPageTrace [ RunTime:0.000025s ]
INFO: [ app_end ] --END-- [ RunTime:0.000050s ]

