[ 2018-11-04T00:15:41+08:00 ] 1.202.86.248 /
INFO: [ app_begin ] --START--
INFO: Run Behavior\ReadHtmlCache [ RunTime:0.000039s ]
INFO: [ app_begin ] --END-- [ RunTime:0.000126s ]
INFO: [ view_parse ] --START--
INFO: [ template_filter ] --START--
INFO: Run Behavior\ContentReplace [ RunTime:0.000035s ]
INFO: [ template_filter ] --END-- [ RunTime:0.000080s ]
INFO: Run Behavior\ParseTemplate [ RunTime:0.001009s ]
INFO: [ view_parse ] --END-- [ RunTime:0.001053s ]
INFO: [ view_filter ] --START--
INFO: Run Behavior\WriteHtmlCache [ RunTime:0.000034s ]
INFO: [ view_filter ] --END-- [ RunTime:0.000063s ]
INFO: [ app_end ] --START--
INFO: Run Behavior\ShowPageTrace [ RunTime:0.000033s ]
INFO: [ app_end ] --END-- [ RunTime:0.000065s ]

[ 2018-11-04T01:19:08+08:00 ] 112.66.107.119 /
INFO: [ app_begin ] --START--
INFO: Run Behavior\ReadHtmlCache [ RunTime:0.000053s ]
INFO: [ app_begin ] --END-- [ RunTime:0.000166s ]
INFO: [ view_parse ] --START--
INFO: [ template_filter ] --START--
INFO: Run Behavior\ContentReplace [ RunTime:0.000044s ]
INFO: [ template_filter ] --END-- [ RunTime:0.000101s ]
INFO: Run Behavior\ParseTemplate [ RunTime:0.001428s ]
INFO: [ view_parse ] --END-- [ RunTime:0.001485s ]
INFO: [ view_filter ] --START--
INFO: Run Behavior\WriteHtmlCache [ RunTime:0.000050s ]
INFO: [ view_filter ] --END-- [ RunTime:0.000088s ]
INFO: [ app_end ] --START--
INFO: Run Behavior\ShowPageTrace [ RunTime:0.000041s ]
INFO: [ app_end ] --END-- [ RunTime:0.000081s ]

[ 2018-11-04T02:14:30+08:00 ] 219.142.241.24 /
INFO: [ app_begin ] --START--
INFO: Run Behavior\ReadHtmlCache [ RunTime:0.000030s ]
INFO: [ app_begin ] --END-- [ RunTime:0.000100s ]
INFO: [ view_parse ] --START--
INFO: [ template_filter ] --START--
INFO: Run Behavior\ContentReplace [ RunTime:0.000027s ]
INFO: [ template_filter ] --END-- [ RunTime:0.000060s ]
INFO: Run Behavior\ParseTemplate [ RunTime:0.000901s ]
INFO: [ view_parse ] --END-- [ RunTime:0.000937s ]
INFO: [ view_filter ] --START--
INFO: Run Behavior\WriteHtmlCache [ RunTime:0.000030s ]
INFO: [ view_filter ] --END-- [ RunTime:0.000055s ]
INFO: [ app_end ] --START--
INFO: Run Behavior\ShowPageTrace [ RunTime:0.000034s ]
INFO: [ app_end ] --END-- [ RunTime:0.000060s ]

[ 2018-11-04T04:08:33+08:00 ] 118.31.15.238 /
INFO: [ app_begin ] --START--
INFO: Run Behavior\ReadHtmlCache [ RunTime:0.000034s ]
INFO: [ app_begin ] --END-- [ RunTime:0.000105s ]
INFO: [ view_parse ] --START--
INFO: [ template_filter ] --START--
INFO: Run Behavior\ContentReplace [ RunTime:0.000028s ]
INFO: [ template_filter ] --END-- [ RunTime:0.000062s ]
INFO: Run Behavior\ParseTemplate [ RunTime:0.000957s ]
INFO: [ view_parse ] --END-- [ RunTime:0.000998s ]
INFO: [ view_filter ] --START--
INFO: Run Behavior\WriteHtmlCache [ RunTime:0.000041s ]
INFO: [ view_filter ] --END-- [ RunTime:0.000067s ]
INFO: [ app_end ] --START--
INFO: Run Behavior\ShowPageTrace [ RunTime:0.000028s ]
INFO: [ app_end ] --END-- [ RunTime:0.000055s ]

[ 2018-11-04T05:10:51+08:00 ] 47.92.38.53 /
INFO: [ app_begin ] --START--
INFO: Run Behavior\ReadHtmlCache [ RunTime:0.000041s ]
INFO: [ app_begin ] --END-- [ RunTime:0.000120s ]
INFO: [ view_parse ] --START--
INFO: [ template_filter ] --START--
INFO: Run Behavior\ContentReplace [ RunTime:0.000027s ]
INFO: [ template_filter ] --END-- [ RunTime:0.000062s ]
INFO: Run Behavior\ParseTemplate [ RunTime:0.000963s ]
INFO: [ view_parse ] --END-- [ RunTime:0.001004s ]
INFO: [ view_filter ] --START--
INFO: Run Behavior\WriteHtmlCache [ RunTime:0.000032s ]
INFO: [ view_filter ] --END-- [ RunTime:0.000057s ]
INFO: [ app_end ] --START--
INFO: Run Behavior\ShowPageTrace [ RunTime:0.000028s ]
INFO: [ app_end ] --END-- [ RunTime:0.000064s ]

[ 2018-11-04T08:18:22+08:00 ] 124.88.64.211 /
INFO: [ app_begin ] --START--
INFO: Run Behavior\ReadHtmlCache [ RunTime:0.000029s ]
INFO: [ app_begin ] --END-- [ RunTime:0.000094s ]
INFO: [ view_parse ] --START--
INFO: [ template_filter ] --START--
INFO: Run Behavior\ContentReplace [ RunTime:0.000026s ]
INFO: [ template_filter ] --END-- [ RunTime:0.000055s ]
INFO: Run Behavior\ParseTemplate [ RunTime:0.001584s ]
INFO: [ view_parse ] --END-- [ RunTime:0.001619s ]
INFO: [ view_filter ] --START--
INFO: Run Behavior\WriteHtmlCache [ RunTime:0.000030s ]
INFO: [ view_filter ] --END-- [ RunTime:0.000048s ]
INFO: [ app_end ] --START--
INFO: Run Behavior\ShowPageTrace [ RunTime:0.000024s ]
INFO: [ app_end ] --END-- [ RunTime:0.000043s ]

[ 2018-11-04T10:14:07+08:00 ] 1.28.133.2 /
INFO: [ app_begin ] --START--
INFO: Run Behavior\ReadHtmlCache [ RunTime:0.000031s ]
INFO: [ app_begin ] --END-- [ RunTime:0.000102s ]
INFO: [ view_parse ] --START--
INFO: [ template_filter ] --START--
INFO: Run Behavior\ContentReplace [ RunTime:0.000030s ]
INFO: [ template_filter ] --END-- [ RunTime:0.000066s ]
INFO: Run Behavior\ParseTemplate [ RunTime:0.001003s ]
INFO: [ view_parse ] --END-- [ RunTime:0.001048s ]
INFO: [ view_filter ] --START--
INFO: Run Behavior\WriteHtmlCache [ RunTime:0.000037s ]
INFO: [ view_filter ] --END-- [ RunTime:0.000062s ]
INFO: [ app_end ] --START--
INFO: Run Behavior\ShowPageTrace [ RunTime:0.000031s ]
INFO: [ app_end ] --END-- [ RunTime:0.000060s ]

[ 2018-11-04T12:08:50+08:00 ] 218.92.225.159 /
INFO: [ app_begin ] --START--
INFO: Run Behavior\ReadHtmlCache [ RunTime:0.000029s ]
INFO: [ app_begin ] --END-- [ RunTime:0.000095s ]
INFO: [ view_parse ] --START--
INFO: [ template_filter ] --START--
INFO: Run Behavior\ContentReplace [ RunTime:0.000026s ]
INFO: [ template_filter ] --END-- [ RunTime:0.000055s ]
INFO: Run Behavior\ParseTemplate [ RunTime:0.000801s ]
INFO: [ view_parse ] --END-- [ RunTime:0.000835s ]
INFO: [ view_filter ] --START--
INFO: Run Behavior\WriteHtmlCache [ RunTime:0.000029s ]
INFO: [ view_filter ] --END-- [ RunTime:0.000048s ]
INFO: [ app_end ] --START--
INFO: Run Behavior\ShowPageTrace [ RunTime:0.000023s ]
INFO: [ app_end ] --END-- [ RunTime:0.000043s ]

[ 2018-11-04T12:08:50+08:00 ] 218.92.225.159 /fckeditor/fckeditor.js
INFO: [ app_begin ] --START--
INFO: Run Behavior\ReadHtmlCache [ RunTime:0.000027s ]
INFO: [ app_begin ] --END-- [ RunTime:0.000090s ]
ERR: 无法加载控制器:Fckeditor

[ 2018-11-04T12:08:51+08:00 ] 218.92.225.159 /html/js/editor/fckeditor/fckeditor.js
INFO: [ app_begin ] --START--
INFO: Run Behavior\ReadHtmlCache [ RunTime:0.000037s ]
INFO: [ app_begin ] --END-- [ RunTime:0.000117s ]
ERR: 无法加载控制器:Html

[ 2018-11-04T12:08:52+08:00 ] 218.92.225.159 /editor/fckeditor.js
INFO: [ app_begin ] --START--
INFO: Run Behavior\ReadHtmlCache [ RunTime:0.000028s ]
INFO: [ app_begin ] --END-- [ RunTime:0.000095s ]
ERR: 无法加载控制器:Editor

[ 2018-11-04T12:08:53+08:00 ] 218.92.225.159 /include/fckeditor/fckeditor.js
INFO: [ app_begin ] --START--
INFO: Run Behavior\ReadHtmlCache [ RunTime:0.000031s ]
INFO: [ app_begin ] --END-- [ RunTime:0.000104s ]
ERR: 无法加载控制器:Include

[ 2018-11-04T12:08:55+08:00 ] 218.92.225.159 /admin/fck/fckeditor.js
ERR: 无法加载控制器:Fck

[ 2018-11-04T12:08:56+08:00 ] 218.92.225.159 /common/fckeditor/fckeditor.js
INFO: [ app_begin ] --START--
INFO: Run Behavior\ReadHtmlCache [ RunTime:0.000037s ]
INFO: [ app_begin ] --END-- [ RunTime:0.000108s ]
ERR: 无法加载控制器:Common

[ 2018-11-04T12:08:56+08:00 ] 218.92.225.159 /Public/Js/FCKeditor/fckeditor.js
INFO: [ app_begin ] --START--
INFO: Run Behavior\ReadHtmlCache [ RunTime:0.000026s ]
INFO: [ app_begin ] --END-- [ RunTime:0.000090s ]
ERR: 无法加载控制器:Public

[ 2018-11-04T12:08:58+08:00 ] 218.92.225.159 /manage/fckeditor/fckeditor.js
INFO: [ app_begin ] --START--
INFO: Run Behavior\ReadHtmlCache [ RunTime:0.000028s ]
INFO: [ app_begin ] --END-- [ RunTime:0.000093s ]
ERR: 无法加载控制器:Manage

[ 2018-11-04T12:08:58+08:00 ] 218.92.225.159 /includes/fckeditor/fckeditor.js
INFO: [ app_begin ] --START--
INFO: Run Behavior\ReadHtmlCache [ RunTime:0.000030s ]
INFO: [ app_begin ] --END-- [ RunTime:0.000097s ]
ERR: 无法加载控制器:Includes

[ 2018-11-04T12:08:59+08:00 ] 218.92.225.159 /editor/fckeditor/fckeditor.js
INFO: [ app_begin ] --START--
INFO: Run Behavior\ReadHtmlCache [ RunTime:0.000034s ]
INFO: [ app_begin ] --END-- [ RunTime:0.000117s ]
ERR: 无法加载控制器:Editor

[ 2018-11-04T12:09:00+08:00 ] 218.92.225.159 /inc/fckeditor/fckeditor.js
INFO: [ app_begin ] --START--
INFO: Run Behavior\ReadHtmlCache [ RunTime:0.000026s ]
INFO: [ app_begin ] --END-- [ RunTime:0.000088s ]
ERR: 无法加载控制器:Inc

[ 2018-11-04T12:09:00+08:00 ] 218.92.225.159 /admin/fckeditor/fckeditor.js
ERR: 无法加载控制器:Fckeditor

[ 2018-11-04T12:09:01+08:00 ] 218.92.225.159 /FCKeditor/fckeditor.js
INFO: [ app_begin ] --START--
INFO: Run Behavior\ReadHtmlCache [ RunTime:0.000028s ]
INFO: [ app_begin ] --END-- [ RunTime:0.000095s ]
ERR: 无法加载控制器:FCKeditor

[ 2018-11-04T12:09:02+08:00 ] 218.92.225.159 /Administrator/FCKeditor/fckeditor.js
INFO: [ app_begin ] --START--
INFO: Run Behavior\ReadHtmlCache [ RunTime:0.000032s ]
INFO: [ app_begin ] --END-- [ RunTime:0.000114s ]
ERR: 无法加载控制器:Administrator

[ 2018-11-04T12:09:02+08:00 ] 218.92.225.159 /admin/editor/fckeditor.js
ERR: 无法加载控制器:Editor

[ 2018-11-04T12:09:03+08:00 ] 218.92.225.159 /js/fckeditor/fckeditor.js
INFO: [ app_begin ] --START--
INFO: Run Behavior\ReadHtmlCache [ RunTime:0.000027s ]
INFO: [ app_begin ] --END-- [ RunTime:0.000092s ]
ERR: 无法加载控制器:Js

[ 2018-11-04T12:09:04+08:00 ] 218.92.225.159 /lib/FCKeditor/fckeditor.js
INFO: [ app_begin ] --START--
INFO: Run Behavior\ReadHtmlCache [ RunTime:0.000035s ]
INFO: [ app_begin ] --END-- [ RunTime:0.000099s ]
ERR: 无法加载控制器:Lib

[ 2018-11-04T12:09:06+08:00 ] 218.92.225.159 /_fckeditor/fckeditor.js
INFO: [ app_begin ] --START--
INFO: Run Behavior\ReadHtmlCache [ RunTime:0.000030s ]
INFO: [ app_begin ] --END-- [ RunTime:0.000109s ]
ERR: 无法加载控制器:_fckeditor

[ 2018-11-04T12:09:07+08:00 ] 218.92.225.159 /admin/view/javascript/fckeditor/fckeditor.js
ERR: 无法加载控制器:View

[ 2018-11-04T12:09:08+08:00 ] 218.92.225.159 /Web/FCKeditor/fckeditor.js
INFO: [ app_begin ] --START--
INFO: Run Behavior\ReadHtmlCache [ RunTime:0.000027s ]
INFO: [ app_begin ] --END-- [ RunTime:0.000090s ]
ERR: 无法加载控制器:Web

[ 2018-11-04T12:09:09+08:00 ] 218.92.225.159 /Fckeditor/fckeditor.js
INFO: [ app_begin ] --START--
INFO: Run Behavior\ReadHtmlCache [ RunTime:0.000031s ]
INFO: [ app_begin ] --END-- [ RunTime:0.000101s ]
ERR: 无法加载控制器:Fckeditor

[ 2018-11-04T12:09:10+08:00 ] 218.92.225.159 /scripts/fckeditor/fckeditor.js
INFO: [ app_begin ] --START--
INFO: Run Behavior\ReadHtmlCache [ RunTime:0.000029s ]
INFO: [ app_begin ] --END-- [ RunTime:0.000093s ]
ERR: 无法加载控制器:Scripts

[ 2018-11-04T12:09:11+08:00 ] 218.92.225.159 /admin/js/fckeditor/fckeditor.js
ERR: 无法加载控制器:Js

[ 2018-11-04T12:09:12+08:00 ] 218.92.225.159 /_admin/fckeditor/fckeditor.js
INFO: [ app_begin ] --START--
INFO: Run Behavior\ReadHtmlCache [ RunTime:0.000031s ]
INFO: [ app_begin ] --END-- [ RunTime:0.000098s ]
ERR: 无法加载控制器:_admin

[ 2018-11-04T12:09:13+08:00 ] 218.92.225.159 /editors/FCKeditor/fckeditor.js
INFO: [ app_begin ] --START--
INFO: Run Behavior\ReadHtmlCache [ RunTime:0.000029s ]
INFO: [ app_begin ] --END-- [ RunTime:0.000095s ]
ERR: 无法加载控制器:Editors

[ 2018-11-04T12:09:13+08:00 ] 218.92.225.159 /manage/fck/fckeditor.js
INFO: [ app_begin ] --START--
INFO: Run Behavior\ReadHtmlCache [ RunTime:0.000028s ]
INFO: [ app_begin ] --END-- [ RunTime:0.000094s ]
ERR: 无法加载控制器:Manage

[ 2018-11-04T12:09:13+08:00 ] 218.92.225.159 /fck/fckeditor.js
INFO: [ app_begin ] --START--
INFO: Run Behavior\ReadHtmlCache [ RunTime:0.000027s ]
INFO: [ app_begin ] --END-- [ RunTime:0.000095s ]
ERR: 无法加载控制器:Fck

[ 2018-11-04T12:09:14+08:00 ] 218.92.225.159 /manage/editor/fckeditor.js
INFO: [ app_begin ] --START--
INFO: Run Behavior\ReadHtmlCache [ RunTime:0.000028s ]
INFO: [ app_begin ] --END-- [ RunTime:0.000096s ]
ERR: 无法加载控制器:Manage

[ 2018-11-04T12:09:15+08:00 ] 218.92.225.159 /system/fckeditor/fckeditor.js
INFO: [ app_begin ] --START--
INFO: Run Behavior\ReadHtmlCache [ RunTime:0.000030s ]
INFO: [ app_begin ] --END-- [ RunTime:0.000099s ]
ERR: 无法加载控制器:System

[ 2018-11-04T12:09:16+08:00 ] 218.92.225.159 /inc/fck/fckeditor.js
INFO: [ app_begin ] --START--
INFO: Run Behavior\ReadHtmlCache [ RunTime:0.000026s ]
INFO: [ app_begin ] --END-- [ RunTime:0.000088s ]
ERR: 无法加载控制器:Inc

[ 2018-11-04T12:09:17+08:00 ] 218.92.225.159 /tools/fckeditor/fckeditor.js
INFO: [ app_begin ] --START--
INFO: Run Behavior\ReadHtmlCache [ RunTime:0.000028s ]
INFO: [ app_begin ] --END-- [ RunTime:0.000090s ]
ERR: 无法加载控制器:Tools

[ 2018-11-04T12:09:17+08:00 ] 218.92.225.159 /server/fckeditor/fckeditor.js
INFO: [ app_begin ] --START--
INFO: Run Behavior\ReadHtmlCache [ RunTime:0.000027s ]
INFO: [ app_begin ] --END-- [ RunTime:0.000087s ]
ERR: 无法加载控制器:Server

[ 2018-11-04T12:09:18+08:00 ] 218.92.225.159 /agents/fckeditor/fckeditor.js
INFO: [ app_begin ] --START--
INFO: Run Behavior\ReadHtmlCache [ RunTime:0.000031s ]
INFO: [ app_begin ] --END-- [ RunTime:0.000102s ]
ERR: 无法加载控制器:Agents

[ 2018-11-04T12:09:19+08:00 ] 218.92.225.159 /public/js/fckeditor/fckeditor.js
INFO: [ app_begin ] --START--
INFO: Run Behavior\ReadHtmlCache [ RunTime:0.000072s ]
INFO: [ app_begin ] --END-- [ RunTime:0.000136s ]
ERR: 无法加载控制器:Public

[ 2018-11-04T12:09:20+08:00 ] 218.92.225.159 /ckeditor/fckeditor.js
INFO: [ app_begin ] --START--
INFO: Run Behavior\ReadHtmlCache [ RunTime:0.000028s ]
INFO: [ app_begin ] --END-- [ RunTime:0.000093s ]
ERR: 无法加载控制器:Ckeditor

[ 2018-11-04T12:09:22+08:00 ] 218.92.225.159 /webmanage/fckeditor/fckeditor.js
INFO: [ app_begin ] --START--
INFO: Run Behavior\ReadHtmlCache [ RunTime:0.000032s ]
INFO: [ app_begin ] --END-- [ RunTime:0.000103s ]
ERR: 无法加载控制器:Webmanage

[ 2018-11-04T12:09:23+08:00 ] 218.92.225.159 /html/fckeditor/fckeditor.js
INFO: [ app_begin ] --START--
INFO: Run Behavior\ReadHtmlCache [ RunTime:0.000027s ]
INFO: [ app_begin ] --END-- [ RunTime:0.000137s ]
ERR: 无法加载控制器:Html

[ 2018-11-04T12:09:24+08:00 ] 218.92.225.159 /webadmin/FCKeditor/fckeditor.js
INFO: [ app_begin ] --START--
INFO: Run Behavior\ReadHtmlCache [ RunTime:0.000026s ]
INFO: [ app_begin ] --END-- [ RunTime:0.000087s ]
ERR: 无法加载控制器:Webadmin

[ 2018-11-04T12:09:24+08:00 ] 218.92.225.159 /sysadmin/fckeditor/fckeditor.js
INFO: [ app_begin ] --START--
INFO: Run Behavior\ReadHtmlCache [ RunTime:0.000028s ]
INFO: [ app_begin ] --END-- [ RunTime:0.000093s ]
ERR: 无法加载控制器:Sysadmin

[ 2018-11-04T12:09:25+08:00 ] 218.92.225.159 /FCKEditorV2/fckeditor.js
INFO: [ app_begin ] --START--
INFO: Run Behavior\ReadHtmlCache [ RunTime:0.000030s ]
INFO: [ app_begin ] --END-- [ RunTime:0.000098s ]
ERR: 无法加载控制器:FCKEditorV2

[ 2018-11-04T12:09:26+08:00 ] 218.92.225.159 /guestbook/fckeditor/fckeditor.js
INFO: [ app_begin ] --START--
INFO: Run Behavior\ReadHtmlCache [ RunTime:0.000029s ]
INFO: [ app_begin ] --END-- [ RunTime:0.000101s ]
ERR: 无法加载控制器:Guestbook

[ 2018-11-04T12:09:27+08:00 ] 218.92.225.159 /webeditor/fckeditor.js
INFO: [ app_begin ] --START--
INFO: Run Behavior\ReadHtmlCache [ RunTime:0.000024s ]
INFO: [ app_begin ] --END-- [ RunTime:0.000084s ]
ERR: 无法加载控制器:Webeditor

[ 2018-11-04T12:09:28+08:00 ] 218.92.225.159 /siteadmin/FCKeditor/fckeditor.js
INFO: [ app_begin ] --START--
INFO: Run Behavior\ReadHtmlCache [ RunTime:0.000032s ]
INFO: [ app_begin ] --END-- [ RunTime:0.000105s ]
ERR: 无法加载控制器:Siteadmin

[ 2018-11-04T12:09:29+08:00 ] 218.92.225.159 /system/ext/FCKeditor/fckeditor.js
INFO: [ app_begin ] --START--
INFO: Run Behavior\ReadHtmlCache [ RunTime:0.000028s ]
INFO: [ app_begin ] --END-- [ RunTime:0.000097s ]
ERR: 无法加载控制器:System

[ 2018-11-04T12:09:30+08:00 ] 218.92.225.159 /Fckeditorold/fckeditor.js
INFO: [ app_begin ] --START--
INFO: Run Behavior\ReadHtmlCache [ RunTime:0.000028s ]
INFO: [ app_begin ] --END-- [ RunTime:0.000091s ]
ERR: 无法加载控制器:Fckeditorold

[ 2018-11-04T12:09:30+08:00 ] 218.92.225.159 /wp-content/plugins/editormonkey/fckeditor/fckeditor.js
INFO: [ app_begin ] --START--
INFO: Run Behavior\ReadHtmlCache [ RunTime:0.000029s ]
INFO: [ app_begin ] --END-- [ RunTime:0.000095s ]
ERR: 无法加载控制器:Wp-content

[ 2018-11-04T12:09:31+08:00 ] 218.92.225.159 /fk/fckeditor.js
INFO: [ app_begin ] --START--
INFO: Run Behavior\ReadHtmlCache [ RunTime:0.000042s ]
INFO: [ app_begin ] --END-- [ RunTime:0.000115s ]
ERR: 无法加载控制器:Fk

[ 2018-11-04T12:09:32+08:00 ] 218.92.225.159 /mag/fckeditor/fckeditor.js
INFO: [ app_begin ] --START--
INFO: Run Behavior\ReadHtmlCache [ RunTime:0.000029s ]
INFO: [ app_begin ] --END-- [ RunTime:0.000106s ]
ERR: 无法加载控制器:Mag

[ 2018-11-04T12:09:33+08:00 ] 218.92.225.159 /Administrator/fckeditor/fckeditor.js
INFO: [ app_begin ] --START--
INFO: Run Behavior\ReadHtmlCache [ RunTime:0.000029s ]
INFO: [ app_begin ] --END-- [ RunTime:0.000103s ]
ERR: 无法加载控制器:Administrator

[ 2018-11-04T12:09:33+08:00 ] 218.92.225.159 /html/fck/fckeditor.js
INFO: [ app_begin ] --START--
INFO: Run Behavior\ReadHtmlCache [ RunTime:0.000027s ]
INFO: [ app_begin ] --END-- [ RunTime:0.000092s ]
ERR: 无法加载控制器:Html

[ 2018-11-04T12:11:21+08:00 ] 110.167.90.142 /
INFO: [ app_begin ] --START--
INFO: Run Behavior\ReadHtmlCache [ RunTime:0.000033s ]
INFO: [ app_begin ] --END-- [ RunTime:0.000103s ]
INFO: [ view_parse ] --START--
INFO: [ template_filter ] --START--
INFO: Run Behavior\ContentReplace [ RunTime:0.000030s ]
INFO: [ template_filter ] --END-- [ RunTime:0.000066s ]
INFO: Run Behavior\ParseTemplate [ RunTime:0.001000s ]
INFO: [ view_parse ] --END-- [ RunTime:0.001050s ]
INFO: [ view_filter ] --START--
INFO: Run Behavior\WriteHtmlCache [ RunTime:0.000035s ]
INFO: [ view_filter ] --END-- [ RunTime:0.000060s ]
INFO: [ app_end ] --START--
INFO: Run Behavior\ShowPageTrace [ RunTime:0.000027s ]
INFO: [ app_end ] --END-- [ RunTime:0.000052s ]

[ 2018-11-04T12:14:26+08:00 ] 202.108.211.56 /
INFO: [ app_begin ] --START--
INFO: Run Behavior\ReadHtmlCache [ RunTime:0.000032s ]
INFO: [ app_begin ] --END-- [ RunTime:0.000101s ]
INFO: [ view_parse ] --START--
INFO: [ template_filter ] --START--
INFO: Run Behavior\ContentReplace [ RunTime:0.000036s ]
INFO: [ template_filter ] --END-- [ RunTime:0.000069s ]
INFO: Run Behavior\ParseTemplate [ RunTime:0.000893s ]
INFO: [ view_parse ] --END-- [ RunTime:0.000931s ]
INFO: [ view_filter ] --START--
INFO: Run Behavior\WriteHtmlCache [ RunTime:0.000048s ]
INFO: [ view_filter ] --END-- [ RunTime:0.000075s ]
INFO: [ app_end ] --START--
INFO: Run Behavior\ShowPageTrace [ RunTime:0.000028s ]
INFO: [ app_end ] --END-- [ RunTime:0.000053s ]

[ 2018-11-04T14:14:41+08:00 ] 183.184.235.194 /
INFO: [ app_begin ] --START--
INFO: Run Behavior\ReadHtmlCache [ RunTime:0.000031s ]
INFO: [ app_begin ] --END-- [ RunTime:0.000100s ]
INFO: [ view_parse ] --START--
INFO: [ template_filter ] --START--
INFO: Run Behavior\ContentReplace [ RunTime:0.000026s ]
INFO: [ template_filter ] --END-- [ RunTime:0.000061s ]
INFO: Run Behavior\ParseTemplate [ RunTime:0.000928s ]
INFO: [ view_parse ] --END-- [ RunTime:0.000970s ]
INFO: [ view_filter ] --START--
INFO: Run Behavior\WriteHtmlCache [ RunTime:0.000032s ]
INFO: [ view_filter ] --END-- [ RunTime:0.000058s ]
INFO: [ app_end ] --START--
INFO: Run Behavior\ShowPageTrace [ RunTime:0.000027s ]
INFO: [ app_end ] --END-- [ RunTime:0.000052s ]

[ 2018-11-04T16:12:28+08:00 ] 117.15.92.112 /
INFO: [ app_begin ] --START--
INFO: Run Behavior\ReadHtmlCache [ RunTime:0.000042s ]
INFO: [ app_begin ] --END-- [ RunTime:0.000109s ]
INFO: [ view_parse ] --START--
INFO: [ template_filter ] --START--
INFO: Run Behavior\ContentReplace [ RunTime:0.000050s ]
INFO: [ template_filter ] --END-- [ RunTime:0.000092s ]
INFO: Run Behavior\ParseTemplate [ RunTime:0.000899s ]
INFO: [ view_parse ] --END-- [ RunTime:0.000945s ]
INFO: [ view_filter ] --START--
INFO: Run Behavior\WriteHtmlCache [ RunTime:0.000040s ]
INFO: [ view_filter ] --END-- [ RunTime:0.000072s ]
INFO: [ app_end ] --START--
INFO: Run Behavior\ShowPageTrace [ RunTime:0.000027s ]
INFO: [ app_end ] --END-- [ RunTime:0.000086s ]

[ 2018-11-04T16:15:16+08:00 ] 52.53.201.78 /
INFO: [ app_begin ] --START--
INFO: Run Behavior\ReadHtmlCache [ RunTime:0.000031s ]
INFO: [ app_begin ] --END-- [ RunTime:0.000097s ]
INFO: [ view_parse ] --START--
INFO: [ template_filter ] --START--
INFO: Run Behavior\ContentReplace [ RunTime:0.000026s ]
INFO: [ template_filter ] --END-- [ RunTime:0.000059s ]
INFO: Run Behavior\ParseTemplate [ RunTime:0.000896s ]
INFO: [ view_parse ] --END-- [ RunTime:0.000937s ]
INFO: [ view_filter ] --START--
INFO: Run Behavior\WriteHtmlCache [ RunTime:0.000032s ]
INFO: [ view_filter ] --END-- [ RunTime:0.000066s ]
INFO: [ app_end ] --START--
INFO: Run Behavior\ShowPageTrace [ RunTime:0.000027s ]
INFO: [ app_end ] --END-- [ RunTime:0.000053s ]

[ 2018-11-04T17:57:03+08:00 ] 106.47.101.143 /
INFO: [ app_begin ] --START--
INFO: Run Behavior\ReadHtmlCache [ RunTime:0.000033s ]
INFO: [ app_begin ] --END-- [ RunTime:0.000125s ]
INFO: [ view_parse ] --START--
INFO: [ template_filter ] --START--
INFO: Run Behavior\ContentReplace [ RunTime:0.000029s ]
INFO: [ template_filter ] --END-- [ RunTime:0.000067s ]
INFO: Run Behavior\ParseTemplate [ RunTime:0.000998s ]
INFO: [ view_parse ] --END-- [ RunTime:0.001065s ]
INFO: [ view_filter ] --START--
INFO: Run Behavior\WriteHtmlCache [ RunTime:0.000049s ]
INFO: [ view_filter ] --END-- [ RunTime:0.000085s ]
INFO: [ app_end ] --START--
INFO: Run Behavior\ShowPageTrace [ RunTime:0.000030s ]
INFO: [ app_end ] --END-- [ RunTime:0.000056s ]

[ 2018-11-04T21:00:33+08:00 ] 218.92.225.159 /
INFO: [ app_begin ] --START--
INFO: Run Behavior\ReadHtmlCache [ RunTime:0.000030s ]
INFO: [ app_begin ] --END-- [ RunTime:0.000140s ]
INFO: [ view_parse ] --START--
INFO: [ template_filter ] --START--
INFO: Run Behavior\ContentReplace [ RunTime:0.000028s ]
INFO: [ template_filter ] --END-- [ RunTime:0.000062s ]
INFO: Run Behavior\ParseTemplate [ RunTime:0.000924s ]
INFO: [ view_parse ] --END-- [ RunTime:0.000961s ]
INFO: [ view_filter ] --START--
INFO: Run Behavior\WriteHtmlCache [ RunTime:0.000031s ]
INFO: [ view_filter ] --END-- [ RunTime:0.000056s ]
INFO: [ app_end ] --START--
INFO: Run Behavior\ShowPageTrace [ RunTime:0.000025s ]
INFO: [ app_end ] --END-- [ RunTime:0.000050s ]

[ 2018-11-04T21:00:33+08:00 ] 218.92.225.159 /composer.json
INFO: [ app_begin ] --START--
INFO: Run Behavior\ReadHtmlCache [ RunTime:0.000027s ]
INFO: [ app_begin ] --END-- [ RunTime:0.000090s ]
ERR: 无法加载控制器:Composer

[ 2018-11-04T23:14:52+08:00 ] 218.92.225.159 /
INFO: [ app_begin ] --START--
INFO: Run Behavior\ReadHtmlCache [ RunTime:0.000029s ]
INFO: [ app_begin ] --END-- [ RunTime:0.000098s ]
INFO: [ view_parse ] --START--
INFO: [ template_filter ] --START--
INFO: Run Behavior\ContentReplace [ RunTime:0.000027s ]
INFO: [ template_filter ] --END-- [ RunTime:0.000060s ]
INFO: Run Behavior\ParseTemplate [ RunTime:0.000930s ]
INFO: [ view_parse ] --END-- [ RunTime:0.000970s ]
INFO: [ view_filter ] --START--
INFO: Run Behavior\WriteHtmlCache [ RunTime:0.000033s ]
INFO: [ view_filter ] --END-- [ RunTime:0.000058s ]
INFO: [ app_end ] --START--
INFO: Run Behavior\ShowPageTrace [ RunTime:0.000028s ]
INFO: [ app_end ] --END-- [ RunTime:0.000053s ]

[ 2018-11-04T23:14:52+08:00 ] 218.92.225.159 /statics/js/cookie.js
INFO: [ app_begin ] --START--
INFO: Run Behavior\ReadHtmlCache [ RunTime:0.000026s ]
INFO: [ app_begin ] --END-- [ RunTime:0.000087s ]
ERR: 无法加载控制器:Statics

