[ 2018-10-14T08:24:26+08:00 ] 106.15.176.145 /
INFO: [ app_begin ] --START--
INFO: Run Behavior\ReadHtmlCache [ RunTime:0.000032s ]
INFO: [ app_begin ] --END-- [ RunTime:0.000099s ]
INFO: [ view_parse ] --START--
INFO: [ template_filter ] --START--
INFO: Run Behavior\ContentReplace [ RunTime:0.000027s ]
INFO: [ template_filter ] --END-- [ RunTime:0.000061s ]
INFO: Run Behavior\ParseTemplate [ RunTime:0.000894s ]
INFO: [ view_parse ] --END-- [ RunTime:0.000931s ]
INFO: [ view_filter ] --START--
INFO: Run Behavior\WriteHtmlCache [ RunTime:0.000030s ]
INFO: [ view_filter ] --END-- [ RunTime:0.000055s ]
INFO: [ app_end ] --START--
INFO: Run Behavior\ShowPageTrace [ RunTime:0.000026s ]
INFO: [ app_end ] --END-- [ RunTime:0.000050s ]

[ 2018-10-14T17:04:35+08:00 ] 47.92.98.215 /
INFO: [ app_begin ] --START--
INFO: Run Behavior\ReadHtmlCache [ RunTime:0.000043s ]
INFO: [ app_begin ] --END-- [ RunTime:0.000116s ]
INFO: [ view_parse ] --START--
INFO: [ template_filter ] --START--
INFO: Run Behavior\ContentReplace [ RunTime:0.000029s ]
INFO: [ template_filter ] --END-- [ RunTime:0.000068s ]
INFO: Run Behavior\ParseTemplate [ RunTime:0.000982s ]
INFO: [ view_parse ] --END-- [ RunTime:0.001025s ]
INFO: [ view_filter ] --START--
INFO: Run Behavior\WriteHtmlCache [ RunTime:0.000033s ]
INFO: [ view_filter ] --END-- [ RunTime:0.000060s ]
INFO: [ app_end ] --START--
INFO: Run Behavior\ShowPageTrace [ RunTime:0.000028s ]
INFO: [ app_end ] --END-- [ RunTime:0.000056s ]

[ 2018-10-14T19:09:59+08:00 ] 222.129.110.18 /app/Index/index_banner
INFO: [ app_begin ] --START--
INFO: Run Behavior\ReadHtmlCache [ RunTime:0.000029s ]
INFO: [ app_begin ] --END-- [ RunTime:0.000095s ]
SQL: SHOW COLUMNS FROM `lx_push` [ RunTime:0.000673s ]
SQL: SELECT `cid`,`banner`,`c_type`,`author` FROM `lx_push` WHERE ( mark=1 ) ORDER BY sort, push_time desc  [ RunTime:0.000298s ]

[ 2018-10-14T19:09:59+08:00 ] 222.129.110.18 /app/Index/getMajor
INFO: [ app_begin ] --START--
INFO: Run Behavior\ReadHtmlCache [ RunTime:0.000043s ]
INFO: [ app_begin ] --END-- [ RunTime:0.000106s ]
NOTIC: [2] mdecrypt_generic(): An empty string was passed /alidata/www/lawwith_test/Application/Common/Api/MCrypt.class.php 第 35 行.
NOTIC: [2] preg_match(): Null byte in regex /alidata/www/lawwith_test/Application/Common/Api/MCrypt.class.php 第 54 行.
NOTIC: [2] mdecrypt_generic(): An empty string was passed /alidata/www/lawwith_test/Application/Common/Api/MCrypt.class.php 第 35 行.
NOTIC: [2] preg_match(): Null byte in regex /alidata/www/lawwith_test/Application/Common/Api/MCrypt.class.php 第 54 行.
SQL: SHOW COLUMNS FROM `lx_major` [ RunTime:0.000628s ]
SQL: SELECT `id`,`major_name`,`pid` FROM `lx_major` WHERE ( status=1 ) ORDER BY sort  [ RunTime:0.000305s ]

[ 2018-10-14T19:09:59+08:00 ] 222.129.110.18 /app/Index/helps_list
INFO: [ app_begin ] --START--
INFO: Run Behavior\ReadHtmlCache [ RunTime:0.000024s ]
INFO: [ app_begin ] --END-- [ RunTime:0.000091s ]
SQL: SHOW COLUMNS FROM `lx_resource` [ RunTime:0.000789s ]
SQL: SELECT COUNT(*) AS tp_count FROM `lx_resource` WHERE ( `status` = 1 ) AND ( `type` = 2 ) LIMIT 1   [ RunTime:0.005700s ]
SQL: SELECT `id`,`title`,`content`,`author`,`tag_city`,`tag_major`,`imgs`,`views`,`send_time`,`tbd_id`,`inviters`,`type`,`status`,`is_nym`,`is_admin`,`is_money`,`red_status`,`redpack_id`,`is_reward`,`reward_money` FROM `lx_resource` WHERE ( `status` = 1 ) AND ( `type` = 2 ) ORDER BY `is_stick` asc,`send_time` desc LIMIT 0,20   [ RunTime:0.006061s ]
SQL: SHOW COLUMNS FROM `lx_resource_comment` [ RunTime:0.000564s ]
SQL: SELECT count(*) as counts FROM `lx_resource_comment` WHERE ( 1=1 AND rid='3044' ) LIMIT 1   [ RunTime:0.000764s ]
SQL: SELECT * FROM `lx_resource_comment` WHERE ( 1=1 AND rid='3044' )  [ RunTime:0.001271s ]
SQL: SHOW COLUMNS FROM `lx_resource_favorite` [ RunTime:0.000374s ]
SQL: SELECT count(*) as counts FROM `lx_resource_favorite` WHERE ( 1=1 AND rid='3044' ) LIMIT 1   [ RunTime:0.001975s ]
SQL: SELECT `uid`,`time` FROM `lx_resource_favorite` WHERE ( 1=1 AND rid='3044' ) ORDER BY time desc  [ RunTime:0.000378s ]
SQL: SHOW COLUMNS FROM `lx_account` [ RunTime:0.000644s ]
SQL: SELECT `id`,`uname`,`mobile`,`icon`,`law`,`company`,`position`,`school`,`type`,`status` FROM `lx_account` WHERE ( 1=1 AND id='5795' ) LIMIT 1   [ RunTime:0.000162s ]
SQL: SHOW COLUMNS FROM `lx_bonus_log` [ RunTime:0.000420s ]
SQL: SELECT `rd_id`,`amount`,`payment_time`,`pay_user`,`get_user`,`type`,`commission` FROM `lx_bonus_log` WHERE ( 1=1 AND res_id='3044' )  [ RunTime:0.000649s ]
SQL: SHOW COLUMNS FROM `lx_bonus_conf` [ RunTime:0.000395s ]
SQL: SELECT * FROM `lx_bonus_conf` WHERE ( 1=1 AND conf_id='' ) LIMIT 1   [ RunTime:0.000140s ]
SQL: SELECT count(*) as counts FROM `lx_resource_comment` WHERE ( 1=1 AND rid='3037' ) LIMIT 1   [ RunTime:0.000639s ]
SQL: SELECT * FROM `lx_resource_comment` WHERE ( 1=1 AND rid='3037' )  [ RunTime:0.001220s ]
SQL: SELECT count(*) as counts FROM `lx_resource_favorite` WHERE ( 1=1 AND rid='3037' ) LIMIT 1   [ RunTime:0.000327s ]
SQL: SELECT `uid`,`time` FROM `lx_resource_favorite` WHERE ( 1=1 AND rid='3037' ) ORDER BY time desc  [ RunTime:0.000387s ]
SQL: SELECT `id`,`uname`,`mobile`,`icon`,`law`,`company`,`position`,`school`,`type`,`status` FROM `lx_account` WHERE ( 1=1 AND id='5795' ) LIMIT 1   [ RunTime:0.000148s ]
SQL: SELECT `rd_id`,`amount`,`payment_time`,`pay_user`,`get_user`,`type`,`commission` FROM `lx_bonus_log` WHERE ( 1=1 AND res_id='3037' )  [ RunTime:0.000648s ]
SQL: SELECT * FROM `lx_bonus_conf` WHERE ( 1=1 AND conf_id='' ) LIMIT 1   [ RunTime:0.000134s ]
SQL: SELECT count(*) as counts FROM `lx_resource_comment` WHERE ( 1=1 AND rid='3036' ) LIMIT 1   [ RunTime:0.000644s ]
SQL: SELECT * FROM `lx_resource_comment` WHERE ( 1=1 AND rid='3036' )  [ RunTime:0.001139s ]
SQL: SELECT count(*) as counts FROM `lx_resource_favorite` WHERE ( 1=1 AND rid='3036' ) LIMIT 1   [ RunTime:0.000310s ]
SQL: SELECT `uid`,`time` FROM `lx_resource_favorite` WHERE ( 1=1 AND rid='3036' ) ORDER BY time desc  [ RunTime:0.000356s ]
SQL: SELECT `id`,`uname`,`mobile`,`icon`,`law`,`company`,`position`,`school`,`type`,`status` FROM `lx_account` WHERE ( 1=1 AND id='5795' ) LIMIT 1   [ RunTime:0.000141s ]
SQL: SELECT `rd_id`,`amount`,`payment_time`,`pay_user`,`get_user`,`type`,`commission` FROM `lx_bonus_log` WHERE ( 1=1 AND res_id='3036' )  [ RunTime:0.000639s ]
SQL: SELECT * FROM `lx_bonus_conf` WHERE ( 1=1 AND conf_id='' ) LIMIT 1   [ RunTime:0.000115s ]
SQL: SELECT count(*) as counts FROM `lx_resource_comment` WHERE ( 1=1 AND rid='3035' ) LIMIT 1   [ RunTime:0.000634s ]
SQL: SELECT * FROM `lx_resource_comment` WHERE ( 1=1 AND rid='3035' )  [ RunTime:0.001122s ]
SQL: SELECT count(*) as counts FROM `lx_resource_favorite` WHERE ( 1=1 AND rid='3035' ) LIMIT 1   [ RunTime:0.000414s ]
SQL: SELECT `uid`,`time` FROM `lx_resource_favorite` WHERE ( 1=1 AND rid='3035' ) ORDER BY time desc  [ RunTime:0.000341s ]
SQL: SELECT `id`,`uname`,`mobile`,`icon`,`law`,`company`,`position`,`school`,`type`,`status` FROM `lx_account` WHERE ( 1=1 AND id='5788' ) LIMIT 1   [ RunTime:0.000186s ]
SQL: SELECT `rd_id`,`amount`,`payment_time`,`pay_user`,`get_user`,`type`,`commission` FROM `lx_bonus_log` WHERE ( 1=1 AND res_id='3035' )  [ RunTime:0.000621s ]
SQL: SELECT * FROM `lx_bonus_conf` WHERE ( 1=1 AND conf_id='' ) LIMIT 1   [ RunTime:0.000114s ]
SQL: SELECT count(*) as counts FROM `lx_resource_comment` WHERE ( 1=1 AND rid='3027' ) LIMIT 1   [ RunTime:0.000635s ]
SQL: SELECT * FROM `lx_resource_comment` WHERE ( 1=1 AND rid='3027' )  [ RunTime:0.001132s ]
SQL: SELECT count(*) as counts FROM `lx_resource_favorite` WHERE ( 1=1 AND rid='3027' ) LIMIT 1   [ RunTime:0.000316s ]
SQL: SELECT `uid`,`time` FROM `lx_resource_favorite` WHERE ( 1=1 AND rid='3027' ) ORDER BY time desc  [ RunTime:0.000382s ]
SQL: SELECT `id`,`uname`,`mobile`,`icon`,`law`,`company`,`position`,`school`,`type`,`status` FROM `lx_account` WHERE ( 1=1 AND id='24' ) LIMIT 1   [ RunTime:0.000182s ]
SQL: SELECT `rd_id`,`amount`,`payment_time`,`pay_user`,`get_user`,`type`,`commission` FROM `lx_bonus_log` WHERE ( 1=1 AND res_id='3027' )  [ RunTime:0.001050s ]
SQL: SELECT * FROM `lx_bonus_conf` WHERE ( 1=1 AND conf_id='' ) LIMIT 1   [ RunTime:0.000151s ]
SQL: SELECT count(*) as counts FROM `lx_resource_comment` WHERE ( 1=1 AND rid='3025' ) LIMIT 1   [ RunTime:0.001082s ]
SQL: SELECT * FROM `lx_resource_comment` WHERE ( 1=1 AND rid='3025' )  [ RunTime:0.001134s ]
SQL: SELECT count(*) as counts FROM `lx_resource_favorite` WHERE ( 1=1 AND rid='3025' ) LIMIT 1   [ RunTime:0.000344s ]
SQL: SELECT `uid`,`time` FROM `lx_resource_favorite` WHERE ( 1=1 AND rid='3025' ) ORDER BY time desc  [ RunTime:0.000362s ]
SQL: SELECT `id`,`uname`,`mobile`,`icon`,`law`,`company`,`position`,`school`,`type`,`status` FROM `lx_account` WHERE ( 1=1 AND id='3' ) LIMIT 1   [ RunTime:0.000145s ]
SQL: SELECT `rd_id`,`amount`,`payment_time`,`pay_user`,`get_user`,`type`,`commission` FROM `lx_bonus_log` WHERE ( 1=1 AND res_id='3025' )  [ RunTime:0.000624s ]
SQL: SELECT * FROM `lx_bonus_conf` WHERE ( 1=1 AND conf_id='' ) LIMIT 1   [ RunTime:0.000120s ]
SQL: SELECT count(*) as counts FROM `lx_resource_comment` WHERE ( 1=1 AND rid='3023' ) LIMIT 1   [ RunTime:0.000634s ]
SQL: SELECT * FROM `lx_resource_comment` WHERE ( 1=1 AND rid='3023' )  [ RunTime:0.001126s ]
SQL: SELECT count(*) as counts FROM `lx_resource_favorite` WHERE ( 1=1 AND rid='3023' ) LIMIT 1   [ RunTime:0.000321s ]
SQL: SELECT `uid`,`time` FROM `lx_resource_favorite` WHERE ( 1=1 AND rid='3023' ) ORDER BY time desc  [ RunTime:0.000336s ]
SQL: SELECT `id`,`uname`,`mobile`,`icon`,`law`,`company`,`position`,`school`,`type`,`status` FROM `lx_account` WHERE ( 1=1 AND id='24' ) LIMIT 1   [ RunTime:0.000138s ]
SQL: SELECT `rd_id`,`amount`,`payment_time`,`pay_user`,`get_user`,`type`,`commission` FROM `lx_bonus_log` WHERE ( 1=1 AND res_id='3023' )  [ RunTime:0.000616s ]
SQL: SELECT * FROM `lx_bonus_conf` WHERE ( 1=1 AND conf_id='' ) LIMIT 1   [ RunTime:0.000117s ]
SQL: SELECT count(*) as counts FROM `lx_resource_comment` WHERE ( 1=1 AND rid='3020' ) LIMIT 1   [ RunTime:0.000640s ]
SQL: SELECT * FROM `lx_resource_comment` WHERE ( 1=1 AND rid='3020' )  [ RunTime:0.001121s ]
SQL: SELECT count(*) as counts FROM `lx_resource_favorite` WHERE ( 1=1 AND rid='3020' ) LIMIT 1   [ RunTime:0.000338s ]
SQL: SELECT `uid`,`time` FROM `lx_resource_favorite` WHERE ( 1=1 AND rid='3020' ) ORDER BY time desc  [ RunTime:0.000376s ]
SQL: SELECT `id`,`uname`,`mobile`,`icon`,`law`,`company`,`position`,`school`,`type`,`status` FROM `lx_account` WHERE ( 1=1 AND id='3' ) LIMIT 1   [ RunTime:0.000147s ]
SQL: SELECT `rd_id`,`amount`,`payment_time`,`pay_user`,`get_user`,`type`,`commission` FROM `lx_bonus_log` WHERE ( 1=1 AND res_id='3020' )  [ RunTime:0.000662s ]
SQL: SELECT * FROM `lx_bonus_conf` WHERE ( 1=1 AND conf_id='' ) LIMIT 1   [ RunTime:0.000121s ]
SQL: SELECT count(*) as counts FROM `lx_resource_comment` WHERE ( 1=1 AND rid='3019' ) LIMIT 1   [ RunTime:0.000635s ]
SQL: SELECT * FROM `lx_resource_comment` WHERE ( 1=1 AND rid='3019' )  [ RunTime:0.001141s ]
SQL: SELECT count(*) as counts FROM `lx_resource_favorite` WHERE ( 1=1 AND rid='3019' ) LIMIT 1   [ RunTime:0.000317s ]
SQL: SELECT `uid`,`time` FROM `lx_resource_favorite` WHERE ( 1=1 AND rid='3019' ) ORDER BY time desc  [ RunTime:0.000338s ]
SQL: SELECT `id`,`uname`,`mobile`,`icon`,`law`,`company`,`position`,`school`,`type`,`status` FROM `lx_account` WHERE ( 1=1 AND id='3' ) LIMIT 1   [ RunTime:0.000137s ]
SQL: SELECT `rd_id`,`amount`,`payment_time`,`pay_user`,`get_user`,`type`,`commission` FROM `lx_bonus_log` WHERE ( 1=1 AND res_id='3019' )  [ RunTime:0.000615s ]
SQL: SELECT * FROM `lx_bonus_conf` WHERE ( 1=1 AND conf_id='' ) LIMIT 1   [ RunTime:0.000116s ]
SQL: SELECT count(*) as counts FROM `lx_resource_comment` WHERE ( 1=1 AND rid='3018' ) LIMIT 1   [ RunTime:0.000631s ]
SQL: SELECT * FROM `lx_resource_comment` WHERE ( 1=1 AND rid='3018' )  [ RunTime:0.001135s ]
SQL: SELECT count(*) as counts FROM `lx_resource_favorite` WHERE ( 1=1 AND rid='3018' ) LIMIT 1   [ RunTime:0.000323s ]
SQL: SELECT `uid`,`time` FROM `lx_resource_favorite` WHERE ( 1=1 AND rid='3018' ) ORDER BY time desc  [ RunTime:0.000346s ]
SQL: SELECT `id`,`uname`,`mobile`,`icon`,`law`,`company`,`position`,`school`,`type`,`status` FROM `lx_account` WHERE ( 1=1 AND id='5788' ) LIMIT 1   [ RunTime:0.000189s ]
SQL: SELECT `rd_id`,`amount`,`payment_time`,`pay_user`,`get_user`,`type`,`commission` FROM `lx_bonus_log` WHERE ( 1=1 AND res_id='3018' )  [ RunTime:0.000648s ]
SQL: SELECT * FROM `lx_bonus_conf` WHERE ( 1=1 AND conf_id='' ) LIMIT 1   [ RunTime:0.000116s ]
SQL: SELECT count(*) as counts FROM `lx_resource_comment` WHERE ( 1=1 AND rid='3017' ) LIMIT 1   [ RunTime:0.000631s ]
SQL: SELECT * FROM `lx_resource_comment` WHERE ( 1=1 AND rid='3017' )  [ RunTime:0.001122s ]
SQL: SELECT count(*) as counts FROM `lx_resource_favorite` WHERE ( 1=1 AND rid='3017' ) LIMIT 1   [ RunTime:0.000316s ]
SQL: SELECT `uid`,`time` FROM `lx_resource_favorite` WHERE ( 1=1 AND rid='3017' ) ORDER BY time desc  [ RunTime:0.000365s ]
SQL: SELECT `id`,`uname`,`mobile`,`icon`,`law`,`company`,`position`,`school`,`type`,`status` FROM `lx_account` WHERE ( 1=1 AND id='3' ) LIMIT 1   [ RunTime:0.000149s ]
SQL: SELECT `rd_id`,`amount`,`payment_time`,`pay_user`,`get_user`,`type`,`commission` FROM `lx_bonus_log` WHERE ( 1=1 AND res_id='3017' )  [ RunTime:0.000615s ]
SQL: SELECT * FROM `lx_bonus_conf` WHERE ( 1=1 AND conf_id='' ) LIMIT 1   [ RunTime:0.000114s ]
SQL: SELECT count(*) as counts FROM `lx_resource_comment` WHERE ( 1=1 AND rid='3016' ) LIMIT 1   [ RunTime:0.000628s ]
SQL: SELECT * FROM `lx_resource_comment` WHERE ( 1=1 AND rid='3016' )  [ RunTime:0.001124s ]
SQL: SELECT count(*) as counts FROM `lx_resource_favorite` WHERE ( 1=1 AND rid='3016' ) LIMIT 1   [ RunTime:0.000322s ]
SQL: SELECT `uid`,`time` FROM `lx_resource_favorite` WHERE ( 1=1 AND rid='3016' ) ORDER BY time desc  [ RunTime:0.000340s ]
SQL: SELECT `id`,`uname`,`mobile`,`icon`,`law`,`company`,`position`,`school`,`type`,`status` FROM `lx_account` WHERE ( 1=1 AND id='5788' ) LIMIT 1   [ RunTime:0.000185s ]
SQL: SELECT `rd_id`,`amount`,`payment_time`,`pay_user`,`get_user`,`type`,`commission` FROM `lx_bonus_log` WHERE ( 1=1 AND res_id='3016' )  [ RunTime:0.000621s ]
SQL: SELECT * FROM `lx_bonus_conf` WHERE ( 1=1 AND conf_id='' ) LIMIT 1   [ RunTime:0.000113s ]
SQL: SELECT count(*) as counts FROM `lx_resource_comment` WHERE ( 1=1 AND rid='3015' ) LIMIT 1   [ RunTime:0.000636s ]
SQL: SELECT * FROM `lx_resource_comment` WHERE ( 1=1 AND rid='3015' )  [ RunTime:0.001115s ]
SQL: SELECT count(*) as counts FROM `lx_resource_favorite` WHERE ( 1=1 AND rid='3015' ) LIMIT 1   [ RunTime:0.000316s ]
SQL: SELECT `uid`,`time` FROM `lx_resource_favorite` WHERE ( 1=1 AND rid='3015' ) ORDER BY time desc  [ RunTime:0.000335s ]
SQL: SELECT `id`,`uname`,`mobile`,`icon`,`law`,`company`,`position`,`school`,`type`,`status` FROM `lx_account` WHERE ( 1=1 AND id='5788' ) LIMIT 1   [ RunTime:0.000185s ]
SQL: SELECT `rd_id`,`amount`,`payment_time`,`pay_user`,`get_user`,`type`,`commission` FROM `lx_bonus_log` WHERE ( 1=1 AND res_id='3015' )  [ RunTime:0.000623s ]
SQL: SELECT * FROM `lx_bonus_conf` WHERE ( 1=1 AND conf_id='' ) LIMIT 1   [ RunTime:0.000116s ]
SQL: SELECT count(*) as counts FROM `lx_resource_comment` WHERE ( 1=1 AND rid='3014' ) LIMIT 1   [ RunTime:0.000643s ]
SQL: SELECT * FROM `lx_resource_comment` WHERE ( 1=1 AND rid='3014' )  [ RunTime:0.001166s ]
SQL: SELECT count(*) as counts FROM `lx_resource_favorite` WHERE ( 1=1 AND rid='3014' ) LIMIT 1   [ RunTime:0.000334s ]
SQL: SELECT `uid`,`time` FROM `lx_resource_favorite` WHERE ( 1=1 AND rid='3014' ) ORDER BY time desc  [ RunTime:0.000344s ]
SQL: SELECT `id`,`uname`,`mobile`,`icon`,`law`,`company`,`position`,`school`,`type`,`status` FROM `lx_account` WHERE ( 1=1 AND id='5793' ) LIMIT 1   [ RunTime:0.000140s ]
SQL: SELECT `rd_id`,`amount`,`payment_time`,`pay_user`,`get_user`,`type`,`commission` FROM `lx_bonus_log` WHERE ( 1=1 AND res_id='3014' )  [ RunTime:0.000635s ]
SQL: SELECT * FROM `lx_bonus_conf` WHERE ( 1=1 AND conf_id='' ) LIMIT 1   [ RunTime:0.000118s ]
SQL: SELECT count(*) as counts FROM `lx_resource_comment` WHERE ( 1=1 AND rid='3013' ) LIMIT 1   [ RunTime:0.000686s ]
SQL: SELECT * FROM `lx_resource_comment` WHERE ( 1=1 AND rid='3013' )  [ RunTime:0.001132s ]
SQL: SELECT count(*) as counts FROM `lx_resource_favorite` WHERE ( 1=1 AND rid='3013' ) LIMIT 1   [ RunTime:0.000316s ]
SQL: SELECT `uid`,`time` FROM `lx_resource_favorite` WHERE ( 1=1 AND rid='3013' ) ORDER BY time desc  [ RunTime:0.000341s ]
SQL: SELECT `id`,`uname`,`mobile`,`icon`,`law`,`company`,`position`,`school`,`type`,`status` FROM `lx_account` WHERE ( 1=1 AND id='24' ) LIMIT 1   [ RunTime:0.000138s ]
SQL: SELECT `rd_id`,`amount`,`payment_time`,`pay_user`,`get_user`,`type`,`commission` FROM `lx_bonus_log` WHERE ( 1=1 AND res_id='3013' )  [ RunTime:0.000617s ]
SQL: SELECT * FROM `lx_bonus_conf` WHERE ( 1=1 AND conf_id='' ) LIMIT 1   [ RunTime:0.000113s ]
SQL: SELECT count(*) as counts FROM `lx_resource_comment` WHERE ( 1=1 AND rid='3012' ) LIMIT 1   [ RunTime:0.000646s ]
SQL: SELECT * FROM `lx_resource_comment` WHERE ( 1=1 AND rid='3012' )  [ RunTime:0.001321s ]
SQL: SELECT count(*) as counts FROM `lx_resource_favorite` WHERE ( 1=1 AND rid='3012' ) LIMIT 1   [ RunTime:0.000507s ]
SQL: SELECT `uid`,`time` FROM `lx_resource_favorite` WHERE ( 1=1 AND rid='3012' ) ORDER BY time desc  [ RunTime:0.000447s ]
SQL: SELECT `id`,`uname`,`mobile`,`icon`,`law`,`company`,`position`,`school`,`type`,`status` FROM `lx_account` WHERE ( 1=1 AND id='5793' ) LIMIT 1   [ RunTime:0.000174s ]
SQL: SELECT `rd_id`,`amount`,`payment_time`,`pay_user`,`get_user`,`type`,`commission` FROM `lx_bonus_log` WHERE ( 1=1 AND res_id='3012' )  [ RunTime:0.000673s ]
SQL: SELECT * FROM `lx_bonus_conf` WHERE ( 1=1 AND conf_id='' ) LIMIT 1   [ RunTime:0.000132s ]
SQL: SELECT count(*) as counts FROM `lx_resource_comment` WHERE ( 1=1 AND rid='3011' ) LIMIT 1   [ RunTime:0.000681s ]
SQL: SELECT * FROM `lx_resource_comment` WHERE ( 1=1 AND rid='3011' )  [ RunTime:0.001166s ]
SQL: SELECT count(*) as counts FROM `lx_resource_favorite` WHERE ( 1=1 AND rid='3011' ) LIMIT 1   [ RunTime:0.000318s ]
SQL: SELECT `uid`,`time` FROM `lx_resource_favorite` WHERE ( 1=1 AND rid='3011' ) ORDER BY time desc  [ RunTime:0.000346s ]
SQL: SELECT `id`,`uname`,`mobile`,`icon`,`law`,`company`,`position`,`school`,`type`,`status` FROM `lx_account` WHERE ( 1=1 AND id='5793' ) LIMIT 1   [ RunTime:0.000139s ]
SQL: SELECT `rd_id`,`amount`,`payment_time`,`pay_user`,`get_user`,`type`,`commission` FROM `lx_bonus_log` WHERE ( 1=1 AND res_id='3011' )  [ RunTime:0.000628s ]
SQL: SELECT * FROM `lx_bonus_conf` WHERE ( 1=1 AND conf_id='' ) LIMIT 1   [ RunTime:0.000118s ]
SQL: SELECT count(*) as counts FROM `lx_resource_comment` WHERE ( 1=1 AND rid='3010' ) LIMIT 1   [ RunTime:0.000636s ]
SQL: SELECT * FROM `lx_resource_comment` WHERE ( 1=1 AND rid='3010' )  [ RunTime:0.001137s ]
SQL: SELECT count(*) as counts FROM `lx_resource_favorite` WHERE ( 1=1 AND rid='3010' ) LIMIT 1   [ RunTime:0.000310s ]
SQL: SELECT `uid`,`time` FROM `lx_resource_favorite` WHERE ( 1=1 AND rid='3010' ) ORDER BY time desc  [ RunTime:0.000345s ]
SQL: SELECT `id`,`uname`,`mobile`,`icon`,`law`,`company`,`position`,`school`,`type`,`status` FROM `lx_account` WHERE ( 1=1 AND id='5793' ) LIMIT 1   [ RunTime:0.000177s ]
SQL: SELECT `rd_id`,`amount`,`payment_time`,`pay_user`,`get_user`,`type`,`commission` FROM `lx_bonus_log` WHERE ( 1=1 AND res_id='3010' )  [ RunTime:0.000637s ]
SQL: SELECT * FROM `lx_bonus_conf` WHERE ( 1=1 AND conf_id='' ) LIMIT 1   [ RunTime:0.000151s ]
SQL: SELECT count(*) as counts FROM `lx_resource_comment` WHERE ( 1=1 AND rid='3009' ) LIMIT 1   [ RunTime:0.000641s ]
SQL: SELECT * FROM `lx_resource_comment` WHERE ( 1=1 AND rid='3009' )  [ RunTime:0.001148s ]
SQL: SELECT count(*) as counts FROM `lx_resource_favorite` WHERE ( 1=1 AND rid='3009' ) LIMIT 1   [ RunTime:0.000319s ]
SQL: SELECT `uid`,`time` FROM `lx_resource_favorite` WHERE ( 1=1 AND rid='3009' ) ORDER BY time desc  [ RunTime:0.000341s ]
SQL: SELECT `id`,`uname`,`mobile`,`icon`,`law`,`company`,`position`,`school`,`type`,`status` FROM `lx_account` WHERE ( 1=1 AND id='5793' ) LIMIT 1   [ RunTime:0.000137s ]
SQL: SELECT `rd_id`,`amount`,`payment_time`,`pay_user`,`get_user`,`type`,`commission` FROM `lx_bonus_log` WHERE ( 1=1 AND res_id='3009' )  [ RunTime:0.000616s ]
SQL: SELECT * FROM `lx_bonus_conf` WHERE ( 1=1 AND conf_id='' ) LIMIT 1   [ RunTime:0.000122s ]
SQL: SELECT count(*) as counts FROM `lx_resource_comment` WHERE ( 1=1 AND rid='3008' ) LIMIT 1   [ RunTime:0.000633s ]
SQL: SELECT * FROM `lx_resource_comment` WHERE ( 1=1 AND rid='3008' )  [ RunTime:0.001143s ]
SQL: SELECT count(*) as counts FROM `lx_resource_favorite` WHERE ( 1=1 AND rid='3008' ) LIMIT 1   [ RunTime:0.000316s ]
SQL: SELECT `uid`,`time` FROM `lx_resource_favorite` WHERE ( 1=1 AND rid='3008' ) ORDER BY time desc  [ RunTime:0.000341s ]
SQL: SELECT `id`,`uname`,`mobile`,`icon`,`law`,`company`,`position`,`school`,`type`,`status` FROM `lx_account` WHERE ( 1=1 AND id='5793' ) LIMIT 1   [ RunTime:0.000135s ]
SQL: SELECT `rd_id`,`amount`,`payment_time`,`pay_user`,`get_user`,`type`,`commission` FROM `lx_bonus_log` WHERE ( 1=1 AND res_id='3008' )  [ RunTime:0.000614s ]
SQL: SELECT * FROM `lx_bonus_conf` WHERE ( 1=1 AND conf_id='' ) LIMIT 1   [ RunTime:0.000113s ]
SQL: SHOW COLUMNS FROM `lx_laws` [ RunTime:0.000628s ]
SQL: SELECT `law_name` FROM `lx_laws` WHERE ( `id` = 12647 ) AND ( `status` = 1 ) LIMIT 1   [ RunTime:0.000130s ]
NOTIC: [8] Undefined index: is_reward /alidata/www/lawwith_test/Application/App/Controller/IndexController.class.php 第 60 行.
NOTIC: [8] Undefined index: reward_money /alidata/www/lawwith_test/Application/App/Controller/IndexController.class.php 第 61 行.
SQL: SELECT `law_name` FROM `lx_laws` WHERE ( `id` = 12647 ) AND ( `status` = 1 ) LIMIT 1   [ RunTime:0.000109s ]
NOTIC: [8] Undefined index: is_reward /alidata/www/lawwith_test/Application/App/Controller/IndexController.class.php 第 60 行.
NOTIC: [8] Undefined index: reward_money /alidata/www/lawwith_test/Application/App/Controller/IndexController.class.php 第 61 行.
SQL: SELECT `law_name` FROM `lx_laws` WHERE ( `id` = 12647 ) AND ( `status` = 1 ) LIMIT 1   [ RunTime:0.000108s ]
NOTIC: [8] Undefined index: is_reward /alidata/www/lawwith_test/Application/App/Controller/IndexController.class.php 第 60 行.
NOTIC: [8] Undefined index: reward_money /alidata/www/lawwith_test/Application/App/Controller/IndexController.class.php 第 61 行.
SQL: SELECT `law_name` FROM `lx_laws` WHERE ( `id` = 12647 ) AND ( `status` = 1 ) LIMIT 1   [ RunTime:0.000096s ]
NOTIC: [8] Undefined index: is_reward /alidata/www/lawwith_test/Application/App/Controller/IndexController.class.php 第 60 行.
NOTIC: [8] Undefined index: reward_money /alidata/www/lawwith_test/Application/App/Controller/IndexController.class.php 第 61 行.
SQL: SELECT `law_name` FROM `lx_laws` WHERE ( `id` = 12647 ) AND ( `status` = 1 ) LIMIT 1   [ RunTime:0.000085s ]
NOTIC: [8] Undefined index: is_reward /alidata/www/lawwith_test/Application/App/Controller/IndexController.class.php 第 60 行.
NOTIC: [8] Undefined index: reward_money /alidata/www/lawwith_test/Application/App/Controller/IndexController.class.php 第 61 行.
SQL: SELECT `law_name` FROM `lx_laws` WHERE ( `id` = 12647 ) AND ( `status` = 1 ) LIMIT 1   [ RunTime:0.000085s ]
NOTIC: [8] Undefined index: is_reward /alidata/www/lawwith_test/Application/App/Controller/IndexController.class.php 第 60 行.
NOTIC: [8] Undefined index: reward_money /alidata/www/lawwith_test/Application/App/Controller/IndexController.class.php 第 61 行.
SQL: SELECT `law_name` FROM `lx_laws` WHERE ( `id` = 12647 ) AND ( `status` = 1 ) LIMIT 1   [ RunTime:0.000083s ]
NOTIC: [8] Undefined index: is_reward /alidata/www/lawwith_test/Application/App/Controller/IndexController.class.php 第 60 行.
NOTIC: [8] Undefined index: reward_money /alidata/www/lawwith_test/Application/App/Controller/IndexController.class.php 第 61 行.
SQL: SELECT `law_name` FROM `lx_laws` WHERE ( `id` = 12647 ) AND ( `status` = 1 ) LIMIT 1   [ RunTime:0.000094s ]
NOTIC: [8] Undefined index: is_reward /alidata/www/lawwith_test/Application/App/Controller/IndexController.class.php 第 60 行.
NOTIC: [8] Undefined index: reward_money /alidata/www/lawwith_test/Application/App/Controller/IndexController.class.php 第 61 行.
SQL: SELECT `law_name` FROM `lx_laws` WHERE ( `id` = 12647 ) AND ( `status` = 1 ) LIMIT 1   [ RunTime:0.000083s ]
NOTIC: [8] Undefined index: is_reward /alidata/www/lawwith_test/Application/App/Controller/IndexController.class.php 第 60 行.
NOTIC: [8] Undefined index: reward_money /alidata/www/lawwith_test/Application/App/Controller/IndexController.class.php 第 61 行.
SQL: SELECT `law_name` FROM `lx_laws` WHERE ( `id` = 12647 ) AND ( `status` = 1 ) LIMIT 1   [ RunTime:0.000083s ]
NOTIC: [8] Undefined index: is_reward /alidata/www/lawwith_test/Application/App/Controller/IndexController.class.php 第 60 行.
NOTIC: [8] Undefined index: reward_money /alidata/www/lawwith_test/Application/App/Controller/IndexController.class.php 第 61 行.
SQL: SELECT `law_name` FROM `lx_laws` WHERE ( `id` = 12647 ) AND ( `status` = 1 ) LIMIT 1   [ RunTime:0.000082s ]
NOTIC: [8] Undefined index: is_reward /alidata/www/lawwith_test/Application/App/Controller/IndexController.class.php 第 60 行.
NOTIC: [8] Undefined index: reward_money /alidata/www/lawwith_test/Application/App/Controller/IndexController.class.php 第 61 行.
SQL: SELECT `law_name` FROM `lx_laws` WHERE ( `id` = 12647 ) AND ( `status` = 1 ) LIMIT 1   [ RunTime:0.000081s ]
NOTIC: [8] Undefined index: is_reward /alidata/www/lawwith_test/Application/App/Controller/IndexController.class.php 第 60 行.
NOTIC: [8] Undefined index: reward_money /alidata/www/lawwith_test/Application/App/Controller/IndexController.class.php 第 61 行.
SQL: SELECT `law_name` FROM `lx_laws` WHERE ( `id` = 12647 ) AND ( `status` = 1 ) LIMIT 1   [ RunTime:0.000082s ]
NOTIC: [8] Undefined index: is_reward /alidata/www/lawwith_test/Application/App/Controller/IndexController.class.php 第 60 行.
NOTIC: [8] Undefined index: reward_money /alidata/www/lawwith_test/Application/App/Controller/IndexController.class.php 第 61 行.
SQL: SELECT `law_name` FROM `lx_laws` WHERE ( `id` = 12647 ) AND ( `status` = 1 ) LIMIT 1   [ RunTime:0.000086s ]
NOTIC: [8] Undefined index: is_reward /alidata/www/lawwith_test/Application/App/Controller/IndexController.class.php 第 60 行.
NOTIC: [8] Undefined index: reward_money /alidata/www/lawwith_test/Application/App/Controller/IndexController.class.php 第 61 行.
SQL: SELECT `law_name` FROM `lx_laws` WHERE ( `id` = 12647 ) AND ( `status` = 1 ) LIMIT 1   [ RunTime:0.000089s ]
NOTIC: [8] Undefined index: is_reward /alidata/www/lawwith_test/Application/App/Controller/IndexController.class.php 第 60 行.
NOTIC: [8] Undefined index: reward_money /alidata/www/lawwith_test/Application/App/Controller/IndexController.class.php 第 61 行.
SQL: SELECT `law_name` FROM `lx_laws` WHERE ( `id` = 12647 ) AND ( `status` = 1 ) LIMIT 1   [ RunTime:0.000083s ]
NOTIC: [8] Undefined index: is_reward /alidata/www/lawwith_test/Application/App/Controller/IndexController.class.php 第 60 行.
NOTIC: [8] Undefined index: reward_money /alidata/www/lawwith_test/Application/App/Controller/IndexController.class.php 第 61 行.
SQL: SELECT `law_name` FROM `lx_laws` WHERE ( `id` = 12647 ) AND ( `status` = 1 ) LIMIT 1   [ RunTime:0.000082s ]
NOTIC: [8] Undefined index: is_reward /alidata/www/lawwith_test/Application/App/Controller/IndexController.class.php 第 60 行.
NOTIC: [8] Undefined index: reward_money /alidata/www/lawwith_test/Application/App/Controller/IndexController.class.php 第 61 行.
SQL: SELECT `law_name` FROM `lx_laws` WHERE ( `id` = 12647 ) AND ( `status` = 1 ) LIMIT 1   [ RunTime:0.000082s ]
NOTIC: [8] Undefined index: is_reward /alidata/www/lawwith_test/Application/App/Controller/IndexController.class.php 第 60 行.
NOTIC: [8] Undefined index: reward_money /alidata/www/lawwith_test/Application/App/Controller/IndexController.class.php 第 61 行.
SQL: SELECT `law_name` FROM `lx_laws` WHERE ( `id` = 12647 ) AND ( `status` = 1 ) LIMIT 1   [ RunTime:0.000084s ]
NOTIC: [8] Undefined index: reward_money /alidata/www/lawwith_test/Application/App/Controller/IndexController.class.php 第 61 行.
SQL: SELECT `law_name` FROM `lx_laws` WHERE ( `id` = 12647 ) AND ( `status` = 1 ) LIMIT 1   [ RunTime:0.000085s ]
SQL: SELECT `law_name` FROM `lx_laws` WHERE ( `id` = 12647 ) AND ( `status` = 1 ) LIMIT 1   [ RunTime:0.000109s ]
SQL: SELECT `law_name` FROM `lx_laws` WHERE ( `id` = 12647 ) AND ( `status` = 1 ) LIMIT 1   [ RunTime:0.000082s ]
SQL: SELECT `law_name` FROM `lx_laws` WHERE ( `id` = 12647 ) AND ( `status` = 1 ) LIMIT 1   [ RunTime:0.000086s ]
SQL: SELECT `law_name` FROM `lx_laws` WHERE ( `id` = 12647 ) AND ( `status` = 1 ) LIMIT 1   [ RunTime:0.000088s ]
SQL: SELECT `law_name` FROM `lx_laws` WHERE ( `id` = 12647 ) AND ( `status` = 1 ) LIMIT 1   [ RunTime:0.000082s ]
SQL: SELECT `law_name` FROM `lx_laws` WHERE ( `id` = 12647 ) AND ( `status` = 1 ) LIMIT 1   [ RunTime:0.000083s ]
SQL: SELECT `law_name` FROM `lx_laws` WHERE ( `id` = 12647 ) AND ( `status` = 1 ) LIMIT 1   [ RunTime:0.000102s ]
SQL: SELECT `law_name` FROM `lx_laws` WHERE ( `id` = 12647 ) AND ( `status` = 1 ) LIMIT 1   [ RunTime:0.000087s ]
NOTIC: [8] Undefined index: is_reward /alidata/www/lawwith_test/Application/App/Controller/IndexController.class.php 第 60 行.
NOTIC: [8] Undefined index: reward_money /alidata/www/lawwith_test/Application/App/Controller/IndexController.class.php 第 61 行.
SQL: SELECT `law_name` FROM `lx_laws` WHERE ( `id` = 12647 ) AND ( `status` = 1 ) LIMIT 1   [ RunTime:0.000082s ]
NOTIC: [8] Undefined index: is_reward /alidata/www/lawwith_test/Application/App/Controller/IndexController.class.php 第 60 行.
NOTIC: [8] Undefined index: reward_money /alidata/www/lawwith_test/Application/App/Controller/IndexController.class.php 第 61 行.
SQL: SELECT `law_name` FROM `lx_laws` WHERE ( `id` = 12647 ) AND ( `status` = 1 ) LIMIT 1   [ RunTime:0.000090s ]
NOTIC: [8] Undefined index: is_reward /alidata/www/lawwith_test/Application/App/Controller/IndexController.class.php 第 60 行.
NOTIC: [8] Undefined index: reward_money /alidata/www/lawwith_test/Application/App/Controller/IndexController.class.php 第 61 行.
SQL: SELECT `law_name` FROM `lx_laws` WHERE ( `id` = 12647 ) AND ( `status` = 1 ) LIMIT 1   [ RunTime:0.000083s ]
NOTIC: [8] Undefined index: is_reward /alidata/www/lawwith_test/Application/App/Controller/IndexController.class.php 第 60 行.
NOTIC: [8] Undefined index: reward_money /alidata/www/lawwith_test/Application/App/Controller/IndexController.class.php 第 61 行.
SQL: SELECT `law_name` FROM `lx_laws` WHERE ( `id` = 12647 ) AND ( `status` = 1 ) LIMIT 1   [ RunTime:0.000083s ]
NOTIC: [8] Undefined index: is_reward /alidata/www/lawwith_test/Application/App/Controller/IndexController.class.php 第 60 行.
NOTIC: [8] Undefined index: reward_money /alidata/www/lawwith_test/Application/App/Controller/IndexController.class.php 第 61 行.
SQL: SELECT `law_name` FROM `lx_laws` WHERE ( `id` = 12647 ) AND ( `status` = 1 ) LIMIT 1   [ RunTime:0.000082s ]
NOTIC: [8] Undefined index: is_reward /alidata/www/lawwith_test/Application/App/Controller/IndexController.class.php 第 60 行.
NOTIC: [8] Undefined index: reward_money /alidata/www/lawwith_test/Application/App/Controller/IndexController.class.php 第 61 行.
SQL: SELECT `law_name` FROM `lx_laws` WHERE ( `id` = 12647 ) AND ( `status` = 1 ) LIMIT 1   [ RunTime:0.000081s ]
NOTIC: [8] Undefined index: is_reward /alidata/www/lawwith_test/Application/App/Controller/IndexController.class.php 第 60 行.
NOTIC: [8] Undefined index: reward_money /alidata/www/lawwith_test/Application/App/Controller/IndexController.class.php 第 61 行.
SQL: SELECT `law_name` FROM `lx_laws` WHERE ( `id` = 12647 ) AND ( `status` = 1 ) LIMIT 1   [ RunTime:0.000081s ]
NOTIC: [8] Undefined index: is_reward /alidata/www/lawwith_test/Application/App/Controller/IndexController.class.php 第 60 行.
NOTIC: [8] Undefined index: reward_money /alidata/www/lawwith_test/Application/App/Controller/IndexController.class.php 第 61 行.
SQL: SELECT `law_name` FROM `lx_laws` WHERE ( `id` = 12647 ) AND ( `status` = 1 ) LIMIT 1   [ RunTime:0.000084s ]
NOTIC: [8] Undefined index: is_reward /alidata/www/lawwith_test/Application/App/Controller/IndexController.class.php 第 60 行.
NOTIC: [8] Undefined index: reward_money /alidata/www/lawwith_test/Application/App/Controller/IndexController.class.php 第 61 行.
SQL: SELECT `law_name` FROM `lx_laws` WHERE ( `id` = 12647 ) AND ( `status` = 1 ) LIMIT 1   [ RunTime:0.000082s ]
NOTIC: [8] Undefined index: is_reward /alidata/www/lawwith_test/Application/App/Controller/IndexController.class.php 第 60 行.
NOTIC: [8] Undefined index: reward_money /alidata/www/lawwith_test/Application/App/Controller/IndexController.class.php 第 61 行.
SQL: SELECT `law_name` FROM `lx_laws` WHERE ( `id` = 12647 ) AND ( `status` = 1 ) LIMIT 1   [ RunTime:0.000083s ]
NOTIC: [8] Undefined index: is_reward /alidata/www/lawwith_test/Application/App/Controller/IndexController.class.php 第 60 行.
NOTIC: [8] Undefined index: reward_money /alidata/www/lawwith_test/Application/App/Controller/IndexController.class.php 第 61 行.
SQL: SELECT `law_name` FROM `lx_laws` WHERE ( `id` = 12647 ) AND ( `status` = 1 ) LIMIT 1   [ RunTime:0.000082s ]
NOTIC: [8] Undefined index: is_reward /alidata/www/lawwith_test/Application/App/Controller/IndexController.class.php 第 60 行.
NOTIC: [8] Undefined index: reward_money /alidata/www/lawwith_test/Application/App/Controller/IndexController.class.php 第 61 行.
SQL: SELECT `law_name` FROM `lx_laws` WHERE ( `id` = 12647 ) AND ( `status` = 1 ) LIMIT 1   [ RunTime:0.000081s ]
NOTIC: [8] Undefined index: is_reward /alidata/www/lawwith_test/Application/App/Controller/IndexController.class.php 第 60 行.
NOTIC: [8] Undefined index: reward_money /alidata/www/lawwith_test/Application/App/Controller/IndexController.class.php 第 61 行.
SQL: SELECT `law_name` FROM `lx_laws` WHERE ( `id` = 12647 ) AND ( `status` = 1 ) LIMIT 1   [ RunTime:0.000084s ]
NOTIC: [8] Undefined index: is_reward /alidata/www/lawwith_test/Application/App/Controller/IndexController.class.php 第 60 行.
NOTIC: [8] Undefined index: reward_money /alidata/www/lawwith_test/Application/App/Controller/IndexController.class.php 第 61 行.
SQL: SELECT `law_name` FROM `lx_laws` WHERE ( `id` = 12647 ) AND ( `status` = 1 ) LIMIT 1   [ RunTime:0.000083s ]
NOTIC: [8] Undefined index: is_reward /alidata/www/lawwith_test/Application/App/Controller/IndexController.class.php 第 60 行.
NOTIC: [8] Undefined index: reward_money /alidata/www/lawwith_test/Application/App/Controller/IndexController.class.php 第 61 行.
SQL: SELECT `law_name` FROM `lx_laws` WHERE ( `id` = 12647 ) AND ( `status` = 1 ) LIMIT 1   [ RunTime:0.000085s ]
NOTIC: [8] Undefined index: is_reward /alidata/www/lawwith_test/Application/App/Controller/IndexController.class.php 第 60 行.
NOTIC: [8] Undefined index: reward_money /alidata/www/lawwith_test/Application/App/Controller/IndexController.class.php 第 61 行.
SQL: SELECT `law_name` FROM `lx_laws` WHERE ( `id` = 12647 ) AND ( `status` = 1 ) LIMIT 1   [ RunTime:0.000084s ]
NOTIC: [8] Undefined index: is_reward /alidata/www/lawwith_test/Application/App/Controller/IndexController.class.php 第 60 行.
NOTIC: [8] Undefined index: reward_money /alidata/www/lawwith_test/Application/App/Controller/IndexController.class.php 第 61 行.
SQL: SELECT `law_name` FROM `lx_laws` WHERE ( `id` = 12647 ) AND ( `status` = 1 ) LIMIT 1   [ RunTime:0.000089s ]
NOTIC: [8] Undefined index: is_reward /alidata/www/lawwith_test/Application/App/Controller/IndexController.class.php 第 60 行.
NOTIC: [8] Undefined index: reward_money /alidata/www/lawwith_test/Application/App/Controller/IndexController.class.php 第 61 行.
SQL: SELECT `law_name` FROM `lx_laws` WHERE ( `id` = 12647 ) AND ( `status` = 1 ) LIMIT 1   [ RunTime:0.000093s ]
NOTIC: [8] Undefined index: reward_money /alidata/www/lawwith_test/Application/App/Controller/IndexController.class.php 第 61 行.
SQL: SELECT `law_name` FROM `lx_laws` WHERE ( `id` = 12647 ) AND ( `status` = 1 ) LIMIT 1   [ RunTime:0.000087s ]
SQL: SELECT `law_name` FROM `lx_laws` WHERE ( `id` = 12647 ) AND ( `status` = 1 ) LIMIT 1   [ RunTime:0.000083s ]
SQL: SELECT `law_name` FROM `lx_laws` WHERE ( `id` = 12647 ) AND ( `status` = 1 ) LIMIT 1   [ RunTime:0.000080s ]
SQL: SELECT `law_name` FROM `lx_laws` WHERE ( `id` = 12647 ) AND ( `status` = 1 ) LIMIT 1   [ RunTime:0.000087s ]
SQL: SELECT `law_name` FROM `lx_laws` WHERE ( `id` = 12647 ) AND ( `status` = 1 ) LIMIT 1   [ RunTime:0.000081s ]
SQL: SELECT `law_name` FROM `lx_laws` WHERE ( `id` = 12647 ) AND ( `status` = 1 ) LIMIT 1   [ RunTime:0.000090s ]
SQL: SELECT `law_name` FROM `lx_laws` WHERE ( `id` = 12647 ) AND ( `status` = 1 ) LIMIT 1   [ RunTime:0.000082s ]
SQL: SELECT `law_name` FROM `lx_laws` WHERE ( `id` = 12647 ) AND ( `status` = 1 ) LIMIT 1   [ RunTime:0.000081s ]
SQL: SELECT `law_name` FROM `lx_laws` WHERE ( `id` = 12647 ) AND ( `status` = 1 ) LIMIT 1   [ RunTime:0.000081s ]
NOTIC: [8] Undefined index: is_reward /alidata/www/lawwith_test/Application/App/Controller/IndexController.class.php 第 60 行.
NOTIC: [8] Undefined index: reward_money /alidata/www/lawwith_test/Application/App/Controller/IndexController.class.php 第 61 行.
SQL: SELECT `law_name` FROM `lx_laws` WHERE ( `id` = 12647 ) AND ( `status` = 1 ) LIMIT 1   [ RunTime:0.000083s ]
NOTIC: [8] Undefined index: is_reward /alidata/www/lawwith_test/Application/App/Controller/IndexController.class.php 第 60 行.
NOTIC: [8] Undefined index: reward_money /alidata/www/lawwith_test/Application/App/Controller/IndexController.class.php 第 61 行.
SQL: SELECT `law_name` FROM `lx_laws` WHERE ( `id` = 12647 ) AND ( `status` = 1 ) LIMIT 1   [ RunTime:0.000082s ]
NOTIC: [8] Undefined index: is_reward /alidata/www/lawwith_test/Application/App/Controller/IndexController.class.php 第 60 行.
NOTIC: [8] Undefined index: reward_money /alidata/www/lawwith_test/Application/App/Controller/IndexController.class.php 第 61 行.
SQL: SELECT `law_name` FROM `lx_laws` WHERE ( `id` = 12647 ) AND ( `status` = 1 ) LIMIT 1   [ RunTime:0.000084s ]
NOTIC: [8] Undefined index: is_reward /alidata/www/lawwith_test/Application/App/Controller/IndexController.class.php 第 60 行.
NOTIC: [8] Undefined index: reward_money /alidata/www/lawwith_test/Application/App/Controller/IndexController.class.php 第 61 行.
SQL: SELECT `law_name` FROM `lx_laws` WHERE ( `id` = 12647 ) AND ( `status` = 1 ) LIMIT 1   [ RunTime:0.000082s ]
NOTIC: [8] Undefined index: is_reward /alidata/www/lawwith_test/Application/App/Controller/IndexController.class.php 第 60 行.
NOTIC: [8] Undefined index: reward_money /alidata/www/lawwith_test/Application/App/Controller/IndexController.class.php 第 61 行.
SQL: SELECT `law_name` FROM `lx_laws` WHERE ( `id` = 12647 ) AND ( `status` = 1 ) LIMIT 1   [ RunTime:0.000081s ]
NOTIC: [8] Undefined index: is_reward /alidata/www/lawwith_test/Application/App/Controller/IndexController.class.php 第 60 行.
NOTIC: [8] Undefined index: reward_money /alidata/www/lawwith_test/Application/App/Controller/IndexController.class.php 第 61 行.
SQL: SELECT `law_name` FROM `lx_laws` WHERE ( `id` = 12647 ) AND ( `status` = 1 ) LIMIT 1   [ RunTime:0.000082s ]
NOTIC: [8] Undefined index: is_reward /alidata/www/lawwith_test/Application/App/Controller/IndexController.class.php 第 60 行.
NOTIC: [8] Undefined index: reward_money /alidata/www/lawwith_test/Application/App/Controller/IndexController.class.php 第 61 行.
SQL: SELECT `law_name` FROM `lx_laws` WHERE ( `id` = 12647 ) AND ( `status` = 1 ) LIMIT 1   [ RunTime:0.000082s ]
NOTIC: [8] Undefined index: is_reward /alidata/www/lawwith_test/Application/App/Controller/IndexController.class.php 第 60 行.
NOTIC: [8] Undefined index: reward_money /alidata/www/lawwith_test/Application/App/Controller/IndexController.class.php 第 61 行.
SQL: SELECT `law_name` FROM `lx_laws` WHERE ( `id` = 12647 ) AND ( `status` = 1 ) LIMIT 1   [ RunTime:0.000089s ]
NOTIC: [8] Undefined index: is_reward /alidata/www/lawwith_test/Application/App/Controller/IndexController.class.php 第 60 行.
NOTIC: [8] Undefined index: reward_money /alidata/www/lawwith_test/Application/App/Controller/IndexController.class.php 第 61 行.
SQL: SELECT `law_name` FROM `lx_laws` WHERE ( `id` = 12647 ) AND ( `status` = 1 ) LIMIT 1   [ RunTime:0.000083s ]
NOTIC: [8] Undefined index: is_reward /alidata/www/lawwith_test/Application/App/Controller/IndexController.class.php 第 60 行.
NOTIC: [8] Undefined index: reward_money /alidata/www/lawwith_test/Application/App/Controller/IndexController.class.php 第 61 行.
SQL: SELECT `law_name` FROM `lx_laws` WHERE ( `id` = 12647 ) AND ( `status` = 1 ) LIMIT 1   [ RunTime:0.000082s ]
NOTIC: [8] Undefined index: is_reward /alidata/www/lawwith_test/Application/App/Controller/IndexController.class.php 第 60 行.
NOTIC: [8] Undefined index: reward_money /alidata/www/lawwith_test/Application/App/Controller/IndexController.class.php 第 61 行.
SQL: SELECT `law_name` FROM `lx_laws` WHERE ( `id` = 12647 ) AND ( `status` = 1 ) LIMIT 1   [ RunTime:0.000082s ]
NOTIC: [8] Undefined index: is_reward /alidata/www/lawwith_test/Application/App/Controller/IndexController.class.php 第 60 行.
NOTIC: [8] Undefined index: reward_money /alidata/www/lawwith_test/Application/App/Controller/IndexController.class.php 第 61 行.
SQL: SELECT `law_name` FROM `lx_laws` WHERE ( `id` = 12647 ) AND ( `status` = 1 ) LIMIT 1   [ RunTime:0.000105s ]
NOTIC: [8] Undefined index: is_reward /alidata/www/lawwith_test/Application/App/Controller/IndexController.class.php 第 60 行.
NOTIC: [8] Undefined index: reward_money /alidata/www/lawwith_test/Application/App/Controller/IndexController.class.php 第 61 行.
SQL: SELECT `law_name` FROM `lx_laws` WHERE ( `id` = 12647 ) AND ( `status` = 1 ) LIMIT 1   [ RunTime:0.000086s ]
NOTIC: [8] Undefined index: is_reward /alidata/www/lawwith_test/Application/App/Controller/IndexController.class.php 第 60 行.
NOTIC: [8] Undefined index: reward_money /alidata/www/lawwith_test/Application/App/Controller/IndexController.class.php 第 61 行.
SQL: SELECT `law_name` FROM `lx_laws` WHERE ( `id` = 12647 ) AND ( `status` = 1 ) LIMIT 1   [ RunTime:0.000084s ]
NOTIC: [8] Undefined index: is_reward /alidata/www/lawwith_test/Application/App/Controller/IndexController.class.php 第 60 行.
NOTIC: [8] Undefined index: reward_money /alidata/www/lawwith_test/Application/App/Controller/IndexController.class.php 第 61 行.
SQL: SELECT `law_name` FROM `lx_laws` WHERE ( `id` = 12647 ) AND ( `status` = 1 ) LIMIT 1   [ RunTime:0.000095s ]
NOTIC: [8] Undefined index: is_reward /alidata/www/lawwith_test/Application/App/Controller/IndexController.class.php 第 60 行.
NOTIC: [8] Undefined index: reward_money /alidata/www/lawwith_test/Application/App/Controller/IndexController.class.php 第 61 行.
SQL: SELECT `law_name` FROM `lx_laws` WHERE ( `id` = 12647 ) AND ( `status` = 1 ) LIMIT 1   [ RunTime:0.000086s ]
NOTIC: [8] Undefined index: is_reward /alidata/www/lawwith_test/Application/App/Controller/IndexController.class.php 第 60 行.
NOTIC: [8] Undefined index: reward_money /alidata/www/lawwith_test/Application/App/Controller/IndexController.class.php 第 61 行.
SQL: SELECT `law_name` FROM `lx_laws` WHERE ( `id` = 12647 ) AND ( `status` = 1 ) LIMIT 1   [ RunTime:0.000085s ]
NOTIC: [8] Undefined index: is_reward /alidata/www/lawwith_test/Application/App/Controller/IndexController.class.php 第 60 行.
NOTIC: [8] Undefined index: reward_money /alidata/www/lawwith_test/Application/App/Controller/IndexController.class.php 第 61 行.
SQL: SELECT `law_name` FROM `lx_laws` WHERE ( `id` = 12647 ) AND ( `status` = 1 ) LIMIT 1   [ RunTime:0.000086s ]
NOTIC: [8] Undefined index: reward_money /alidata/www/lawwith_test/Application/App/Controller/IndexController.class.php 第 61 行.
SQL: SELECT `law_name` FROM `lx_laws` WHERE ( `id` = 12647 ) AND ( `status` = 1 ) LIMIT 1   [ RunTime:0.000092s ]
SQL: SELECT `law_name` FROM `lx_laws` WHERE ( `id` = 12647 ) AND ( `status` = 1 ) LIMIT 1   [ RunTime:0.000085s ]
SQL: SELECT `law_name` FROM `lx_laws` WHERE ( `id` = 12647 ) AND ( `status` = 1 ) LIMIT 1   [ RunTime:0.000084s ]
SQL: SELECT `law_name` FROM `lx_laws` WHERE ( `id` = 12647 ) AND ( `status` = 1 ) LIMIT 1   [ RunTime:0.000084s ]
SQL: SELECT `law_name` FROM `lx_laws` WHERE ( `id` = 12647 ) AND ( `status` = 1 ) LIMIT 1   [ RunTime:0.000084s ]
SQL: SELECT `law_name` FROM `lx_laws` WHERE ( `id` = 12647 ) AND ( `status` = 1 ) LIMIT 1   [ RunTime:0.000085s ]
SQL: SELECT `law_name` FROM `lx_laws` WHERE ( `id` = 12647 ) AND ( `status` = 1 ) LIMIT 1   [ RunTime:0.000092s ]
SQL: SELECT `law_name` FROM `lx_laws` WHERE ( `id` = 12647 ) AND ( `status` = 1 ) LIMIT 1   [ RunTime:0.000084s ]
SQL: SELECT `law_name` FROM `lx_laws` WHERE ( `id` = 13002 ) AND ( `status` = 1 ) LIMIT 1   [ RunTime:0.000087s ]
NOTIC: [8] Undefined index: is_reward /alidata/www/lawwith_test/Application/App/Controller/IndexController.class.php 第 60 行.
NOTIC: [8] Undefined index: reward_money /alidata/www/lawwith_test/Application/App/Controller/IndexController.class.php 第 61 行.
SQL: SELECT `law_name` FROM `lx_laws` WHERE ( `id` = 13002 ) AND ( `status` = 1 ) LIMIT 1   [ RunTime:0.000085s ]
NOTIC: [8] Undefined index: is_reward /alidata/www/lawwith_test/Application/App/Controller/IndexController.class.php 第 60 行.
NOTIC: [8] Undefined index: reward_money /alidata/www/lawwith_test/Application/App/Controller/IndexController.class.php 第 61 行.
SQL: SELECT `law_name` FROM `lx_laws` WHERE ( `id` = 13002 ) AND ( `status` = 1 ) LIMIT 1   [ RunTime:0.000084s ]
NOTIC: [8] Undefined index: is_reward /alidata/www/lawwith_test/Application/App/Controller/IndexController.class.php 第 60 行.
NOTIC: [8] Undefined index: reward_money /alidata/www/lawwith_test/Application/App/Controller/IndexController.class.php 第 61 行.
SQL: SELECT `law_name` FROM `lx_laws` WHERE ( `id` = 13002 ) AND ( `status` = 1 ) LIMIT 1   [ RunTime:0.000094s ]
NOTIC: [8] Undefined index: is_reward /alidata/www/lawwith_test/Application/App/Controller/IndexController.class.php 第 60 行.
NOTIC: [8] Undefined index: reward_money /alidata/www/lawwith_test/Application/App/Controller/IndexController.class.php 第 61 行.
SQL: SELECT `law_name` FROM `lx_laws` WHERE ( `id` = 13002 ) AND ( `status` = 1 ) LIMIT 1   [ RunTime:0.000086s ]
NOTIC: [8] Undefined index: is_reward /alidata/www/lawwith_test/Application/App/Controller/IndexController.class.php 第 60 行.
NOTIC: [8] Undefined index: reward_money /alidata/www/lawwith_test/Application/App/Controller/IndexController.class.php 第 61 行.
SQL: SELECT `law_name` FROM `lx_laws` WHERE ( `id` = 13002 ) AND ( `status` = 1 ) LIMIT 1   [ RunTime:0.000086s ]
NOTIC: [8] Undefined index: is_reward /alidata/www/lawwith_test/Application/App/Controller/IndexController.class.php 第 60 行.
NOTIC: [8] Undefined index: reward_money /alidata/www/lawwith_test/Application/App/Controller/IndexController.class.php 第 61 行.
SQL: SELECT `law_name` FROM `lx_laws` WHERE ( `id` = 13002 ) AND ( `status` = 1 ) LIMIT 1   [ RunTime:0.000084s ]
NOTIC: [8] Undefined index: is_reward /alidata/www/lawwith_test/Application/App/Controller/IndexController.class.php 第 60 行.
NOTIC: [8] Undefined index: reward_money /alidata/www/lawwith_test/Application/App/Controller/IndexController.class.php 第 61 行.
SQL: SELECT `law_name` FROM `lx_laws` WHERE ( `id` = 13002 ) AND ( `status` = 1 ) LIMIT 1   [ RunTime:0.000098s ]
NOTIC: [8] Undefined index: is_reward /alidata/www/lawwith_test/Application/App/Controller/IndexController.class.php 第 60 行.
NOTIC: [8] Undefined index: reward_money /alidata/www/lawwith_test/Application/App/Controller/IndexController.class.php 第 61 行.
SQL: SELECT `law_name` FROM `lx_laws` WHERE ( `id` = 13002 ) AND ( `status` = 1 ) LIMIT 1   [ RunTime:0.000085s ]
NOTIC: [8] Undefined index: is_reward /alidata/www/lawwith_test/Application/App/Controller/IndexController.class.php 第 60 行.
NOTIC: [8] Undefined index: reward_money /alidata/www/lawwith_test/Application/App/Controller/IndexController.class.php 第 61 行.
SQL: SELECT `law_name` FROM `lx_laws` WHERE ( `id` = 13002 ) AND ( `status` = 1 ) LIMIT 1   [ RunTime:0.000085s ]
NOTIC: [8] Undefined index: is_reward /alidata/www/lawwith_test/Application/App/Controller/IndexController.class.php 第 60 行.
NOTIC: [8] Undefined index: reward_money /alidata/www/lawwith_test/Application/App/Controller/IndexController.class.php 第 61 行.
SQL: SELECT `law_name` FROM `lx_laws` WHERE ( `id` = 13002 ) AND ( `status` = 1 ) LIMIT 1   [ RunTime:0.000084s ]
NOTIC: [8] Undefined index: is_reward /alidata/www/lawwith_test/Application/App/Controller/IndexController.class.php 第 60 行.
NOTIC: [8] Undefined index: reward_money /alidata/www/lawwith_test/Application/App/Controller/IndexController.class.php 第 61 行.
SQL: SELECT `law_name` FROM `lx_laws` WHERE ( `id` = 13002 ) AND ( `status` = 1 ) LIMIT 1   [ RunTime:0.000084s ]
NOTIC: [8] Undefined index: is_reward /alidata/www/lawwith_test/Application/App/Controller/IndexController.class.php 第 60 行.
NOTIC: [8] Undefined index: reward_money /alidata/www/lawwith_test/Application/App/Controller/IndexController.class.php 第 61 行.
SQL: SELECT `law_name` FROM `lx_laws` WHERE ( `id` = 13002 ) AND ( `status` = 1 ) LIMIT 1   [ RunTime:0.000084s ]
NOTIC: [8] Undefined index: is_reward /alidata/www/lawwith_test/Application/App/Controller/IndexController.class.php 第 60 行.
NOTIC: [8] Undefined index: reward_money /alidata/www/lawwith_test/Application/App/Controller/IndexController.class.php 第 61 行.
SQL: SELECT `law_name` FROM `lx_laws` WHERE ( `id` = 13002 ) AND ( `status` = 1 ) LIMIT 1   [ RunTime:0.000083s ]
NOTIC: [8] Undefined index: is_reward /alidata/www/lawwith_test/Application/App/Controller/IndexController.class.php 第 60 行.
NOTIC: [8] Undefined index: reward_money /alidata/www/lawwith_test/Application/App/Controller/IndexController.class.php 第 61 行.
SQL: SELECT `law_name` FROM `lx_laws` WHERE ( `id` = 13002 ) AND ( `status` = 1 ) LIMIT 1   [ RunTime:0.000094s ]
NOTIC: [8] Undefined index: is_reward /alidata/www/lawwith_test/Application/App/Controller/IndexController.class.php 第 60 行.
NOTIC: [8] Undefined index: reward_money /alidata/www/lawwith_test/Application/App/Controller/IndexController.class.php 第 61 行.
SQL: SELECT `law_name` FROM `lx_laws` WHERE ( `id` = 13002 ) AND ( `status` = 1 ) LIMIT 1   [ RunTime:0.000084s ]
NOTIC: [8] Undefined index: is_reward /alidata/www/lawwith_test/Application/App/Controller/IndexController.class.php 第 60 行.
NOTIC: [8] Undefined index: reward_money /alidata/www/lawwith_test/Application/App/Controller/IndexController.class.php 第 61 行.
SQL: SELECT `law_name` FROM `lx_laws` WHERE ( `id` = 13002 ) AND ( `status` = 1 ) LIMIT 1   [ RunTime:0.000084s ]
NOTIC: [8] Undefined index: is_reward /alidata/www/lawwith_test/Application/App/Controller/IndexController.class.php 第 60 行.
NOTIC: [8] Undefined index: reward_money /alidata/www/lawwith_test/Application/App/Controller/IndexController.class.php 第 61 行.
SQL: SELECT `law_name` FROM `lx_laws` WHERE ( `id` = 13002 ) AND ( `status` = 1 ) LIMIT 1   [ RunTime:0.000085s ]
NOTIC: [8] Undefined index: is_reward /alidata/www/lawwith_test/Application/App/Controller/IndexController.class.php 第 60 行.
NOTIC: [8] Undefined index: reward_money /alidata/www/lawwith_test/Application/App/Controller/IndexController.class.php 第 61 行.
SQL: SELECT `law_name` FROM `lx_laws` WHERE ( `id` = 13002 ) AND ( `status` = 1 ) LIMIT 1   [ RunTime:0.000083s ]
NOTIC: [8] Undefined index: reward_money /alidata/www/lawwith_test/Application/App/Controller/IndexController.class.php 第 61 行.
SQL: SELECT `law_name` FROM `lx_laws` WHERE ( `id` = 13002 ) AND ( `status` = 1 ) LIMIT 1   [ RunTime:0.000083s ]
SQL: SELECT `law_name` FROM `lx_laws` WHERE ( `id` = 13002 ) AND ( `status` = 1 ) LIMIT 1   [ RunTime:0.000089s ]
SQL: SELECT `law_name` FROM `lx_laws` WHERE ( `id` = 13002 ) AND ( `status` = 1 ) LIMIT 1   [ RunTime:0.000084s ]
SQL: SELECT `law_name` FROM `lx_laws` WHERE ( `id` = 13002 ) AND ( `status` = 1 ) LIMIT 1   [ RunTime:0.000084s ]
SQL: SELECT `law_name` FROM `lx_laws` WHERE ( `id` = 13002 ) AND ( `status` = 1 ) LIMIT 1   [ RunTime:0.000083s ]
SQL: SELECT `law_name` FROM `lx_laws` WHERE ( `id` = 13002 ) AND ( `status` = 1 ) LIMIT 1   [ RunTime:0.000083s ]
SQL: SELECT `law_name` FROM `lx_laws` WHERE ( `id` = 13002 ) AND ( `status` = 1 ) LIMIT 1   [ RunTime:0.000082s ]
SQL: SELECT `law_name` FROM `lx_laws` WHERE ( `id` = 13002 ) AND ( `status` = 1 ) LIMIT 1   [ RunTime:0.000085s ]
SQL: SELECT `law_name` FROM `lx_laws` WHERE ( `id` = 12531 ) AND ( `status` = 1 ) LIMIT 1   [ RunTime:0.000088s ]
NOTIC: [8] Undefined index: is_reward /alidata/www/lawwith_test/Application/App/Controller/IndexController.class.php 第 60 行.
NOTIC: [8] Undefined index: reward_money /alidata/www/lawwith_test/Application/App/Controller/IndexController.class.php 第 61 行.
SQL: SELECT `law_name` FROM `lx_laws` WHERE ( `id` = 12531 ) AND ( `status` = 1 ) LIMIT 1   [ RunTime:0.000084s ]
NOTIC: [8] Undefined index: is_reward /alidata/www/lawwith_test/Application/App/Controller/IndexController.class.php 第 60 行.
NOTIC: [8] Undefined index: reward_money /alidata/www/lawwith_test/Application/App/Controller/IndexController.class.php 第 61 行.
SQL: SELECT `law_name` FROM `lx_laws` WHERE ( `id` = 12531 ) AND ( `status` = 1 ) LIMIT 1   [ RunTime:0.000084s ]
NOTIC: [8] Undefined index: is_reward /alidata/www/lawwith_test/Application/App/Controller/IndexController.class.php 第 60 行.
NOTIC: [8] Undefined index: reward_money /alidata/www/lawwith_test/Application/App/Controller/IndexController.class.php 第 61 行.
SQL: SELECT `law_name` FROM `lx_laws` WHERE ( `id` = 12531 ) AND ( `status` = 1 ) LIMIT 1   [ RunTime:0.000085s ]
NOTIC: [8] Undefined index: is_reward /alidata/www/lawwith_test/Application/App/Controller/IndexController.class.php 第 60 行.
NOTIC: [8] Undefined index: reward_money /alidata/www/lawwith_test/Application/App/Controller/IndexController.class.php 第 61 行.
SQL: SELECT `law_name` FROM `lx_laws` WHERE ( `id` = 12531 ) AND ( `status` = 1 ) LIMIT 1   [ RunTime:0.000094s ]
NOTIC: [8] Undefined index: is_reward /alidata/www/lawwith_test/Application/App/Controller/IndexController.class.php 第 60 行.
NOTIC: [8] Undefined index: reward_money /alidata/www/lawwith_test/Application/App/Controller/IndexController.class.php 第 61 行.
SQL: SELECT `law_name` FROM `lx_laws` WHERE ( `id` = 12531 ) AND ( `status` = 1 ) LIMIT 1   [ RunTime:0.000086s ]
NOTIC: [8] Undefined index: is_reward /alidata/www/lawwith_test/Application/App/Controller/IndexController.class.php 第 60 行.
NOTIC: [8] Undefined index: reward_money /alidata/www/lawwith_test/Application/App/Controller/IndexController.class.php 第 61 行.
SQL: SELECT `law_name` FROM `lx_laws` WHERE ( `id` = 12531 ) AND ( `status` = 1 ) LIMIT 1   [ RunTime:0.000084s ]
NOTIC: [8] Undefined index: is_reward /alidata/www/lawwith_test/Application/App/Controller/IndexController.class.php 第 60 行.
NOTIC: [8] Undefined index: reward_money /alidata/www/lawwith_test/Application/App/Controller/IndexController.class.php 第 61 行.
SQL: SELECT `law_name` FROM `lx_laws` WHERE ( `id` = 12531 ) AND ( `status` = 1 ) LIMIT 1   [ RunTime:0.000083s ]
NOTIC: [8] Undefined index: is_reward /alidata/www/lawwith_test/Application/App/Controller/IndexController.class.php 第 60 行.
NOTIC: [8] Undefined index: reward_money /alidata/www/lawwith_test/Application/App/Controller/IndexController.class.php 第 61 行.
SQL: SELECT `law_name` FROM `lx_laws` WHERE ( `id` = 12531 ) AND ( `status` = 1 ) LIMIT 1   [ RunTime:0.000083s ]
NOTIC: [8] Undefined index: is_reward /alidata/www/lawwith_test/Application/App/Controller/IndexController.class.php 第 60 行.
NOTIC: [8] Undefined index: reward_money /alidata/www/lawwith_test/Application/App/Controller/IndexController.class.php 第 61 行.
SQL: SELECT `law_name` FROM `lx_laws` WHERE ( `id` = 12531 ) AND ( `status` = 1 ) LIMIT 1   [ RunTime:0.000083s ]
NOTIC: [8] Undefined index: is_reward /alidata/www/lawwith_test/Application/App/Controller/IndexController.class.php 第 60 行.
NOTIC: [8] Undefined index: reward_money /alidata/www/lawwith_test/Application/App/Controller/IndexController.class.php 第 61 行.
SQL: SELECT `law_name` FROM `lx_laws` WHERE ( `id` = 12531 ) AND ( `status` = 1 ) LIMIT 1   [ RunTime:0.000087s ]
NOTIC: [8] Undefined index: is_reward /alidata/www/lawwith_test/Application/App/Controller/IndexController.class.php 第 60 行.
NOTIC: [8] Undefined index: reward_money /alidata/www/lawwith_test/Application/App/Controller/IndexController.class.php 第 61 行.
SQL: SELECT `law_name` FROM `lx_laws` WHERE ( `id` = 12531 ) AND ( `status` = 1 ) LIMIT 1   [ RunTime:0.000084s ]
NOTIC: [8] Undefined index: is_reward /alidata/www/lawwith_test/Application/App/Controller/IndexController.class.php 第 60 行.
NOTIC: [8] Undefined index: reward_money /alidata/www/lawwith_test/Application/App/Controller/IndexController.class.php 第 61 行.
SQL: SELECT `law_name` FROM `lx_laws` WHERE ( `id` = 12531 ) AND ( `status` = 1 ) LIMIT 1   [ RunTime:0.000083s ]
NOTIC: [8] Undefined index: is_reward /alidata/www/lawwith_test/Application/App/Controller/IndexController.class.php 第 60 行.
NOTIC: [8] Undefined index: reward_money /alidata/www/lawwith_test/Application/App/Controller/IndexController.class.php 第 61 行.
SQL: SELECT `law_name` FROM `lx_laws` WHERE ( `id` = 12531 ) AND ( `status` = 1 ) LIMIT 1   [ RunTime:0.000083s ]
NOTIC: [8] Undefined index: is_reward /alidata/www/lawwith_test/Application/App/Controller/IndexController.class.php 第 60 行.
NOTIC: [8] Undefined index: reward_money /alidata/www/lawwith_test/Application/App/Controller/IndexController.class.php 第 61 行.
SQL: SELECT `law_name` FROM `lx_laws` WHERE ( `id` = 12531 ) AND ( `status` = 1 ) LIMIT 1   [ RunTime:0.000084s ]
NOTIC: [8] Undefined index: is_reward /alidata/www/lawwith_test/Application/App/Controller/IndexController.class.php 第 60 行.
NOTIC: [8] Undefined index: reward_money /alidata/www/lawwith_test/Application/App/Controller/IndexController.class.php 第 61 行.
SQL: SELECT `law_name` FROM `lx_laws` WHERE ( `id` = 12531 ) AND ( `status` = 1 ) LIMIT 1   [ RunTime:0.000091s ]
NOTIC: [8] Undefined index: is_reward /alidata/www/lawwith_test/Application/App/Controller/IndexController.class.php 第 60 行.
NOTIC: [8] Undefined index: reward_money /alidata/www/lawwith_test/Application/App/Controller/IndexController.class.php 第 61 行.
SQL: SELECT `law_name` FROM `lx_laws` WHERE ( `id` = 12531 ) AND ( `status` = 1 ) LIMIT 1   [ RunTime:0.000098s ]
NOTIC: [8] Undefined index: is_reward /alidata/www/lawwith_test/Application/App/Controller/IndexController.class.php 第 60 行.
NOTIC: [8] Undefined index: reward_money /alidata/www/lawwith_test/Application/App/Controller/IndexController.class.php 第 61 行.
SQL: SELECT `law_name` FROM `lx_laws` WHERE ( `id` = 12531 ) AND ( `status` = 1 ) LIMIT 1   [ RunTime:0.000089s ]
NOTIC: [8] Undefined index: is_reward /alidata/www/lawwith_test/Application/App/Controller/IndexController.class.php 第 60 行.
NOTIC: [8] Undefined index: reward_money /alidata/www/lawwith_test/Application/App/Controller/IndexController.class.php 第 61 行.
SQL: SELECT `law_name` FROM `lx_laws` WHERE ( `id` = 12531 ) AND ( `status` = 1 ) LIMIT 1   [ RunTime:0.000085s ]
NOTIC: [8] Undefined index: reward_money /alidata/www/lawwith_test/Application/App/Controller/IndexController.class.php 第 61 行.
SQL: SELECT `law_name` FROM `lx_laws` WHERE ( `id` = 12531 ) AND ( `status` = 1 ) LIMIT 1   [ RunTime:0.000084s ]
SQL: SELECT `law_name` FROM `lx_laws` WHERE ( `id` = 12531 ) AND ( `status` = 1 ) LIMIT 1   [ RunTime:0.000082s ]
SQL: SELECT `law_name` FROM `lx_laws` WHERE ( `id` = 12531 ) AND ( `status` = 1 ) LIMIT 1   [ RunTime:0.000085s ]
SQL: SELECT `law_name` FROM `lx_laws` WHERE ( `id` = 12531 ) AND ( `status` = 1 ) LIMIT 1   [ RunTime:0.000084s ]
SQL: SELECT `law_name` FROM `lx_laws` WHERE ( `id` = 12531 ) AND ( `status` = 1 ) LIMIT 1   [ RunTime:0.000084s ]
SQL: SELECT `law_name` FROM `lx_laws` WHERE ( `id` = 12531 ) AND ( `status` = 1 ) LIMIT 1   [ RunTime:0.000085s ]
SQL: SELECT `law_name` FROM `lx_laws` WHERE ( `id` = 12531 ) AND ( `status` = 1 ) LIMIT 1   [ RunTime:0.000088s ]
SQL: SELECT `law_name` FROM `lx_laws` WHERE ( `id` = 12531 ) AND ( `status` = 1 ) LIMIT 1   [ RunTime:0.000091s ]
SQL: SELECT `law_name` FROM `lx_laws` WHERE ( `id` = 13002 ) AND ( `status` = 1 ) LIMIT 1   [ RunTime:0.000085s ]
NOTIC: [8] Undefined index: is_reward /alidata/www/lawwith_test/Application/App/Controller/IndexController.class.php 第 60 行.
NOTIC: [8] Undefined index: reward_money /alidata/www/lawwith_test/Application/App/Controller/IndexController.class.php 第 61 行.
SQL: SELECT `law_name` FROM `lx_laws` WHERE ( `id` = 13002 ) AND ( `status` = 1 ) LIMIT 1   [ RunTime:0.000085s ]
NOTIC: [8] Undefined index: is_reward /alidata/www/lawwith_test/Application/App/Controller/IndexController.class.php 第 60 行.
NOTIC: [8] Undefined index: reward_money /alidata/www/lawwith_test/Application/App/Controller/IndexController.class.php 第 61 行.
SQL: SELECT `law_name` FROM `lx_laws` WHERE ( `id` = 13002 ) AND ( `status` = 1 ) LIMIT 1   [ RunTime:0.000095s ]
NOTIC: [8] Undefined index: is_reward /alidata/www/lawwith_test/Application/App/Controller/IndexController.class.php 第 60 行.
NOTIC: [8] Undefined index: reward_money /alidata/www/lawwith_test/Application/App/Controller/IndexController.class.php 第 61 行.
SQL: SELECT `law_name` FROM `lx_laws` WHERE ( `id` = 13002 ) AND ( `status` = 1 ) LIMIT 1   [ RunTime:0.000085s ]
NOTIC: [8] Undefined index: is_reward /alidata/www/lawwith_test/Application/App/Controller/IndexController.class.php 第 60 行.
NOTIC: [8] Undefined index: reward_money /alidata/www/lawwith_test/Application/App/Controller/IndexController.class.php 第 61 行.
SQL: SELECT `law_name` FROM `lx_laws` WHERE ( `id` = 13002 ) AND ( `status` = 1 ) LIMIT 1   [ RunTime:0.000084s ]
NOTIC: [8] Undefined index: is_reward /alidata/www/lawwith_test/Application/App/Controller/IndexController.class.php 第 60 行.
NOTIC: [8] Undefined index: reward_money /alidata/www/lawwith_test/Application/App/Controller/IndexController.class.php 第 61 行.
SQL: SELECT `law_name` FROM `lx_laws` WHERE ( `id` = 13002 ) AND ( `status` = 1 ) LIMIT 1   [ RunTime:0.000087s ]
NOTIC: [8] Undefined index: is_reward /alidata/www/lawwith_test/Application/App/Controller/IndexController.class.php 第 60 行.
NOTIC: [8] Undefined index: reward_money /alidata/www/lawwith_test/Application/App/Controller/IndexController.class.php 第 61 行.
SQL: SELECT `law_name` FROM `lx_laws` WHERE ( `id` = 13002 ) AND ( `status` = 1 ) LIMIT 1   [ RunTime:0.000083s ]
NOTIC: [8] Undefined index: is_reward /alidata/www/lawwith_test/Application/App/Controller/IndexController.class.php 第 60 行.
NOTIC: [8] Undefined index: reward_money /alidata/www/lawwith_test/Application/App/Controller/IndexController.class.php 第 61 行.
SQL: SELECT `law_name` FROM `lx_laws` WHERE ( `id` = 13002 ) AND ( `status` = 1 ) LIMIT 1   [ RunTime:0.000086s ]
NOTIC: [8] Undefined index: is_reward /alidata/www/lawwith_test/Application/App/Controller/IndexController.class.php 第 60 行.
NOTIC: [8] Undefined index: reward_money /alidata/www/lawwith_test/Application/App/Controller/IndexController.class.php 第 61 行.
SQL: SELECT `law_name` FROM `lx_laws` WHERE ( `id` = 13002 ) AND ( `status` = 1 ) LIMIT 1   [ RunTime:0.000090s ]
NOTIC: [8] Undefined index: is_reward /alidata/www/lawwith_test/Application/App/Controller/IndexController.class.php 第 60 行.
NOTIC: [8] Undefined index: reward_money /alidata/www/lawwith_test/Application/App/Controller/IndexController.class.php 第 61 行.
SQL: SELECT `law_name` FROM `lx_laws` WHERE ( `id` = 13002 ) AND ( `status` = 1 ) LIMIT 1   [ RunTime:0.000084s ]
NOTIC: [8] Undefined index: is_reward /alidata/www/lawwith_test/Application/App/Controller/IndexController.class.php 第 60 行.
NOTIC: [8] Undefined index: reward_money /alidata/www/lawwith_test/Application/App/Controller/IndexController.class.php 第 61 行.
SQL: SELECT `law_name` FROM `lx_laws` WHERE ( `id` = 13002 ) AND ( `status` = 1 ) LIMIT 1   [ RunTime:0.000117s ]
NOTIC: [8] Undefined index: is_reward /alidata/www/lawwith_test/Application/App/Controller/IndexController.class.php 第 60 行.
NOTIC: [8] Undefined index: reward_money /alidata/www/lawwith_test/Application/App/Controller/IndexController.class.php 第 61 行.
SQL: SELECT `law_name` FROM `lx_laws` WHERE ( `id` = 13002 ) AND ( `status` = 1 ) LIMIT 1   [ RunTime:0.000094s ]
NOTIC: [8] Undefined index: is_reward /alidata/www/lawwith_test/Application/App/Controller/IndexController.class.php 第 60 行.
NOTIC: [8] Undefined index: reward_money /alidata/www/lawwith_test/Application/App/Controller/IndexController.class.php 第 61 行.
SQL: SELECT `law_name` FROM `lx_laws` WHERE ( `id` = 13002 ) AND ( `status` = 1 ) LIMIT 1   [ RunTime:0.000084s ]
NOTIC: [8] Undefined index: is_reward /alidata/www/lawwith_test/Application/App/Controller/IndexController.class.php 第 60 行.
NOTIC: [8] Undefined index: reward_money /alidata/www/lawwith_test/Application/App/Controller/IndexController.class.php 第 61 行.
SQL: SELECT `law_name` FROM `lx_laws` WHERE ( `id` = 13002 ) AND ( `status` = 1 ) LIMIT 1   [ RunTime:0.000084s ]
NOTIC: [8] Undefined index: is_reward /alidata/www/lawwith_test/Application/App/Controller/IndexController.class.php 第 60 行.
NOTIC: [8] Undefined index: reward_money /alidata/www/lawwith_test/Application/App/Controller/IndexController.class.php 第 61 行.
SQL: SELECT `law_name` FROM `lx_laws` WHERE ( `id` = 13002 ) AND ( `status` = 1 ) LIMIT 1   [ RunTime:0.000085s ]
NOTIC: [8] Undefined index: is_reward /alidata/www/lawwith_test/Application/App/Controller/IndexController.class.php 第 60 行.
NOTIC: [8] Undefined index: reward_money /alidata/www/lawwith_test/Application/App/Controller/IndexController.class.php 第 61 行.
SQL: SELECT `law_name` FROM `lx_laws` WHERE ( `id` = 13002 ) AND ( `status` = 1 ) LIMIT 1   [ RunTime:0.000092s ]
NOTIC: [8] Undefined index: is_reward /alidata/www/lawwith_test/Application/App/Controller/IndexController.class.php 第 60 行.
NOTIC: [8] Undefined index: reward_money /alidata/www/lawwith_test/Application/App/Controller/IndexController.class.php 第 61 行.
SQL: SELECT `law_name` FROM `lx_laws` WHERE ( `id` = 13002 ) AND ( `status` = 1 ) LIMIT 1   [ RunTime:0.000088s ]
NOTIC: [8] Undefined index: is_reward /alidata/www/lawwith_test/Application/App/Controller/IndexController.class.php 第 60 行.
NOTIC: [8] Undefined index: reward_money /alidata/www/lawwith_test/Application/App/Controller/IndexController.class.php 第 61 行.
SQL: SELECT `law_name` FROM `lx_laws` WHERE ( `id` = 13002 ) AND ( `status` = 1 ) LIMIT 1   [ RunTime:0.000085s ]
NOTIC: [8] Undefined index: is_reward /alidata/www/lawwith_test/Application/App/Controller/IndexController.class.php 第 60 行.
NOTIC: [8] Undefined index: reward_money /alidata/www/lawwith_test/Application/App/Controller/IndexController.class.php 第 61 行.
SQL: SELECT `law_name` FROM `lx_laws` WHERE ( `id` = 13002 ) AND ( `status` = 1 ) LIMIT 1   [ RunTime:0.000084s ]
NOTIC: [8] Undefined index: reward_money /alidata/www/lawwith_test/Application/App/Controller/IndexController.class.php 第 61 行.
SQL: SELECT `law_name` FROM `lx_laws` WHERE ( `id` = 13002 ) AND ( `status` = 1 ) LIMIT 1   [ RunTime:0.000100s ]
SQL: SELECT `law_name` FROM `lx_laws` WHERE ( `id` = 13002 ) AND ( `status` = 1 ) LIMIT 1   [ RunTime:0.000085s ]
SQL: SELECT `law_name` FROM `lx_laws` WHERE ( `id` = 13002 ) AND ( `status` = 1 ) LIMIT 1   [ RunTime:0.000086s ]
SQL: SELECT `law_name` FROM `lx_laws` WHERE ( `id` = 13002 ) AND ( `status` = 1 ) LIMIT 1   [ RunTime:0.000083s ]
SQL: SELECT `law_name` FROM `lx_laws` WHERE ( `id` = 13002 ) AND ( `status` = 1 ) LIMIT 1   [ RunTime:0.000084s ]
SQL: SELECT `law_name` FROM `lx_laws` WHERE ( `id` = 13002 ) AND ( `status` = 1 ) LIMIT 1   [ RunTime:0.000083s ]
SQL: SELECT `law_name` FROM `lx_laws` WHERE ( `id` = 13002 ) AND ( `status` = 1 ) LIMIT 1   [ RunTime:0.000085s ]
SQL: SELECT `law_name` FROM `lx_laws` WHERE ( `id` = 13002 ) AND ( `status` = 1 ) LIMIT 1   [ RunTime:0.000085s ]
SQL: SELECT `law_name` FROM `lx_laws` WHERE ( `id` = 12531 ) AND ( `status` = 1 ) LIMIT 1   [ RunTime:0.000086s ]
NOTIC: [8] Undefined index: is_reward /alidata/www/lawwith_test/Application/App/Controller/IndexController.class.php 第 60 行.
NOTIC: [8] Undefined index: reward_money /alidata/www/lawwith_test/Application/App/Controller/IndexController.class.php 第 61 行.
SQL: SELECT `law_name` FROM `lx_laws` WHERE ( `id` = 12531 ) AND ( `status` = 1 ) LIMIT 1   [ RunTime:0.000084s ]
NOTIC: [8] Undefined index: is_reward /alidata/www/lawwith_test/Application/App/Controller/IndexController.class.php 第 60 行.
NOTIC: [8] Undefined index: reward_money /alidata/www/lawwith_test/Application/App/Controller/IndexController.class.php 第 61 行.
SQL: SELECT `law_name` FROM `lx_laws` WHERE ( `id` = 12531 ) AND ( `status` = 1 ) LIMIT 1   [ RunTime:0.000083s ]
NOTIC: [8] Undefined index: is_reward /alidata/www/lawwith_test/Application/App/Controller/IndexController.class.php 第 60 行.
NOTIC: [8] Undefined index: reward_money /alidata/www/lawwith_test/Application/App/Controller/IndexController.class.php 第 61 行.
SQL: SELECT `law_name` FROM `lx_laws` WHERE ( `id` = 12531 ) AND ( `status` = 1 ) LIMIT 1   [ RunTime:0.000082s ]
NOTIC: [8] Undefined index: is_reward /alidata/www/lawwith_test/Application/App/Controller/IndexController.class.php 第 60 行.
NOTIC: [8] Undefined index: reward_money /alidata/www/lawwith_test/Application/App/Controller/IndexController.class.php 第 61 行.
SQL: SELECT `law_name` FROM `lx_laws` WHERE ( `id` = 12531 ) AND ( `status` = 1 ) LIMIT 1   [ RunTime:0.000083s ]
NOTIC: [8] Undefined index: is_reward /alidata/www/lawwith_test/Application/App/Controller/IndexController.class.php 第 60 行.
NOTIC: [8] Undefined index: reward_money /alidata/www/lawwith_test/Application/App/Controller/IndexController.class.php 第 61 行.
SQL: SELECT `law_name` FROM `lx_laws` WHERE ( `id` = 12531 ) AND ( `status` = 1 ) LIMIT 1   [ RunTime:0.000090s ]
NOTIC: [8] Undefined index: is_reward /alidata/www/lawwith_test/Application/App/Controller/IndexController.class.php 第 60 行.
NOTIC: [8] Undefined index: reward_money /alidata/www/lawwith_test/Application/App/Controller/IndexController.class.php 第 61 行.
SQL: SELECT `law_name` FROM `lx_laws` WHERE ( `id` = 12531 ) AND ( `status` = 1 ) LIMIT 1   [ RunTime:0.000084s ]
NOTIC: [8] Undefined index: is_reward /alidata/www/lawwith_test/Application/App/Controller/IndexController.class.php 第 60 行.
NOTIC: [8] Undefined index: reward_money /alidata/www/lawwith_test/Application/App/Controller/IndexController.class.php 第 61 行.
SQL: SELECT `law_name` FROM `lx_laws` WHERE ( `id` = 12531 ) AND ( `status` = 1 ) LIMIT 1   [ RunTime:0.000083s ]
NOTIC: [8] Undefined index: is_reward /alidata/www/lawwith_test/Application/App/Controller/IndexController.class.php 第 60 行.
NOTIC: [8] Undefined index: reward_money /alidata/www/lawwith_test/Application/App/Controller/IndexController.class.php 第 61 行.
SQL: SELECT `law_name` FROM `lx_laws` WHERE ( `id` = 12531 ) AND ( `status` = 1 ) LIMIT 1   [ RunTime:0.000084s ]
NOTIC: [8] Undefined index: is_reward /alidata/www/lawwith_test/Application/App/Controller/IndexController.class.php 第 60 行.
NOTIC: [8] Undefined index: reward_money /alidata/www/lawwith_test/Application/App/Controller/IndexController.class.php 第 61 行.
SQL: SELECT `law_name` FROM `lx_laws` WHERE ( `id` = 12531 ) AND ( `status` = 1 ) LIMIT 1   [ RunTime:0.000084s ]
NOTIC: [8] Undefined index: is_reward /alidata/www/lawwith_test/Application/App/Controller/IndexController.class.php 第 60 行.
NOTIC: [8] Undefined index: reward_money /alidata/www/lawwith_test/Application/App/Controller/IndexController.class.php 第 61 行.
SQL: SELECT `law_name` FROM `lx_laws` WHERE ( `id` = 12531 ) AND ( `status` = 1 ) LIMIT 1   [ RunTime:0.000084s ]
NOTIC: [8] Undefined index: is_reward /alidata/www/lawwith_test/Application/App/Controller/IndexController.class.php 第 60 行.
NOTIC: [8] Undefined index: reward_money /alidata/www/lawwith_test/Application/App/Controller/IndexController.class.php 第 61 行.
SQL: SELECT `law_name` FROM `lx_laws` WHERE ( `id` = 12531 ) AND ( `status` = 1 ) LIMIT 1   [ RunTime:0.000089s ]
NOTIC: [8] Undefined index: is_reward /alidata/www/lawwith_test/Application/App/Controller/IndexController.class.php 第 60 行.
NOTIC: [8] Undefined index: reward_money /alidata/www/lawwith_test/Application/App/Controller/IndexController.class.php 第 61 行.
SQL: SELECT `law_name` FROM `lx_laws` WHERE ( `id` = 12531 ) AND ( `status` = 1 ) LIMIT 1   [ RunTime:0.000101s ]
NOTIC: [8] Undefined index: is_reward /alidata/www/lawwith_test/Application/App/Controller/IndexController.class.php 第 60 行.
NOTIC: [8] Undefined index: reward_money /alidata/www/lawwith_test/Application/App/Controller/IndexController.class.php 第 61 行.
SQL: SELECT `law_name` FROM `lx_laws` WHERE ( `id` = 12531 ) AND ( `status` = 1 ) LIMIT 1   [ RunTime:0.000088s ]
NOTIC: [8] Undefined index: is_reward /alidata/www/lawwith_test/Application/App/Controller/IndexController.class.php 第 60 行.
NOTIC: [8] Undefined index: reward_money /alidata/www/lawwith_test/Application/App/Controller/IndexController.class.php 第 61 行.
SQL: SELECT `law_name` FROM `lx_laws` WHERE ( `id` = 12531 ) AND ( `status` = 1 ) LIMIT 1   [ RunTime:0.000085s ]
NOTIC: [8] Undefined index: is_reward /alidata/www/lawwith_test/Application/App/Controller/IndexController.class.php 第 60 行.
NOTIC: [8] Undefined index: reward_money /alidata/www/lawwith_test/Application/App/Controller/IndexController.class.php 第 61 行.
SQL: SELECT `law_name` FROM `lx_laws` WHERE ( `id` = 12531 ) AND ( `status` = 1 ) LIMIT 1   [ RunTime:0.000087s ]
NOTIC: [8] Undefined index: is_reward /alidata/www/lawwith_test/Application/App/Controller/IndexController.class.php 第 60 行.
NOTIC: [8] Undefined index: reward_money /alidata/www/lawwith_test/Application/App/Controller/IndexController.class.php 第 61 行.
SQL: SELECT `law_name` FROM `lx_laws` WHERE ( `id` = 12531 ) AND ( `status` = 1 ) LIMIT 1   [ RunTime:0.000095s ]
NOTIC: [8] Undefined index: is_reward /alidata/www/lawwith_test/Application/App/Controller/IndexController.class.php 第 60 行.
NOTIC: [8] Undefined index: reward_money /alidata/www/lawwith_test/Application/App/Controller/IndexController.class.php 第 61 行.
SQL: SELECT `law_name` FROM `lx_laws` WHERE ( `id` = 12531 ) AND ( `status` = 1 ) LIMIT 1   [ RunTime:0.000086s ]
NOTIC: [8] Undefined index: is_reward /alidata/www/lawwith_test/Application/App/Controller/IndexController.class.php 第 60 行.
NOTIC: [8] Undefined index: reward_money /alidata/www/lawwith_test/Application/App/Controller/IndexController.class.php 第 61 行.
SQL: SELECT `law_name` FROM `lx_laws` WHERE ( `id` = 12531 ) AND ( `status` = 1 ) LIMIT 1   [ RunTime:0.000085s ]
NOTIC: [8] Undefined index: reward_money /alidata/www/lawwith_test/Application/App/Controller/IndexController.class.php 第 61 行.
SQL: SELECT `law_name` FROM `lx_laws` WHERE ( `id` = 12531 ) AND ( `status` = 1 ) LIMIT 1   [ RunTime:0.000083s ]
SQL: SELECT `law_name` FROM `lx_laws` WHERE ( `id` = 12531 ) AND ( `status` = 1 ) LIMIT 1   [ RunTime:0.000084s ]
SQL: SELECT `law_name` FROM `lx_laws` WHERE ( `id` = 12531 ) AND ( `status` = 1 ) LIMIT 1   [ RunTime:0.000083s ]
SQL: SELECT `law_name` FROM `lx_laws` WHERE ( `id` = 12531 ) AND ( `status` = 1 ) LIMIT 1   [ RunTime:0.000086s ]
SQL: SELECT `law_name` FROM `lx_laws` WHERE ( `id` = 12531 ) AND ( `status` = 1 ) LIMIT 1   [ RunTime:0.000084s ]
SQL: SELECT `law_name` FROM `lx_laws` WHERE ( `id` = 12531 ) AND ( `status` = 1 ) LIMIT 1   [ RunTime:0.000083s ]
SQL: SELECT `law_name` FROM `lx_laws` WHERE ( `id` = 12531 ) AND ( `status` = 1 ) LIMIT 1   [ RunTime:0.000083s ]
SQL: SELECT `law_name` FROM `lx_laws` WHERE ( `id` = 12531 ) AND ( `status` = 1 ) LIMIT 1   [ RunTime:0.000083s ]
SQL: SELECT `law_name` FROM `lx_laws` WHERE ( `id` = 12531 ) AND ( `status` = 1 ) LIMIT 1   [ RunTime:0.000083s ]
NOTIC: [8] Undefined index: is_reward /alidata/www/lawwith_test/Application/App/Controller/IndexController.class.php 第 60 行.
NOTIC: [8] Undefined index: reward_money /alidata/www/lawwith_test/Application/App/Controller/IndexController.class.php 第 61 行.
SQL: SELECT `law_name` FROM `lx_laws` WHERE ( `id` = 12531 ) AND ( `status` = 1 ) LIMIT 1   [ RunTime:0.000086s ]
NOTIC: [8] Undefined index: is_reward /alidata/www/lawwith_test/Application/App/Controller/IndexController.class.php 第 60 行.
NOTIC: [8] Undefined index: reward_money /alidata/www/lawwith_test/Application/App/Controller/IndexController.class.php 第 61 行.
SQL: SELECT `law_name` FROM `lx_laws` WHERE ( `id` = 12531 ) AND ( `status` = 1 ) LIMIT 1   [ RunTime:0.000085s ]
NOTIC: [8] Undefined index: is_reward /alidata/www/lawwith_test/Application/App/Controller/IndexController.class.php 第 60 行.
NOTIC: [8] Undefined index: reward_money /alidata/www/lawwith_test/Application/App/Controller/IndexController.class.php 第 61 行.
SQL: SELECT `law_name` FROM `lx_laws` WHERE ( `id` = 12531 ) AND ( `status` = 1 ) LIMIT 1   [ RunTime:0.000084s ]
NOTIC: [8] Undefined index: is_reward /alidata/www/lawwith_test/Application/App/Controller/IndexController.class.php 第 60 行.
NOTIC: [8] Undefined index: reward_money /alidata/www/lawwith_test/Application/App/Controller/IndexController.class.php 第 61 行.
SQL: SELECT `law_name` FROM `lx_laws` WHERE ( `id` = 12531 ) AND ( `status` = 1 ) LIMIT 1   [ RunTime:0.000084s ]
NOTIC: [8] Undefined index: is_reward /alidata/www/lawwith_test/Application/App/Controller/IndexController.class.php 第 60 行.
NOTIC: [8] Undefined index: reward_money /alidata/www/lawwith_test/Application/App/Controller/IndexController.class.php 第 61 行.
SQL: SELECT `law_name` FROM `lx_laws` WHERE ( `id` = 12531 ) AND ( `status` = 1 ) LIMIT 1   [ RunTime:0.000085s ]
NOTIC: [8] Undefined index: is_reward /alidata/www/lawwith_test/Application/App/Controller/IndexController.class.php 第 60 行.
NOTIC: [8] Undefined index: reward_money /alidata/www/lawwith_test/Application/App/Controller/IndexController.class.php 第 61 行.
SQL: SELECT `law_name` FROM `lx_laws` WHERE ( `id` = 12531 ) AND ( `status` = 1 ) LIMIT 1   [ RunTime:0.000094s ]
NOTIC: [8] Undefined index: is_reward /alidata/www/lawwith_test/Application/App/Controller/IndexController.class.php 第 60 行.
NOTIC: [8] Undefined index: reward_money /alidata/www/lawwith_test/Application/App/Controller/IndexController.class.php 第 61 行.
SQL: SELECT `law_name` FROM `lx_laws` WHERE ( `id` = 12531 ) AND ( `status` = 1 ) LIMIT 1   [ RunTime:0.000086s ]
NOTIC: [8] Undefined index: is_reward /alidata/www/lawwith_test/Application/App/Controller/IndexController.class.php 第 60 行.
NOTIC: [8] Undefined index: reward_money /alidata/www/lawwith_test/Application/App/Controller/IndexController.class.php 第 61 行.
SQL: SELECT `law_name` FROM `lx_laws` WHERE ( `id` = 12531 ) AND ( `status` = 1 ) LIMIT 1   [ RunTime:0.000085s ]
NOTIC: [8] Undefined index: is_reward /alidata/www/lawwith_test/Application/App/Controller/IndexController.class.php 第 60 行.
NOTIC: [8] Undefined index: reward_money /alidata/www/lawwith_test/Application/App/Controller/IndexController.class.php 第 61 行.
SQL: SELECT `law_name` FROM `lx_laws` WHERE ( `id` = 12531 ) AND ( `status` = 1 ) LIMIT 1   [ RunTime:0.000084s ]
NOTIC: [8] Undefined index: is_reward /alidata/www/lawwith_test/Application/App/Controller/IndexController.class.php 第 60 行.
NOTIC: [8] Undefined index: reward_money /alidata/www/lawwith_test/Application/App/Controller/IndexController.class.php 第 61 行.
SQL: SELECT `law_name` FROM `lx_laws` WHERE ( `id` = 12531 ) AND ( `status` = 1 ) LIMIT 1   [ RunTime:0.000086s ]
NOTIC: [8] Undefined index: is_reward /alidata/www/lawwith_test/Application/App/Controller/IndexController.class.php 第 60 行.
NOTIC: [8] Undefined index: reward_money /alidata/www/lawwith_test/Application/App/Controller/IndexController.class.php 第 61 行.
SQL: SELECT `law_name` FROM `lx_laws` WHERE ( `id` = 12531 ) AND ( `status` = 1 ) LIMIT 1   [ RunTime:0.000150s ]
NOTIC: [8] Undefined index: is_reward /alidata/www/lawwith_test/Application/App/Controller/IndexController.class.php 第 60 行.
NOTIC: [8] Undefined index: reward_money /alidata/www/lawwith_test/Application/App/Controller/IndexController.class.php 第 61 行.
SQL: SELECT `law_name` FROM `lx_laws` WHERE ( `id` = 12531 ) AND ( `status` = 1 ) LIMIT 1   [ RunTime:0.000087s ]
NOTIC: [8] Undefined index: is_reward /alidata/www/lawwith_test/Application/App/Controller/IndexController.class.php 第 60 行.
NOTIC: [8] Undefined index: reward_money /alidata/www/lawwith_test/Application/App/Controller/IndexController.class.php 第 61 行.
SQL: SELECT `law_name` FROM `lx_laws` WHERE ( `id` = 12531 ) AND ( `status` = 1 ) LIMIT 1   [ RunTime:0.000084s ]
NOTIC: [8] Undefined index: is_reward /alidata/www/lawwith_test/Application/App/Controller/IndexController.class.php 第 60 行.
NOTIC: [8] Undefined index: reward_money /alidata/www/lawwith_test/Application/App/Controller/IndexController.class.php 第 61 行.
SQL: SELECT `law_name` FROM `lx_laws` WHERE ( `id` = 12531 ) AND ( `status` = 1 ) LIMIT 1   [ RunTime:0.000100s ]
NOTIC: [8] Undefined index: is_reward /alidata/www/lawwith_test/Application/App/Controller/IndexController.class.php 第 60 行.
NOTIC: [8] Undefined index: reward_money /alidata/www/lawwith_test/Application/App/Controller/IndexController.class.php 第 61 行.
SQL: SELECT `law_name` FROM `lx_laws` WHERE ( `id` = 12531 ) AND ( `status` = 1 ) LIMIT 1   [ RunTime:0.000087s ]
NOTIC: [8] Undefined index: is_reward /alidata/www/lawwith_test/Application/App/Controller/IndexController.class.php 第 60 行.
NOTIC: [8] Undefined index: reward_money /alidata/www/lawwith_test/Application/App/Controller/IndexController.class.php 第 61 行.
SQL: SELECT `law_name` FROM `lx_laws` WHERE ( `id` = 12531 ) AND ( `status` = 1 ) LIMIT 1   [ RunTime:0.000092s ]
NOTIC: [8] Undefined index: is_reward /alidata/www/lawwith_test/Application/App/Controller/IndexController.class.php 第 60 行.
NOTIC: [8] Undefined index: reward_money /alidata/www/lawwith_test/Application/App/Controller/IndexController.class.php 第 61 行.
SQL: SELECT `law_name` FROM `lx_laws` WHERE ( `id` = 12531 ) AND ( `status` = 1 ) LIMIT 1   [ RunTime:0.000087s ]
NOTIC: [8] Undefined index: is_reward /alidata/www/lawwith_test/Application/App/Controller/IndexController.class.php 第 60 行.
NOTIC: [8] Undefined index: reward_money /alidata/www/lawwith_test/Application/App/Controller/IndexController.class.php 第 61 行.
SQL: SELECT `law_name` FROM `lx_laws` WHERE ( `id` = 12531 ) AND ( `status` = 1 ) LIMIT 1   [ RunTime:0.000085s ]
NOTIC: [8] Undefined index: reward_money /alidata/www/lawwith_test/Application/App/Controller/IndexController.class.php 第 61 行.
SQL: SELECT `law_name` FROM `lx_laws` WHERE ( `id` = 12531 ) AND ( `status` = 1 ) LIMIT 1   [ RunTime:0.000086s ]
SQL: SELECT `law_name` FROM `lx_laws` WHERE ( `id` = 12531 ) AND ( `status` = 1 ) LIMIT 1   [ RunTime:0.000084s ]
SQL: SELECT `law_name` FROM `lx_laws` WHERE ( `id` = 12531 ) AND ( `status` = 1 ) LIMIT 1   [ RunTime:0.000082s ]
SQL: SELECT `law_name` FROM `lx_laws` WHERE ( `id` = 12531 ) AND ( `status` = 1 ) LIMIT 1   [ RunTime:0.000106s ]
SQL: SELECT `law_name` FROM `lx_laws` WHERE ( `id` = 12531 ) AND ( `status` = 1 ) LIMIT 1   [ RunTime:0.000086s ]
SQL: SELECT `law_name` FROM `lx_laws` WHERE ( `id` = 12531 ) AND ( `status` = 1 ) LIMIT 1   [ RunTime:0.000084s ]
SQL: SELECT `law_name` FROM `lx_laws` WHERE ( `id` = 12531 ) AND ( `status` = 1 ) LIMIT 1   [ RunTime:0.000083s ]
SQL: SELECT `law_name` FROM `lx_laws` WHERE ( `id` = 12531 ) AND ( `status` = 1 ) LIMIT 1   [ RunTime:0.000083s ]
SQL: SELECT `law_name` FROM `lx_laws` WHERE ( `id` = 12531 ) AND ( `status` = 1 ) LIMIT 1   [ RunTime:0.000083s ]
NOTIC: [8] Undefined index: is_reward /alidata/www/lawwith_test/Application/App/Controller/IndexController.class.php 第 60 行.
NOTIC: [8] Undefined index: reward_money /alidata/www/lawwith_test/Application/App/Controller/IndexController.class.php 第 61 行.
SQL: SELECT `law_name` FROM `lx_laws` WHERE ( `id` = 12531 ) AND ( `status` = 1 ) LIMIT 1   [ RunTime:0.000087s ]
NOTIC: [8] Undefined index: is_reward /alidata/www/lawwith_test/Application/App/Controller/IndexController.class.php 第 60 行.
NOTIC: [8] Undefined index: reward_money /alidata/www/lawwith_test/Application/App/Controller/IndexController.class.php 第 61 行.
SQL: SELECT `law_name` FROM `lx_laws` WHERE ( `id` = 12531 ) AND ( `status` = 1 ) LIMIT 1   [ RunTime:0.000086s ]
NOTIC: [8] Undefined index: is_reward /alidata/www/lawwith_test/Application/App/Controller/IndexController.class.php 第 60 行.
NOTIC: [8] Undefined index: reward_money /alidata/www/lawwith_test/Application/App/Controller/IndexController.class.php 第 61 行.
SQL: SELECT `law_name` FROM `lx_laws` WHERE ( `id` = 12531 ) AND ( `status` = 1 ) LIMIT 1   [ RunTime:0.000086s ]
NOTIC: [8] Undefined index: is_reward /alidata/www/lawwith_test/Application/App/Controller/IndexController.class.php 第 60 行.
NOTIC: [8] Undefined index: reward_money /alidata/www/lawwith_test/Application/App/Controller/IndexController.class.php 第 61 行.
SQL: SELECT `law_name` FROM `lx_laws` WHERE ( `id` = 12531 ) AND ( `status` = 1 ) LIMIT 1   [ RunTime:0.000090s ]
NOTIC: [8] Undefined index: is_reward /alidata/www/lawwith_test/Application/App/Controller/IndexController.class.php 第 60 行.
NOTIC: [8] Undefined index: reward_money /alidata/www/lawwith_test/Application/App/Controller/IndexController.class.php 第 61 行.
SQL: SELECT `law_name` FROM `lx_laws` WHERE ( `id` = 12531 ) AND ( `status` = 1 ) LIMIT 1   [ RunTime:0.000085s ]
NOTIC: [8] Undefined index: is_reward /alidata/www/lawwith_test/Application/App/Controller/IndexController.class.php 第 60 行.
NOTIC: [8] Undefined index: reward_money /alidata/www/lawwith_test/Application/App/Controller/IndexController.class.php 第 61 行.
SQL: SELECT `law_name` FROM `lx_laws` WHERE ( `id` = 12531 ) AND ( `status` = 1 ) LIMIT 1   [ RunTime:0.000087s ]
NOTIC: [8] Undefined index: is_reward /alidata/www/lawwith_test/Application/App/Controller/IndexController.class.php 第 60 行.
NOTIC: [8] Undefined index: reward_money /alidata/www/lawwith_test/Application/App/Controller/IndexController.class.php 第 61 行.
SQL: SELECT `law_name` FROM `lx_laws` WHERE ( `id` = 12531 ) AND ( `status` = 1 ) LIMIT 1   [ RunTime:0.000084s ]
NOTIC: [8] Undefined index: is_reward /alidata/www/lawwith_test/Application/App/Controller/IndexController.class.php 第 60 行.
NOTIC: [8] Undefined index: reward_money /alidata/www/lawwith_test/Application/App/Controller/IndexController.class.php 第 61 行.
SQL: SELECT `law_name` FROM `lx_laws` WHERE ( `id` = 12531 ) AND ( `status` = 1 ) LIMIT 1   [ RunTime:0.000084s ]
NOTIC: [8] Undefined index: is_reward /alidata/www/lawwith_test/Application/App/Controller/IndexController.class.php 第 60 行.
NOTIC: [8] Undefined index: reward_money /alidata/www/lawwith_test/Application/App/Controller/IndexController.class.php 第 61 行.
SQL: SELECT `law_name` FROM `lx_laws` WHERE ( `id` = 12531 ) AND ( `status` = 1 ) LIMIT 1   [ RunTime:0.000084s ]
NOTIC: [8] Undefined index: is_reward /alidata/www/lawwith_test/Application/App/Controller/IndexController.class.php 第 60 行.
NOTIC: [8] Undefined index: reward_money /alidata/www/lawwith_test/Application/App/Controller/IndexController.class.php 第 61 行.
SQL: SELECT `law_name` FROM `lx_laws` WHERE ( `id` = 12531 ) AND ( `status` = 1 ) LIMIT 1   [ RunTime:0.000083s ]
NOTIC: [8] Undefined index: is_reward /alidata/www/lawwith_test/Application/App/Controller/IndexController.class.php 第 60 行.
NOTIC: [8] Undefined index: reward_money /alidata/www/lawwith_test/Application/App/Controller/IndexController.class.php 第 61 行.
SQL: SELECT `law_name` FROM `lx_laws` WHERE ( `id` = 12531 ) AND ( `status` = 1 ) LIMIT 1   [ RunTime:0.000093s ]
NOTIC: [8] Undefined index: is_reward /alidata/www/lawwith_test/Application/App/Controller/IndexController.class.php 第 60 行.
NOTIC: [8] Undefined index: reward_money /alidata/www/lawwith_test/Application/App/Controller/IndexController.class.php 第 61 行.
SQL: SELECT `law_name` FROM `lx_laws` WHERE ( `id` = 12531 ) AND ( `status` = 1 ) LIMIT 1   [ RunTime:0.000086s ]
NOTIC: [8] Undefined index: is_reward /alidata/www/lawwith_test/Application/App/Controller/IndexController.class.php 第 60 行.
NOTIC: [8] Undefined index: reward_money /alidata/www/lawwith_test/Application/App/Controller/IndexController.class.php 第 61 行.
SQL: SELECT `law_name` FROM `lx_laws` WHERE ( `id` = 12531 ) AND ( `status` = 1 ) LIMIT 1   [ RunTime:0.000085s ]
NOTIC: [8] Undefined index: is_reward /alidata/www/lawwith_test/Application/App/Controller/IndexController.class.php 第 60 行.
NOTIC: [8] Undefined index: reward_money /alidata/www/lawwith_test/Application/App/Controller/IndexController.class.php 第 61 行.
SQL: SELECT `law_name` FROM `lx_laws` WHERE ( `id` = 12531 ) AND ( `status` = 1 ) LIMIT 1   [ RunTime:0.000086s ]
NOTIC: [8] Undefined index: is_reward /alidata/www/lawwith_test/Application/App/Controller/IndexController.class.php 第 60 行.
NOTIC: [8] Undefined index: reward_money /alidata/www/lawwith_test/Application/App/Controller/IndexController.class.php 第 61 行.
SQL: SELECT `law_name` FROM `lx_laws` WHERE ( `id` = 12531 ) AND ( `status` = 1 ) LIMIT 1   [ RunTime:0.000086s ]
NOTIC: [8] Undefined index: is_reward /alidata/www/lawwith_test/Application/App/Controller/IndexController.class.php 第 60 行.
NOTIC: [8] Undefined index: reward_money /alidata/www/lawwith_test/Application/App/Controller/IndexController.class.php 第 61 行.
SQL: SELECT `law_name` FROM `lx_laws` WHERE ( `id` = 12531 ) AND ( `status` = 1 ) LIMIT 1   [ RunTime:0.000093s ]
NOTIC: [8] Undefined index: is_reward /alidata/www/lawwith_test/Application/App/Controller/IndexController.class.php 第 60 行.
NOTIC: [8] Undefined index: reward_money /alidata/www/lawwith_test/Application/App/Controller/IndexController.class.php 第 61 行.
SQL: SELECT `law_name` FROM `lx_laws` WHERE ( `id` = 12531 ) AND ( `status` = 1 ) LIMIT 1   [ RunTime:0.000085s ]
NOTIC: [8] Undefined index: is_reward /alidata/www/lawwith_test/Application/App/Controller/IndexController.class.php 第 60 行.
NOTIC: [8] Undefined index: reward_money /alidata/www/lawwith_test/Application/App/Controller/IndexController.class.php 第 61 行.
SQL: SELECT `law_name` FROM `lx_laws` WHERE ( `id` = 12531 ) AND ( `status` = 1 ) LIMIT 1   [ RunTime:0.000084s ]
NOTIC: [8] Undefined index: reward_money /alidata/www/lawwith_test/Application/App/Controller/IndexController.class.php 第 61 行.
SQL: SELECT `law_name` FROM `lx_laws` WHERE ( `id` = 12531 ) AND ( `status` = 1 ) LIMIT 1   [ RunTime:0.000083s ]
SQL: SELECT `law_name` FROM `lx_laws` WHERE ( `id` = 12531 ) AND ( `status` = 1 ) LIMIT 1   [ RunTime:0.000083s ]
SQL: SELECT `law_name` FROM `lx_laws` WHERE ( `id` = 12531 ) AND ( `status` = 1 ) LIMIT 1   [ RunTime:0.000084s ]
SQL: SELECT `law_name` FROM `lx_laws` WHERE ( `id` = 12531 ) AND ( `status` = 1 ) LIMIT 1   [ RunTime:0.000092s ]
SQL: SELECT `law_name` FROM `lx_laws` WHERE ( `id` = 12531 ) AND ( `status` = 1 ) LIMIT 1   [ RunTime:0.000084s ]
SQL: SELECT `law_name` FROM `lx_laws` WHERE ( `id` = 12531 ) AND ( `status` = 1 ) LIMIT 1   [ RunTime:0.000083s ]
SQL: SELECT `law_name` FROM `lx_laws` WHERE ( `id` = 12531 ) AND ( `status` = 1 ) LIMIT 1   [ RunTime:0.000085s ]
SQL: SELECT `law_name` FROM `lx_laws` WHERE ( `id` = 12531 ) AND ( `status` = 1 ) LIMIT 1   [ RunTime:0.000100s ]
SQL: SELECT `law_name` FROM `lx_laws` WHERE ( `id` = 13002 ) AND ( `status` = 1 ) LIMIT 1   [ RunTime:0.000108s ]
NOTIC: [8] Undefined index: is_reward /alidata/www/lawwith_test/Application/App/Controller/IndexController.class.php 第 60 行.
NOTIC: [8] Undefined index: reward_money /alidata/www/lawwith_test/Application/App/Controller/IndexController.class.php 第 61 行.
SQL: SELECT `law_name` FROM `lx_laws` WHERE ( `id` = 13002 ) AND ( `status` = 1 ) LIMIT 1   [ RunTime:0.000087s ]
NOTIC: [8] Undefined index: is_reward /alidata/www/lawwith_test/Application/App/Controller/IndexController.class.php 第 60 行.
NOTIC: [8] Undefined index: reward_money /alidata/www/lawwith_test/Application/App/Controller/IndexController.class.php 第 61 行.
SQL: SELECT `law_name` FROM `lx_laws` WHERE ( `id` = 13002 ) AND ( `status` = 1 ) LIMIT 1   [ RunTime:0.000085s ]
NOTIC: [8] Undefined index: is_reward /alidata/www/lawwith_test/Application/App/Controller/IndexController.class.php 第 60 行.
NOTIC: [8] Undefined index: reward_money /alidata/www/lawwith_test/Application/App/Controller/IndexController.class.php 第 61 行.
SQL: SELECT `law_name` FROM `lx_laws` WHERE ( `id` = 13002 ) AND ( `status` = 1 ) LIMIT 1   [ RunTime:0.000087s ]
NOTIC: [8] Undefined index: is_reward /alidata/www/lawwith_test/Application/App/Controller/IndexController.class.php 第 60 行.
NOTIC: [8] Undefined index: reward_money /alidata/www/lawwith_test/Application/App/Controller/IndexController.class.php 第 61 行.
SQL: SELECT `law_name` FROM `lx_laws` WHERE ( `id` = 13002 ) AND ( `status` = 1 ) LIMIT 1   [ RunTime:0.000085s ]
NOTIC: [8] Undefined index: is_reward /alidata/www/lawwith_test/Application/App/Controller/IndexController.class.php 第 60 行.
NOTIC: [8] Undefined index: reward_money /alidata/www/lawwith_test/Application/App/Controller/IndexController.class.php 第 61 行.
SQL: SELECT `law_name` FROM `lx_laws` WHERE ( `id` = 13002 ) AND ( `status` = 1 ) LIMIT 1   [ RunTime:0.000093s ]
NOTIC: [8] Undefined index: is_reward /alidata/www/lawwith_test/Application/App/Controller/IndexController.class.php 第 60 行.
NOTIC: [8] Undefined index: reward_money /alidata/www/lawwith_test/Application/App/Controller/IndexController.class.php 第 61 行.
SQL: SELECT `law_name` FROM `lx_laws` WHERE ( `id` = 13002 ) AND ( `status` = 1 ) LIMIT 1   [ RunTime:0.000086s ]
NOTIC: [8] Undefined index: is_reward /alidata/www/lawwith_test/Application/App/Controller/IndexController.class.php 第 60 行.
NOTIC: [8] Undefined index: reward_money /alidata/www/lawwith_test/Application/App/Controller/IndexController.class.php 第 61 行.
SQL: SELECT `law_name` FROM `lx_laws` WHERE ( `id` = 13002 ) AND ( `status` = 1 ) LIMIT 1   [ RunTime:0.000103s ]
NOTIC: [8] Undefined index: is_reward /alidata/www/lawwith_test/Application/App/Controller/IndexController.class.php 第 60 行.
NOTIC: [8] Undefined index: reward_money /alidata/www/lawwith_test/Application/App/Controller/IndexController.class.php 第 61 行.
SQL: SELECT `law_name` FROM `lx_laws` WHERE ( `id` = 13002 ) AND ( `status` = 1 ) LIMIT 1   [ RunTime:0.000089s ]
NOTIC: [8] Undefined index: is_reward /alidata/www/lawwith_test/Application/App/Controller/IndexController.class.php 第 60 行.
NOTIC: [8] Undefined index: reward_money /alidata/www/lawwith_test/Application/App/Controller/IndexController.class.php 第 61 行.
SQL: SELECT `law_name` FROM `lx_laws` WHERE ( `id` = 13002 ) AND ( `status` = 1 ) LIMIT 1   [ RunTime:0.000085s ]
NOTIC: [8] Undefined index: is_reward /alidata/www/lawwith_test/Application/App/Controller/IndexController.class.php 第 60 行.
NOTIC: [8] Undefined index: reward_money /alidata/www/lawwith_test/Application/App/Controller/IndexController.class.php 第 61 行.
SQL: SELECT `law_name` FROM `lx_laws` WHERE ( `id` = 13002 ) AND ( `status` = 1 ) LIMIT 1   [ RunTime:0.000084s ]
NOTIC: [8] Undefined index: is_reward /alidata/www/lawwith_test/Application/App/Controller/IndexController.class.php 第 60 行.
NOTIC: [8] Undefined index: reward_money /alidata/www/lawwith_test/Application/App/Controller/IndexController.class.php 第 61 行.
SQL: SELECT `law_name` FROM `lx_laws` WHERE ( `id` = 13002 ) AND ( `status` = 1 ) LIMIT 1   [ RunTime:0.000086s ]
NOTIC: [8] Undefined index: is_reward /alidata/www/lawwith_test/Application/App/Controller/IndexController.class.php 第 60 行.
NOTIC: [8] Undefined index: reward_money /alidata/www/lawwith_test/Application/App/Controller/IndexController.class.php 第 61 行.
SQL: SELECT `law_name` FROM `lx_laws` WHERE ( `id` = 13002 ) AND ( `status` = 1 ) LIMIT 1   [ RunTime:0.000084s ]
NOTIC: [8] Undefined index: is_reward /alidata/www/lawwith_test/Application/App/Controller/IndexController.class.php 第 60 行.
NOTIC: [8] Undefined index: reward_money /alidata/www/lawwith_test/Application/App/Controller/IndexController.class.php 第 61 行.
SQL: SELECT `law_name` FROM `lx_laws` WHERE ( `id` = 13002 ) AND ( `status` = 1 ) LIMIT 1   [ RunTime:0.000086s ]
NOTIC: [8] Undefined index: is_reward /alidata/www/lawwith_test/Application/App/Controller/IndexController.class.php 第 60 行.
NOTIC: [8] Undefined index: reward_money /alidata/www/lawwith_test/Application/App/Controller/IndexController.class.php 第 61 行.
SQL: SELECT `law_name` FROM `lx_laws` WHERE ( `id` = 13002 ) AND ( `status` = 1 ) LIMIT 1   [ RunTime:0.000085s ]
NOTIC: [8] Undefined index: is_reward /alidata/www/lawwith_test/Application/App/Controller/IndexController.class.php 第 60 行.
NOTIC: [8] Undefined index: reward_money /alidata/www/lawwith_test/Application/App/Controller/IndexController.class.php 第 61 行.
SQL: SELECT `law_name` FROM `lx_laws` WHERE ( `id` = 13002 ) AND ( `status` = 1 ) LIMIT 1   [ RunTime:0.000085s ]
NOTIC: [8] Undefined index: is_reward /alidata/www/lawwith_test/Application/App/Controller/IndexController.class.php 第 60 行.
NOTIC: [8] Undefined index: reward_money /alidata/www/lawwith_test/Application/App/Controller/IndexController.class.php 第 61 行.
SQL: SELECT `law_name` FROM `lx_laws` WHERE ( `id` = 13002 ) AND ( `status` = 1 ) LIMIT 1   [ RunTime:0.000087s ]
NOTIC: [8] Undefined index: is_reward /alidata/www/lawwith_test/Application/App/Controller/IndexController.class.php 第 60 行.
NOTIC: [8] Undefined index: reward_money /alidata/www/lawwith_test/Application/App/Controller/IndexController.class.php 第 61 行.
SQL: SELECT `law_name` FROM `lx_laws` WHERE ( `id` = 13002 ) AND ( `status` = 1 ) LIMIT 1   [ RunTime:0.000085s ]
NOTIC: [8] Undefined index: is_reward /alidata/www/lawwith_test/Application/App/Controller/IndexController.class.php 第 60 行.
NOTIC: [8] Undefined index: reward_money /alidata/www/lawwith_test/Application/App/Controller/IndexController.class.php 第 61 行.
SQL: SELECT `law_name` FROM `lx_laws` WHERE ( `id` = 13002 ) AND ( `status` = 1 ) LIMIT 1   [ RunTime:0.000087s ]
NOTIC: [8] Undefined index: reward_money /alidata/www/lawwith_test/Application/App/Controller/IndexController.class.php 第 61 行.
SQL: SELECT `law_name` FROM `lx_laws` WHERE ( `id` = 13002 ) AND ( `status` = 1 ) LIMIT 1   [ RunTime:0.000085s ]
SQL: SELECT `law_name` FROM `lx_laws` WHERE ( `id` = 13002 ) AND ( `status` = 1 ) LIMIT 1   [ RunTime:0.000086s ]
SQL: SELECT `law_name` FROM `lx_laws` WHERE ( `id` = 13002 ) AND ( `status` = 1 ) LIMIT 1   [ RunTime:0.000083s ]
SQL: SELECT `law_name` FROM `lx_laws` WHERE ( `id` = 13002 ) AND ( `status` = 1 ) LIMIT 1   [ RunTime:0.000089s ]
SQL: SELECT `law_name` FROM `lx_laws` WHERE ( `id` = 13002 ) AND ( `status` = 1 ) LIMIT 1   [ RunTime:0.000085s ]
SQL: SELECT `law_name` FROM `lx_laws` WHERE ( `id` = 13002 ) AND ( `status` = 1 ) LIMIT 1   [ RunTime:0.000082s ]
SQL: SELECT `law_name` FROM `lx_laws` WHERE ( `id` = 13002 ) AND ( `status` = 1 ) LIMIT 1   [ RunTime:0.000082s ]
SQL: SELECT `law_name` FROM `lx_laws` WHERE ( `id` = 13002 ) AND ( `status` = 1 ) LIMIT 1   [ RunTime:0.000082s ]
NOTIC: [2] Invalid argument supplied for foreach() /alidata/www/lawwith_test/Application/App/Controller/IndexController.class.php 第 51 行.
NOTIC: [2] Invalid argument supplied for foreach() /alidata/www/lawwith_test/Application/App/Controller/IndexController.class.php 第 51 行.
NOTIC: [2] Invalid argument supplied for foreach() /alidata/www/lawwith_test/Application/App/Controller/IndexController.class.php 第 51 行.

