[ 2018-10-27T01:41:06+08:00 ] 47.99.197.240 /
INFO: [ app_begin ] --START--
INFO: Run Behavior\ReadHtmlCache [ RunTime:0.000058s ]
INFO: [ app_begin ] --END-- [ RunTime:0.000165s ]
INFO: [ view_parse ] --START--
INFO: [ template_filter ] --START--
INFO: Run Behavior\ContentReplace [ RunTime:0.000043s ]
INFO: [ template_filter ] --END-- [ RunTime:0.000091s ]
INFO: Run Behavior\ParseTemplate [ RunTime:0.001922s ]
INFO: [ view_parse ] --END-- [ RunTime:0.001977s ]
INFO: [ view_filter ] --START--
INFO: Run Behavior\WriteHtmlCache [ RunTime:0.000050s ]
INFO: [ view_filter ] --END-- [ RunTime:0.000081s ]
INFO: [ app_end ] --START--
INFO: Run Behavior\ShowPageTrace [ RunTime:0.000040s ]
INFO: [ app_end ] --END-- [ RunTime:0.000073s ]

[ 2018-10-27T01:41:07+08:00 ] 47.99.197.240 /script/multiupload/uploadify.css
INFO: [ app_begin ] --START--
INFO: Run Behavior\ReadHtmlCache [ RunTime:0.000054s ]
INFO: [ app_begin ] --END-- [ RunTime:0.000153s ]
ERR: 无法加载控制器:Script

[ 2018-10-27T01:41:07+08:00 ] 47.99.197.240 /uploadify/uploadify.css
INFO: [ app_begin ] --START--
INFO: Run Behavior\ReadHtmlCache [ RunTime:0.000042s ]
INFO: [ app_begin ] --END-- [ RunTime:0.000114s ]
ERR: 无法加载控制器:Uploadify

[ 2018-10-27T01:41:08+08:00 ] 47.99.197.240 /admin/uploadify/uploadify.css
ERR: 无法加载控制器:Uploadify

[ 2018-10-27T01:41:10+08:00 ] 47.99.197.240 /Public/uploadify/uploadify.css
INFO: [ app_begin ] --START--
INFO: Run Behavior\ReadHtmlCache [ RunTime:0.000046s ]
INFO: [ app_begin ] --END-- [ RunTime:0.000125s ]
ERR: 无法加载控制器:Public

[ 2018-10-27T01:41:11+08:00 ] 47.99.197.240 /js/uploadify/uploadify.css
INFO: [ app_begin ] --START--
INFO: Run Behavior\ReadHtmlCache [ RunTime:0.000042s ]
INFO: [ app_begin ] --END-- [ RunTime:0.000113s ]
ERR: 无法加载控制器:Js

[ 2018-10-27T01:41:13+08:00 ] 47.99.197.240 /plugin/uploadify/uploadify.css
INFO: [ app_begin ] --START--
INFO: Run Behavior\ReadHtmlCache [ RunTime:0.000044s ]
INFO: [ app_begin ] --END-- [ RunTime:0.000118s ]
ERR: 无法加载控制器:Plugin

[ 2018-10-27T01:41:15+08:00 ] 47.99.197.240 /public/js/uploadify/uploadify.css
INFO: [ app_begin ] --START--
INFO: Run Behavior\ReadHtmlCache [ RunTime:0.000045s ]
INFO: [ app_begin ] --END-- [ RunTime:0.000121s ]
ERR: 无法加载控制器:Public

[ 2018-10-27T01:41:15+08:00 ] 47.99.197.240 /public/uploadify/uploadify.css
INFO: [ app_begin ] --START--
INFO: Run Behavior\ReadHtmlCache [ RunTime:0.000029s ]
INFO: [ app_begin ] --END-- [ RunTime:0.000100s ]
ERR: 无法加载控制器:Public

[ 2018-10-27T01:41:16+08:00 ] 47.99.197.240 /uploadify/scripts/uploadify.css
INFO: [ app_begin ] --START--
INFO: Run Behavior\ReadHtmlCache [ RunTime:0.000033s ]
INFO: [ app_begin ] --END-- [ RunTime:0.000106s ]
ERR: 无法加载控制器:Uploadify

[ 2018-10-27T01:41:18+08:00 ] 47.99.197.240 /static/js/uploadify/uploadify.css
INFO: [ app_begin ] --START--
INFO: Run Behavior\ReadHtmlCache [ RunTime:0.000038s ]
INFO: [ app_begin ] --END-- [ RunTime:0.000119s ]
ERR: 无法加载控制器:Static

[ 2018-10-27T01:41:20+08:00 ] 47.99.197.240 /uploadify.css
INFO: [ app_begin ] --START--
INFO: Run Behavior\ReadHtmlCache [ RunTime:0.000045s ]
INFO: [ app_begin ] --END-- [ RunTime:0.000119s ]
ERR: 无法加载控制器:Uploadify

[ 2018-10-27T01:41:20+08:00 ] 47.99.197.240 /css/uploadify/uploadify.css
INFO: [ app_begin ] --START--
INFO: Run Behavior\ReadHtmlCache [ RunTime:0.000044s ]
INFO: [ app_begin ] --END-- [ RunTime:0.000148s ]
ERR: 无法加载控制器:Css

[ 2018-10-27T01:41:21+08:00 ] 47.99.197.240 /Public/Admin/uploadify/uploadify.css
INFO: [ app_begin ] --START--
INFO: Run Behavior\ReadHtmlCache [ RunTime:0.000029s ]
INFO: [ app_begin ] --END-- [ RunTime:0.000108s ]
ERR: 无法加载控制器:Public

[ 2018-10-27T01:41:23+08:00 ] 47.99.197.240 /lib/uploadify/uploadify.css
INFO: [ app_begin ] --START--
INFO: Run Behavior\ReadHtmlCache [ RunTime:0.000045s ]
INFO: [ app_begin ] --END-- [ RunTime:0.000131s ]
ERR: 无法加载控制器:Lib

[ 2018-10-27T03:58:00+08:00 ] 101.132.97.53 /
INFO: [ app_begin ] --START--
INFO: Run Behavior\ReadHtmlCache [ RunTime:0.000030s ]
INFO: [ app_begin ] --END-- [ RunTime:0.000098s ]
INFO: [ view_parse ] --START--
INFO: [ template_filter ] --START--
INFO: Run Behavior\ContentReplace [ RunTime:0.000027s ]
INFO: [ template_filter ] --END-- [ RunTime:0.000061s ]
INFO: Run Behavior\ParseTemplate [ RunTime:0.000887s ]
INFO: [ view_parse ] --END-- [ RunTime:0.000924s ]
INFO: [ view_filter ] --START--
INFO: Run Behavior\WriteHtmlCache [ RunTime:0.000031s ]
INFO: [ view_filter ] --END-- [ RunTime:0.000055s ]
INFO: [ app_end ] --START--
INFO: Run Behavior\ShowPageTrace [ RunTime:0.000025s ]
INFO: [ app_end ] --END-- [ RunTime:0.000050s ]

[ 2018-10-27T05:07:08+08:00 ] 106.14.115.254 /
INFO: [ app_begin ] --START--
INFO: Run Behavior\ReadHtmlCache [ RunTime:0.000031s ]
INFO: [ app_begin ] --END-- [ RunTime:0.000100s ]
INFO: [ view_parse ] --START--
INFO: [ template_filter ] --START--
INFO: Run Behavior\ContentReplace [ RunTime:0.000029s ]
INFO: [ template_filter ] --END-- [ RunTime:0.000067s ]
INFO: Run Behavior\ParseTemplate [ RunTime:0.001302s ]
INFO: [ view_parse ] --END-- [ RunTime:0.001341s ]
INFO: [ view_filter ] --START--
INFO: Run Behavior\WriteHtmlCache [ RunTime:0.000039s ]
INFO: [ view_filter ] --END-- [ RunTime:0.000064s ]
INFO: [ app_end ] --START--
INFO: Run Behavior\ShowPageTrace [ RunTime:0.000031s ]
INFO: [ app_end ] --END-- [ RunTime:0.000056s ]

[ 2018-10-27T05:42:09+08:00 ] 202.108.211.56 /
INFO: [ app_begin ] --START--
INFO: Run Behavior\ReadHtmlCache [ RunTime:0.000031s ]
INFO: [ app_begin ] --END-- [ RunTime:0.000100s ]
INFO: [ view_parse ] --START--
INFO: [ template_filter ] --START--
INFO: Run Behavior\ContentReplace [ RunTime:0.000027s ]
INFO: [ template_filter ] --END-- [ RunTime:0.000062s ]
INFO: Run Behavior\ParseTemplate [ RunTime:0.001303s ]
INFO: [ view_parse ] --END-- [ RunTime:0.001341s ]
INFO: [ view_filter ] --START--
INFO: Run Behavior\WriteHtmlCache [ RunTime:0.000039s ]
INFO: [ view_filter ] --END-- [ RunTime:0.000071s ]
INFO: [ app_end ] --START--
INFO: Run Behavior\ShowPageTrace [ RunTime:0.000026s ]
INFO: [ app_end ] --END-- [ RunTime:0.000051s ]

[ 2018-10-27T08:29:15+08:00 ] 47.99.197.240 /
INFO: [ app_begin ] --START--
INFO: Run Behavior\ReadHtmlCache [ RunTime:0.000040s ]
INFO: [ app_begin ] --END-- [ RunTime:0.000119s ]
INFO: [ view_parse ] --START--
INFO: [ template_filter ] --START--
INFO: Run Behavior\ContentReplace [ RunTime:0.000029s ]
INFO: [ template_filter ] --END-- [ RunTime:0.000063s ]
INFO: Run Behavior\ParseTemplate [ RunTime:0.001266s ]
INFO: [ view_parse ] --END-- [ RunTime:0.001305s ]
INFO: [ view_filter ] --START--
INFO: Run Behavior\WriteHtmlCache [ RunTime:0.000040s ]
INFO: [ view_filter ] --END-- [ RunTime:0.000065s ]
INFO: [ app_end ] --START--
INFO: Run Behavior\ShowPageTrace [ RunTime:0.000026s ]
INFO: [ app_end ] --END-- [ RunTime:0.000051s ]

[ 2018-10-27T08:29:15+08:00 ] 47.99.197.240 /ckfinder/ckfinder.js
INFO: [ app_begin ] --START--
INFO: Run Behavior\ReadHtmlCache [ RunTime:0.000051s ]
INFO: [ app_begin ] --END-- [ RunTime:0.000132s ]
ERR: 无法加载控制器:Ckfinder

[ 2018-10-27T08:29:16+08:00 ] 47.99.197.240 /Public/ckfinder/ckfinder.js
INFO: [ app_begin ] --START--
INFO: Run Behavior\ReadHtmlCache [ RunTime:0.000027s ]
INFO: [ app_begin ] --END-- [ RunTime:0.000094s ]
ERR: 无法加载控制器:Public

[ 2018-10-27T08:29:18+08:00 ] 47.99.197.240 /admin/ckfinder/ckfinder.js
ERR: 无法加载控制器:Ckfinder

[ 2018-10-27T08:29:19+08:00 ] 47.99.197.240 /editor/ckfinder/ckfinder.js
INFO: [ app_begin ] --START--
INFO: Run Behavior\ReadHtmlCache [ RunTime:0.000028s ]
INFO: [ app_begin ] --END-- [ RunTime:0.000091s ]
ERR: 无法加载控制器:Editor

[ 2018-10-27T08:29:21+08:00 ] 47.99.197.240 /js/ckfinder/ckfinder.js
INFO: [ app_begin ] --START--
INFO: Run Behavior\ReadHtmlCache [ RunTime:0.000058s ]
INFO: [ app_begin ] --END-- [ RunTime:0.000136s ]
ERR: 无法加载控制器:Js

[ 2018-10-27T08:29:21+08:00 ] 47.99.197.240 /public/ckfinder/ckfinder.js
INFO: [ app_begin ] --START--
INFO: Run Behavior\ReadHtmlCache [ RunTime:0.000040s ]
INFO: [ app_begin ] --END-- [ RunTime:0.000111s ]
ERR: 无法加载控制器:Public

[ 2018-10-27T08:29:23+08:00 ] 47.99.197.240 /include/ckfinder/ckfinder.js
INFO: [ app_begin ] --START--
INFO: Run Behavior\ReadHtmlCache [ RunTime:0.000028s ]
INFO: [ app_begin ] --END-- [ RunTime:0.000095s ]
ERR: 无法加载控制器:Include

[ 2018-10-27T08:29:23+08:00 ] 47.99.197.240 /admin/js/ckfinder/ckfinder.js
ERR: 无法加载控制器:Js

[ 2018-10-27T08:29:24+08:00 ] 47.99.197.240 /scripts/ckfinder/ckfinder.js
INFO: [ app_begin ] --START--
INFO: Run Behavior\ReadHtmlCache [ RunTime:0.000030s ]
INFO: [ app_begin ] --END-- [ RunTime:0.000095s ]
ERR: 无法加载控制器:Scripts

[ 2018-10-27T08:29:25+08:00 ] 47.99.197.240 /static/js/ckfinder/ckfinder.js
INFO: [ app_begin ] --START--
INFO: Run Behavior\ReadHtmlCache [ RunTime:0.000042s ]
INFO: [ app_begin ] --END-- [ RunTime:0.000148s ]
ERR: 无法加载控制器:Static

[ 2018-10-27T08:29:27+08:00 ] 47.99.197.240 /tools/ckfinder/ckfinder.js
INFO: [ app_begin ] --START--
INFO: Run Behavior\ReadHtmlCache [ RunTime:0.000045s ]
INFO: [ app_begin ] --END-- [ RunTime:0.000122s ]
ERR: 无法加载控制器:Tools

[ 2018-10-27T08:29:27+08:00 ] 47.99.197.240 /manage/ckfinder/ckfinder.js
INFO: [ app_begin ] --START--
INFO: Run Behavior\ReadHtmlCache [ RunTime:0.000044s ]
INFO: [ app_begin ] --END-- [ RunTime:0.000115s ]
ERR: 无法加载控制器:Manage

[ 2018-10-27T08:29:29+08:00 ] 47.99.197.240 /common/ckfinder/ckfinder.js
INFO: [ app_begin ] --START--
INFO: Run Behavior\ReadHtmlCache [ RunTime:0.000075s ]
INFO: [ app_begin ] --END-- [ RunTime:0.000179s ]
ERR: 无法加载控制器:Common

[ 2018-10-27T08:29:30+08:00 ] 47.99.197.240 /includes/ckfinder/ckfinder.js
INFO: [ app_begin ] --START--
INFO: Run Behavior\ReadHtmlCache [ RunTime:0.000029s ]
INFO: [ app_begin ] --END-- [ RunTime:0.000098s ]
ERR: 无法加载控制器:Includes

[ 2018-10-27T08:29:32+08:00 ] 47.99.197.240 /plugin/ckfinder/ckfinder.js
INFO: [ app_begin ] --START--
INFO: Run Behavior\ReadHtmlCache [ RunTime:0.000057s ]
INFO: [ app_begin ] --END-- [ RunTime:0.000134s ]
ERR: 无法加载控制器:Plugin

[ 2018-10-27T08:29:32+08:00 ] 47.99.197.240 /system/ckfinder/ckfinder.js
INFO: [ app_begin ] --START--
INFO: Run Behavior\ReadHtmlCache [ RunTime:0.000045s ]
INFO: [ app_begin ] --END-- [ RunTime:0.000202s ]
ERR: 无法加载控制器:System

[ 2018-10-27T08:29:33+08:00 ] 47.99.197.240 /_admin/ckfinder/ckfinder.js
INFO: [ app_begin ] --START--
INFO: Run Behavior\ReadHtmlCache [ RunTime:0.000047s ]
INFO: [ app_begin ] --END-- [ RunTime:0.000145s ]
ERR: 无法加载控制器:_admin

[ 2018-10-27T08:29:36+08:00 ] 47.99.197.240 /sysadmin/ckfinder/ckfinder.js
INFO: [ app_begin ] --START--
INFO: Run Behavior\ReadHtmlCache [ RunTime:0.000029s ]
INFO: [ app_begin ] --END-- [ RunTime:0.000099s ]
ERR: 无法加载控制器:Sysadmin

[ 2018-10-27T08:29:37+08:00 ] 47.99.197.240 /webadmin/ckfinder/ckfinder.js
INFO: [ app_begin ] --START--
INFO: Run Behavior\ReadHtmlCache [ RunTime:0.000036s ]
INFO: [ app_begin ] --END-- [ RunTime:0.000101s ]
ERR: 无法加载控制器:Webadmin

[ 2018-10-27T08:29:39+08:00 ] 47.99.197.240 /lib/ckfinder/ckfinder.js
INFO: [ app_begin ] --START--
INFO: Run Behavior\ReadHtmlCache [ RunTime:0.000032s ]
INFO: [ app_begin ] --END-- [ RunTime:0.000102s ]
ERR: 无法加载控制器:Lib

[ 2018-10-27T08:29:40+08:00 ] 47.99.197.240 /Public/Js/ckfinder/ckfinder.js
INFO: [ app_begin ] --START--
INFO: Run Behavior\ReadHtmlCache [ RunTime:0.000028s ]
INFO: [ app_begin ] --END-- [ RunTime:0.000090s ]
ERR: 无法加载控制器:Public

[ 2018-10-27T08:29:42+08:00 ] 47.99.197.240 /public/js/ckfinder/ckfinder.js
INFO: [ app_begin ] --START--
INFO: Run Behavior\ReadHtmlCache [ RunTime:0.000031s ]
INFO: [ app_begin ] --END-- [ RunTime:0.000098s ]
ERR: 无法加载控制器:Public

[ 2018-10-27T09:30:27+08:00 ] 218.92.225.159 /
INFO: [ app_begin ] --START--
INFO: Run Behavior\ReadHtmlCache [ RunTime:0.000031s ]
INFO: [ app_begin ] --END-- [ RunTime:0.000113s ]
INFO: [ view_parse ] --START--
INFO: [ template_filter ] --START--
INFO: Run Behavior\ContentReplace [ RunTime:0.000028s ]
INFO: [ template_filter ] --END-- [ RunTime:0.000064s ]
INFO: Run Behavior\ParseTemplate [ RunTime:0.000960s ]
INFO: [ view_parse ] --END-- [ RunTime:0.001000s ]
INFO: [ view_filter ] --START--
INFO: Run Behavior\WriteHtmlCache [ RunTime:0.000032s ]
INFO: [ view_filter ] --END-- [ RunTime:0.000059s ]
INFO: [ app_end ] --START--
INFO: Run Behavior\ShowPageTrace [ RunTime:0.000026s ]
INFO: [ app_end ] --END-- [ RunTime:0.000051s ]

[ 2018-10-27T09:30:27+08:00 ] 218.92.225.159 /fckeditor/fckeditor.js
INFO: [ app_begin ] --START--
INFO: Run Behavior\ReadHtmlCache [ RunTime:0.000036s ]
INFO: [ app_begin ] --END-- [ RunTime:0.000102s ]
ERR: 无法加载控制器:Fckeditor

[ 2018-10-27T09:30:30+08:00 ] 218.92.225.159 /html/js/editor/fckeditor/fckeditor.js
INFO: [ app_begin ] --START--
INFO: Run Behavior\ReadHtmlCache [ RunTime:0.000028s ]
INFO: [ app_begin ] --END-- [ RunTime:0.000094s ]
ERR: 无法加载控制器:Html

[ 2018-10-27T09:30:32+08:00 ] 218.92.225.159 /editor/fckeditor.js
INFO: [ app_begin ] --START--
INFO: Run Behavior\ReadHtmlCache [ RunTime:0.000037s ]
INFO: [ app_begin ] --END-- [ RunTime:0.000118s ]
ERR: 无法加载控制器:Editor

[ 2018-10-27T09:30:35+08:00 ] 218.92.225.159 /include/fckeditor/fckeditor.js
INFO: [ app_begin ] --START--
INFO: Run Behavior\ReadHtmlCache [ RunTime:0.000031s ]
INFO: [ app_begin ] --END-- [ RunTime:0.000100s ]
ERR: 无法加载控制器:Include

[ 2018-10-27T09:30:39+08:00 ] 218.92.225.159 /admin/fck/fckeditor.js
ERR: 无法加载控制器:Fck

[ 2018-10-27T09:30:41+08:00 ] 218.92.225.159 /common/fckeditor/fckeditor.js
INFO: [ app_begin ] --START--
INFO: Run Behavior\ReadHtmlCache [ RunTime:0.000033s ]
INFO: [ app_begin ] --END-- [ RunTime:0.000109s ]
ERR: 无法加载控制器:Common

[ 2018-10-27T09:30:44+08:00 ] 218.92.225.159 /Public/Js/FCKeditor/fckeditor.js
INFO: [ app_begin ] --START--
INFO: Run Behavior\ReadHtmlCache [ RunTime:0.000032s ]
INFO: [ app_begin ] --END-- [ RunTime:0.000100s ]
ERR: 无法加载控制器:Public

[ 2018-10-27T09:30:47+08:00 ] 218.92.225.159 /manage/fckeditor/fckeditor.js
INFO: [ app_begin ] --START--
INFO: Run Behavior\ReadHtmlCache [ RunTime:0.000040s ]
INFO: [ app_begin ] --END-- [ RunTime:0.000106s ]
ERR: 无法加载控制器:Manage

[ 2018-10-27T09:30:47+08:00 ] 218.92.225.159 /includes/fckeditor/fckeditor.js
INFO: [ app_begin ] --START--
INFO: Run Behavior\ReadHtmlCache [ RunTime:0.000027s ]
INFO: [ app_begin ] --END-- [ RunTime:0.000089s ]
ERR: 无法加载控制器:Includes

[ 2018-10-27T09:30:50+08:00 ] 218.92.225.159 /editor/fckeditor/fckeditor.js
INFO: [ app_begin ] --START--
INFO: Run Behavior\ReadHtmlCache [ RunTime:0.000030s ]
INFO: [ app_begin ] --END-- [ RunTime:0.000098s ]
ERR: 无法加载控制器:Editor

[ 2018-10-27T09:30:52+08:00 ] 218.92.225.159 /inc/fckeditor/fckeditor.js
INFO: [ app_begin ] --START--
INFO: Run Behavior\ReadHtmlCache [ RunTime:0.000029s ]
INFO: [ app_begin ] --END-- [ RunTime:0.000092s ]
ERR: 无法加载控制器:Inc

[ 2018-10-27T09:30:54+08:00 ] 218.92.225.159 /admin/fckeditor/fckeditor.js
ERR: 无法加载控制器:Fckeditor

[ 2018-10-27T09:30:56+08:00 ] 218.92.225.159 /FCKeditor/fckeditor.js
INFO: [ app_begin ] --START--
INFO: Run Behavior\ReadHtmlCache [ RunTime:0.000028s ]
INFO: [ app_begin ] --END-- [ RunTime:0.000093s ]
ERR: 无法加载控制器:FCKeditor

[ 2018-10-27T09:30:59+08:00 ] 218.92.225.159 /Administrator/FCKeditor/fckeditor.js
INFO: [ app_begin ] --START--
INFO: Run Behavior\ReadHtmlCache [ RunTime:0.000029s ]
INFO: [ app_begin ] --END-- [ RunTime:0.000098s ]
ERR: 无法加载控制器:Administrator

[ 2018-10-27T09:31:02+08:00 ] 218.92.225.159 /admin/editor/fckeditor.js
ERR: 无法加载控制器:Editor

[ 2018-10-27T09:31:04+08:00 ] 218.92.225.159 /js/fckeditor/fckeditor.js
INFO: [ app_begin ] --START--
INFO: Run Behavior\ReadHtmlCache [ RunTime:0.000036s ]
INFO: [ app_begin ] --END-- [ RunTime:0.000104s ]
ERR: 无法加载控制器:Js

[ 2018-10-27T09:31:04+08:00 ] 218.92.225.159 /lib/FCKeditor/fckeditor.js
INFO: [ app_begin ] --START--
INFO: Run Behavior\ReadHtmlCache [ RunTime:0.000028s ]
INFO: [ app_begin ] --END-- [ RunTime:0.000092s ]
ERR: 无法加载控制器:Lib

[ 2018-10-27T09:31:07+08:00 ] 218.92.225.159 /_fckeditor/fckeditor.js
INFO: [ app_begin ] --START--
INFO: Run Behavior\ReadHtmlCache [ RunTime:0.000030s ]
INFO: [ app_begin ] --END-- [ RunTime:0.000109s ]
ERR: 无法加载控制器:_fckeditor

[ 2018-10-27T09:31:09+08:00 ] 218.92.225.159 /admin/view/javascript/fckeditor/fckeditor.js
ERR: 无法加载控制器:View

[ 2018-10-27T09:31:12+08:00 ] 218.92.225.159 /Web/FCKeditor/fckeditor.js
INFO: [ app_begin ] --START--
INFO: Run Behavior\ReadHtmlCache [ RunTime:0.000035s ]
INFO: [ app_begin ] --END-- [ RunTime:0.000134s ]
ERR: 无法加载控制器:Web

[ 2018-10-27T09:31:14+08:00 ] 218.92.225.159 /Fckeditor/fckeditor.js
INFO: [ app_begin ] --START--
INFO: Run Behavior\ReadHtmlCache [ RunTime:0.000030s ]
INFO: [ app_begin ] --END-- [ RunTime:0.000108s ]
ERR: 无法加载控制器:Fckeditor

[ 2018-10-27T09:31:17+08:00 ] 218.92.225.159 /scripts/fckeditor/fckeditor.js
INFO: [ app_begin ] --START--
INFO: Run Behavior\ReadHtmlCache [ RunTime:0.000044s ]
INFO: [ app_begin ] --END-- [ RunTime:0.000120s ]
ERR: 无法加载控制器:Scripts

[ 2018-10-27T09:31:19+08:00 ] 218.92.225.159 /admin/js/fckeditor/fckeditor.js
ERR: 无法加载控制器:Js

[ 2018-10-27T09:31:22+08:00 ] 218.92.225.159 /_admin/fckeditor/fckeditor.js
INFO: [ app_begin ] --START--
INFO: Run Behavior\ReadHtmlCache [ RunTime:0.000030s ]
INFO: [ app_begin ] --END-- [ RunTime:0.000100s ]
ERR: 无法加载控制器:_admin

[ 2018-10-27T09:31:26+08:00 ] 218.92.225.159 /editors/FCKeditor/fckeditor.js
INFO: [ app_begin ] --START--
INFO: Run Behavior\ReadHtmlCache [ RunTime:0.000047s ]
INFO: [ app_begin ] --END-- [ RunTime:0.000125s ]
ERR: 无法加载控制器:Editors

[ 2018-10-27T09:31:28+08:00 ] 218.92.225.159 /manage/fck/fckeditor.js
INFO: [ app_begin ] --START--
INFO: Run Behavior\ReadHtmlCache [ RunTime:0.000027s ]
INFO: [ app_begin ] --END-- [ RunTime:0.000097s ]
ERR: 无法加载控制器:Manage

[ 2018-10-27T09:31:29+08:00 ] 218.92.225.159 /fck/fckeditor.js
INFO: [ app_begin ] --START--
INFO: Run Behavior\ReadHtmlCache [ RunTime:0.000031s ]
INFO: [ app_begin ] --END-- [ RunTime:0.000101s ]
ERR: 无法加载控制器:Fck

[ 2018-10-27T09:31:31+08:00 ] 218.92.225.159 /manage/editor/fckeditor.js
INFO: [ app_begin ] --START--
INFO: Run Behavior\ReadHtmlCache [ RunTime:0.000029s ]
INFO: [ app_begin ] --END-- [ RunTime:0.000094s ]
ERR: 无法加载控制器:Manage

[ 2018-10-27T09:31:33+08:00 ] 218.92.225.159 /system/fckeditor/fckeditor.js
INFO: [ app_begin ] --START--
INFO: Run Behavior\ReadHtmlCache [ RunTime:0.000030s ]
INFO: [ app_begin ] --END-- [ RunTime:0.000100s ]
ERR: 无法加载控制器:System

[ 2018-10-27T09:31:36+08:00 ] 218.92.225.159 /inc/fck/fckeditor.js
INFO: [ app_begin ] --START--
INFO: Run Behavior\ReadHtmlCache [ RunTime:0.000031s ]
INFO: [ app_begin ] --END-- [ RunTime:0.000099s ]
ERR: 无法加载控制器:Inc

[ 2018-10-27T09:31:39+08:00 ] 218.92.225.159 /tools/fckeditor/fckeditor.js
INFO: [ app_begin ] --START--
INFO: Run Behavior\ReadHtmlCache [ RunTime:0.000031s ]
INFO: [ app_begin ] --END-- [ RunTime:0.000102s ]
ERR: 无法加载控制器:Tools

[ 2018-10-27T09:31:42+08:00 ] 218.92.225.159 /server/fckeditor/fckeditor.js
INFO: [ app_begin ] --START--
INFO: Run Behavior\ReadHtmlCache [ RunTime:0.000031s ]
INFO: [ app_begin ] --END-- [ RunTime:0.000102s ]
ERR: 无法加载控制器:Server

[ 2018-10-27T09:31:45+08:00 ] 218.92.225.159 /agents/fckeditor/fckeditor.js
INFO: [ app_begin ] --START--
INFO: Run Behavior\ReadHtmlCache [ RunTime:0.000031s ]
INFO: [ app_begin ] --END-- [ RunTime:0.000100s ]
ERR: 无法加载控制器:Agents

[ 2018-10-27T09:31:47+08:00 ] 218.92.225.159 /public/js/fckeditor/fckeditor.js
INFO: [ app_begin ] --START--
INFO: Run Behavior\ReadHtmlCache [ RunTime:0.000037s ]
INFO: [ app_begin ] --END-- [ RunTime:0.000104s ]
ERR: 无法加载控制器:Public

[ 2018-10-27T09:31:49+08:00 ] 218.92.225.159 /ckeditor/fckeditor.js
INFO: [ app_begin ] --START--
INFO: Run Behavior\ReadHtmlCache [ RunTime:0.000033s ]
INFO: [ app_begin ] --END-- [ RunTime:0.000107s ]
ERR: 无法加载控制器:Ckeditor

[ 2018-10-27T09:31:52+08:00 ] 218.92.225.159 /webmanage/fckeditor/fckeditor.js
INFO: [ app_begin ] --START--
INFO: Run Behavior\ReadHtmlCache [ RunTime:0.000034s ]
INFO: [ app_begin ] --END-- [ RunTime:0.000117s ]
ERR: 无法加载控制器:Webmanage

[ 2018-10-27T09:31:52+08:00 ] 218.92.225.159 /html/fckeditor/fckeditor.js
INFO: [ app_begin ] --START--
INFO: Run Behavior\ReadHtmlCache [ RunTime:0.000027s ]
INFO: [ app_begin ] --END-- [ RunTime:0.000092s ]
ERR: 无法加载控制器:Html

[ 2018-10-27T09:31:54+08:00 ] 218.92.225.159 /webadmin/FCKeditor/fckeditor.js
INFO: [ app_begin ] --START--
INFO: Run Behavior\ReadHtmlCache [ RunTime:0.000029s ]
INFO: [ app_begin ] --END-- [ RunTime:0.000095s ]
ERR: 无法加载控制器:Webadmin

[ 2018-10-27T09:31:57+08:00 ] 218.92.225.159 /sysadmin/fckeditor/fckeditor.js
INFO: [ app_begin ] --START--
INFO: Run Behavior\ReadHtmlCache [ RunTime:0.000030s ]
INFO: [ app_begin ] --END-- [ RunTime:0.000114s ]
ERR: 无法加载控制器:Sysadmin

[ 2018-10-27T09:31:59+08:00 ] 218.92.225.159 /FCKEditorV2/fckeditor.js
INFO: [ app_begin ] --START--
INFO: Run Behavior\ReadHtmlCache [ RunTime:0.000029s ]
INFO: [ app_begin ] --END-- [ RunTime:0.000096s ]
ERR: 无法加载控制器:FCKEditorV2

[ 2018-10-27T09:32:02+08:00 ] 218.92.225.159 /guestbook/fckeditor/fckeditor.js
INFO: [ app_begin ] --START--
INFO: Run Behavior\ReadHtmlCache [ RunTime:0.000031s ]
INFO: [ app_begin ] --END-- [ RunTime:0.000100s ]
ERR: 无法加载控制器:Guestbook

[ 2018-10-27T09:32:04+08:00 ] 218.92.225.159 /webeditor/fckeditor.js
INFO: [ app_begin ] --START--
INFO: Run Behavior\ReadHtmlCache [ RunTime:0.000025s ]
INFO: [ app_begin ] --END-- [ RunTime:0.000085s ]
ERR: 无法加载控制器:Webeditor

[ 2018-10-27T09:32:04+08:00 ] 218.92.225.159 /siteadmin/FCKeditor/fckeditor.js
INFO: [ app_begin ] --START--
INFO: Run Behavior\ReadHtmlCache [ RunTime:0.000026s ]
INFO: [ app_begin ] --END-- [ RunTime:0.000089s ]
ERR: 无法加载控制器:Siteadmin

[ 2018-10-27T09:32:07+08:00 ] 218.92.225.159 /system/ext/FCKeditor/fckeditor.js
INFO: [ app_begin ] --START--
INFO: Run Behavior\ReadHtmlCache [ RunTime:0.000033s ]
INFO: [ app_begin ] --END-- [ RunTime:0.000111s ]
ERR: 无法加载控制器:System

[ 2018-10-27T09:32:07+08:00 ] 218.92.225.159 /Fckeditorold/fckeditor.js
INFO: [ app_begin ] --START--
INFO: Run Behavior\ReadHtmlCache [ RunTime:0.000066s ]
INFO: [ app_begin ] --END-- [ RunTime:0.000132s ]
ERR: 无法加载控制器:Fckeditorold

[ 2018-10-27T09:32:09+08:00 ] 218.92.225.159 /wp-content/plugins/editormonkey/fckeditor/fckeditor.js
INFO: [ app_begin ] --START--
INFO: Run Behavior\ReadHtmlCache [ RunTime:0.000040s ]
INFO: [ app_begin ] --END-- [ RunTime:0.000127s ]
ERR: 无法加载控制器:Wp-content

[ 2018-10-27T09:32:11+08:00 ] 218.92.225.159 /fk/fckeditor.js
INFO: [ app_begin ] --START--
INFO: Run Behavior\ReadHtmlCache [ RunTime:0.000031s ]
INFO: [ app_begin ] --END-- [ RunTime:0.000099s ]
ERR: 无法加载控制器:Fk

[ 2018-10-27T09:32:14+08:00 ] 218.92.225.159 /mag/fckeditor/fckeditor.js
INFO: [ app_begin ] --START--
INFO: Run Behavior\ReadHtmlCache [ RunTime:0.000031s ]
INFO: [ app_begin ] --END-- [ RunTime:0.000104s ]
ERR: 无法加载控制器:Mag

[ 2018-10-27T09:32:17+08:00 ] 218.92.225.159 /Administrator/fckeditor/fckeditor.js
INFO: [ app_begin ] --START--
INFO: Run Behavior\ReadHtmlCache [ RunTime:0.000030s ]
INFO: [ app_begin ] --END-- [ RunTime:0.000099s ]
ERR: 无法加载控制器:Administrator

[ 2018-10-27T09:32:17+08:00 ] 218.92.225.159 /html/fck/fckeditor.js
INFO: [ app_begin ] --START--
INFO: Run Behavior\ReadHtmlCache [ RunTime:0.000048s ]
INFO: [ app_begin ] --END-- [ RunTime:0.000139s ]
ERR: 无法加载控制器:Html

[ 2018-10-27T13:22:27+08:00 ] 112.13.96.187 /
INFO: [ app_begin ] --START--
INFO: Run Behavior\ReadHtmlCache [ RunTime:0.000036s ]
INFO: [ app_begin ] --END-- [ RunTime:0.000130s ]
INFO: [ view_parse ] --START--
INFO: [ template_filter ] --START--
INFO: Run Behavior\ContentReplace [ RunTime:0.000029s ]
INFO: [ template_filter ] --END-- [ RunTime:0.000061s ]
INFO: Run Behavior\ParseTemplate [ RunTime:0.003452s ]
INFO: [ view_parse ] --END-- [ RunTime:0.003495s ]
INFO: [ view_filter ] --START--
INFO: Run Behavior\WriteHtmlCache [ RunTime:0.000046s ]
INFO: [ view_filter ] --END-- [ RunTime:0.000069s ]
INFO: [ app_end ] --START--
INFO: Run Behavior\ShowPageTrace [ RunTime:0.000032s ]
INFO: [ app_end ] --END-- [ RunTime:0.000052s ]

[ 2018-10-27T19:19:04+08:00 ] 47.99.197.240 /
INFO: [ app_begin ] --START--
INFO: Run Behavior\ReadHtmlCache [ RunTime:0.000031s ]
INFO: [ app_begin ] --END-- [ RunTime:0.000122s ]
INFO: [ view_parse ] --START--
INFO: [ template_filter ] --START--
INFO: Run Behavior\ContentReplace [ RunTime:0.000029s ]
INFO: [ template_filter ] --END-- [ RunTime:0.000065s ]
INFO: Run Behavior\ParseTemplate [ RunTime:0.001396s ]
INFO: [ view_parse ] --END-- [ RunTime:0.001435s ]
INFO: [ view_filter ] --START--
INFO: Run Behavior\WriteHtmlCache [ RunTime:0.000040s ]
INFO: [ view_filter ] --END-- [ RunTime:0.000065s ]
INFO: [ app_end ] --START--
INFO: Run Behavior\ShowPageTrace [ RunTime:0.000041s ]
INFO: [ app_end ] --END-- [ RunTime:0.000076s ]

[ 2018-10-27T19:19:04+08:00 ] 47.99.197.240 /ckeditor/ckeditor.js
INFO: [ app_begin ] --START--
INFO: Run Behavior\ReadHtmlCache [ RunTime:0.000042s ]
INFO: [ app_begin ] --END-- [ RunTime:0.000134s ]
ERR: 无法加载控制器:Ckeditor

[ 2018-10-27T19:19:06+08:00 ] 47.99.197.240 /editor/ckeditor.js
INFO: [ app_begin ] --START--
INFO: Run Behavior\ReadHtmlCache [ RunTime:0.000028s ]
INFO: [ app_begin ] --END-- [ RunTime:0.000093s ]
ERR: 无法加载控制器:Editor

[ 2018-10-27T19:19:06+08:00 ] 47.99.197.240 /includes/ckeditor/ckeditor.js
INFO: [ app_begin ] --START--
INFO: Run Behavior\ReadHtmlCache [ RunTime:0.000029s ]
INFO: [ app_begin ] --END-- [ RunTime:0.000096s ]
ERR: 无法加载控制器:Includes

[ 2018-10-27T19:19:07+08:00 ] 47.99.197.240 /admin/ckeditor/ckeditor.js
ERR: 无法加载控制器:Ckeditor

[ 2018-10-27T19:19:07+08:00 ] 47.99.197.240 /public/ckeditor/ckeditor.js
INFO: [ app_begin ] --START--
INFO: Run Behavior\ReadHtmlCache [ RunTime:0.000027s ]
INFO: [ app_begin ] --END-- [ RunTime:0.000106s ]
ERR: 无法加载控制器:Public

[ 2018-10-27T19:19:09+08:00 ] 47.99.197.240 /scripts/ckeditor/ckeditor.js
INFO: [ app_begin ] --START--
INFO: Run Behavior\ReadHtmlCache [ RunTime:0.000027s ]
INFO: [ app_begin ] --END-- [ RunTime:0.000092s ]
ERR: 无法加载控制器:Scripts

[ 2018-10-27T19:19:09+08:00 ] 47.99.197.240 /js/ckeditor/ckeditor.js
INFO: [ app_begin ] --START--
INFO: Run Behavior\ReadHtmlCache [ RunTime:0.000027s ]
INFO: [ app_begin ] --END-- [ RunTime:0.000119s ]
ERR: 无法加载控制器:Js

[ 2018-10-27T19:19:10+08:00 ] 47.99.197.240 /admin/js/ckeditor/ckeditor.js
ERR: 无法加载控制器:Js

[ 2018-10-27T19:19:11+08:00 ] 47.99.197.240 /admin/view/javascript/ckeditor/ckeditor.js
ERR: 无法加载控制器:View

[ 2018-10-27T19:19:13+08:00 ] 47.99.197.240 /Public/ckeditor/ckeditor.js
INFO: [ app_begin ] --START--
INFO: Run Behavior\ReadHtmlCache [ RunTime:0.000028s ]
INFO: [ app_begin ] --END-- [ RunTime:0.000098s ]
ERR: 无法加载控制器:Public

[ 2018-10-27T19:19:14+08:00 ] 47.99.197.240 /public/js/ckeditor/ckeditor.js
INFO: [ app_begin ] --START--
INFO: Run Behavior\ReadHtmlCache [ RunTime:0.000028s ]
INFO: [ app_begin ] --END-- [ RunTime:0.000092s ]
ERR: 无法加载控制器:Public

[ 2018-10-27T19:19:16+08:00 ] 47.99.197.240 /lib/ckeditor/ckeditor.js
INFO: [ app_begin ] --START--
INFO: Run Behavior\ReadHtmlCache [ RunTime:0.000032s ]
INFO: [ app_begin ] --END-- [ RunTime:0.000100s ]
ERR: 无法加载控制器:Lib

[ 2018-10-27T19:19:17+08:00 ] 47.99.197.240 /editor/ckeditor/ckeditor.js
INFO: [ app_begin ] --START--
INFO: Run Behavior\ReadHtmlCache [ RunTime:0.000030s ]
INFO: [ app_begin ] --END-- [ RunTime:0.000101s ]
ERR: 无法加载控制器:Editor

[ 2018-10-27T19:19:17+08:00 ] 47.99.197.240 /manage/ckeditor/ckeditor.js
INFO: [ app_begin ] --START--
INFO: Run Behavior\ReadHtmlCache [ RunTime:0.000026s ]
INFO: [ app_begin ] --END-- [ RunTime:0.000090s ]
ERR: 无法加载控制器:Manage

[ 2018-10-27T19:19:19+08:00 ] 47.99.197.240 /editors/ckeditor/ckeditor.js
INFO: [ app_begin ] --START--
INFO: Run Behavior\ReadHtmlCache [ RunTime:0.000030s ]
INFO: [ app_begin ] --END-- [ RunTime:0.000116s ]
ERR: 无法加载控制器:Editors

[ 2018-10-27T19:19:20+08:00 ] 47.99.197.240 /html/js/editor/ckeditor/ckeditor.js
INFO: [ app_begin ] --START--
INFO: Run Behavior\ReadHtmlCache [ RunTime:0.000030s ]
INFO: [ app_begin ] --END-- [ RunTime:0.000106s ]
ERR: 无法加载控制器:Html

[ 2018-10-27T19:19:20+08:00 ] 47.99.197.240 /static/js/ckeditor/ckeditor.js
INFO: [ app_begin ] --START--
INFO: Run Behavior\ReadHtmlCache [ RunTime:0.000029s ]
INFO: [ app_begin ] --END-- [ RunTime:0.000106s ]
ERR: 无法加载控制器:Static

[ 2018-10-27T19:19:21+08:00 ] 47.99.197.240 /admin/editor/ckeditor.js
ERR: 无法加载控制器:Editor

[ 2018-10-27T19:19:24+08:00 ] 47.99.197.240 /_ckeditor/ckeditor.js
INFO: [ app_begin ] --START--
INFO: Run Behavior\ReadHtmlCache [ RunTime:0.000030s ]
INFO: [ app_begin ] --END-- [ RunTime:0.000096s ]
ERR: 无法加载控制器:_ckeditor

[ 2018-10-27T19:19:25+08:00 ] 47.99.197.240 /plugin/ckeditor/ckeditor.js
INFO: [ app_begin ] --START--
INFO: Run Behavior\ReadHtmlCache [ RunTime:0.000028s ]
INFO: [ app_begin ] --END-- [ RunTime:0.000088s ]
ERR: 无法加载控制器:Plugin

[ 2018-10-27T19:19:26+08:00 ] 47.99.197.240 /Web/ckeditor/ckeditor.js
INFO: [ app_begin ] --START--
INFO: Run Behavior\ReadHtmlCache [ RunTime:0.000027s ]
INFO: [ app_begin ] --END-- [ RunTime:0.000092s ]
ERR: 无法加载控制器:Web

[ 2018-10-27T19:19:28+08:00 ] 47.99.197.240 /ckeditor.js
INFO: [ app_begin ] --START--
INFO: Run Behavior\ReadHtmlCache [ RunTime:0.000039s ]
INFO: [ app_begin ] --END-- [ RunTime:0.000105s ]
ERR: 无法加载控制器:Ckeditor

[ 2018-10-27T19:19:30+08:00 ] 47.99.197.240 /Public/Js/ckeditor/ckeditor.js
INFO: [ app_begin ] --START--
INFO: Run Behavior\ReadHtmlCache [ RunTime:0.000036s ]
INFO: [ app_begin ] --END-- [ RunTime:0.000104s ]
ERR: 无法加载控制器:Public

[ 2018-10-27T19:19:32+08:00 ] 47.99.197.240 /tools/ckeditor/ckeditor.js
INFO: [ app_begin ] --START--
INFO: Run Behavior\ReadHtmlCache [ RunTime:0.000030s ]
INFO: [ app_begin ] --END-- [ RunTime:0.000099s ]
ERR: 无法加载控制器:Tools

[ 2018-10-27T19:19:34+08:00 ] 47.99.197.240 /css/ckeditor/ckeditor.js
INFO: [ app_begin ] --START--
INFO: Run Behavior\ReadHtmlCache [ RunTime:0.000029s ]
INFO: [ app_begin ] --END-- [ RunTime:0.000096s ]
ERR: 无法加载控制器:Css

[ 2018-10-27T19:19:35+08:00 ] 47.99.197.240 /html/ckeditor/ckeditor.js
INFO: [ app_begin ] --START--
INFO: Run Behavior\ReadHtmlCache [ RunTime:0.000031s ]
INFO: [ app_begin ] --END-- [ RunTime:0.000101s ]
ERR: 无法加载控制器:Html

[ 2018-10-27T19:19:38+08:00 ] 47.99.197.240 /system/ckeditor/ckeditor.js
INFO: [ app_begin ] --START--
INFO: Run Behavior\ReadHtmlCache [ RunTime:0.000031s ]
INFO: [ app_begin ] --END-- [ RunTime:0.000099s ]
ERR: 无法加载控制器:System

[ 2018-10-27T19:19:39+08:00 ] 47.99.197.240 /common/ckeditor/ckeditor.js
INFO: [ app_begin ] --START--
INFO: Run Behavior\ReadHtmlCache [ RunTime:0.000032s ]
INFO: [ app_begin ] --END-- [ RunTime:0.000104s ]
ERR: 无法加载控制器:Common

[ 2018-10-27T19:19:40+08:00 ] 47.99.197.240 /webadmin/ckeditor/ckeditor.js
INFO: [ app_begin ] --START--
INFO: Run Behavior\ReadHtmlCache [ RunTime:0.000029s ]
INFO: [ app_begin ] --END-- [ RunTime:0.000092s ]
ERR: 无法加载控制器:Webadmin

[ 2018-10-27T19:19:42+08:00 ] 47.99.197.240 /inc/ckeditor/ckeditor.js
INFO: [ app_begin ] --START--
INFO: Run Behavior\ReadHtmlCache [ RunTime:0.000029s ]
INFO: [ app_begin ] --END-- [ RunTime:0.000101s ]
ERR: 无法加载控制器:Inc

[ 2018-10-27T19:19:44+08:00 ] 47.99.197.240 /siteadmin/ckeditor/ckeditor.js
INFO: [ app_begin ] --START--
INFO: Run Behavior\ReadHtmlCache [ RunTime:0.000028s ]
INFO: [ app_begin ] --END-- [ RunTime:0.000094s ]
ERR: 无法加载控制器:Siteadmin

[ 2018-10-27T19:19:45+08:00 ] 47.99.197.240 /Public/Admin/ckeditor/ckeditor.js
INFO: [ app_begin ] --START--
INFO: Run Behavior\ReadHtmlCache [ RunTime:0.000032s ]
INFO: [ app_begin ] --END-- [ RunTime:0.000117s ]
ERR: 无法加载控制器:Public

[ 2018-10-27T19:19:47+08:00 ] 47.99.197.240 /_admin/ckeditor/ckeditor.js
INFO: [ app_begin ] --START--
INFO: Run Behavior\ReadHtmlCache [ RunTime:0.000028s ]
INFO: [ app_begin ] --END-- [ RunTime:0.000093s ]
ERR: 无法加载控制器:_admin

[ 2018-10-27T19:19:48+08:00 ] 47.99.197.240 /Administrator/ckeditor/ckeditor.js
INFO: [ app_begin ] --START--
INFO: Run Behavior\ReadHtmlCache [ RunTime:0.000033s ]
INFO: [ app_begin ] --END-- [ RunTime:0.000121s ]
ERR: 无法加载控制器:Administrator

[ 2018-10-27T19:19:49+08:00 ] 47.99.197.240 /sysadmin/ckeditor/ckeditor.js
INFO: [ app_begin ] --START--
INFO: Run Behavior\ReadHtmlCache [ RunTime:0.000027s ]
INFO: [ app_begin ] --END-- [ RunTime:0.000089s ]
ERR: 无法加载控制器:Sysadmin

[ 2018-10-27T19:19:51+08:00 ] 47.99.197.240 /system/ext/ckeditor/ckeditor.js
INFO: [ app_begin ] --START--
INFO: Run Behavior\ReadHtmlCache [ RunTime:0.000030s ]
INFO: [ app_begin ] --END-- [ RunTime:0.000101s ]
ERR: 无法加载控制器:System

[ 2018-10-27T22:40:15+08:00 ] 47.99.197.240 /
INFO: [ app_begin ] --START--
INFO: Run Behavior\ReadHtmlCache [ RunTime:0.000033s ]
INFO: [ app_begin ] --END-- [ RunTime:0.000109s ]
INFO: [ view_parse ] --START--
INFO: [ template_filter ] --START--
INFO: Run Behavior\ContentReplace [ RunTime:0.000030s ]
INFO: [ template_filter ] --END-- [ RunTime:0.000067s ]
INFO: Run Behavior\ParseTemplate [ RunTime:0.001017s ]
INFO: [ view_parse ] --END-- [ RunTime:0.001062s ]
INFO: [ view_filter ] --START--
INFO: Run Behavior\WriteHtmlCache [ RunTime:0.000037s ]
INFO: [ view_filter ] --END-- [ RunTime:0.000063s ]
INFO: [ app_end ] --START--
INFO: Run Behavior\ShowPageTrace [ RunTime:0.000029s ]
INFO: [ app_end ] --END-- [ RunTime:0.000054s ]

[ 2018-10-27T22:40:15+08:00 ] 47.99.197.240 /
INFO: [ app_begin ] --START--
INFO: Run Behavior\ReadHtmlCache [ RunTime:0.000030s ]
INFO: [ app_begin ] --END-- [ RunTime:0.000094s ]
INFO: [ view_parse ] --START--
INFO: [ template_filter ] --START--
INFO: Run Behavior\ContentReplace [ RunTime:0.000028s ]
INFO: [ template_filter ] --END-- [ RunTime:0.000064s ]
INFO: Run Behavior\ParseTemplate [ RunTime:0.001267s ]
INFO: [ view_parse ] --END-- [ RunTime:0.001306s ]
INFO: [ view_filter ] --START--
INFO: Run Behavior\WriteHtmlCache [ RunTime:0.000034s ]
INFO: [ view_filter ] --END-- [ RunTime:0.000058s ]
INFO: [ app_end ] --START--
INFO: Run Behavior\ShowPageTrace [ RunTime:0.000024s ]
INFO: [ app_end ] --END-- [ RunTime:0.000048s ]

