[ 2018-10-20T02:47:28+08:00 ] 202.108.211.56 /
INFO: [ app_begin ] --START--
INFO: Run Behavior\ReadHtmlCache [ RunTime:0.000041s ]
INFO: [ app_begin ] --END-- [ RunTime:0.000110s ]
INFO: [ view_parse ] --START--
INFO: [ template_filter ] --START--
INFO: Run Behavior\ContentReplace [ RunTime:0.000029s ]
INFO: [ template_filter ] --END-- [ RunTime:0.000062s ]
INFO: Run Behavior\ParseTemplate [ RunTime:0.001195s ]
INFO: [ view_parse ] --END-- [ RunTime:0.001229s ]
INFO: [ view_filter ] --START--
INFO: Run Behavior\WriteHtmlCache [ RunTime:0.000037s ]
INFO: [ view_filter ] --END-- [ RunTime:0.000057s ]
INFO: [ app_end ] --START--
INFO: Run Behavior\ShowPageTrace [ RunTime:0.000026s ]
INFO: [ app_end ] --END-- [ RunTime:0.000044s ]

[ 2018-10-20T03:20:41+08:00 ] 112.13.96.187 /
INFO: [ app_begin ] --START--
INFO: Run Behavior\ReadHtmlCache [ RunTime:0.000046s ]
INFO: [ app_begin ] --END-- [ RunTime:0.000137s ]
INFO: [ view_parse ] --START--
INFO: [ template_filter ] --START--
INFO: Run Behavior\ContentReplace [ RunTime:0.000029s ]
INFO: [ template_filter ] --END-- [ RunTime:0.000066s ]
INFO: Run Behavior\ParseTemplate [ RunTime:0.001384s ]
INFO: [ view_parse ] --END-- [ RunTime:0.001424s ]
INFO: [ view_filter ] --START--
INFO: Run Behavior\WriteHtmlCache [ RunTime:0.000040s ]
INFO: [ view_filter ] --END-- [ RunTime:0.000065s ]
INFO: [ app_end ] --START--
INFO: Run Behavior\ShowPageTrace [ RunTime:0.000038s ]
INFO: [ app_end ] --END-- [ RunTime:0.000065s ]

[ 2018-10-20T10:59:46+08:00 ] 101.132.98.159 /
INFO: [ app_begin ] --START--
INFO: Run Behavior\ReadHtmlCache [ RunTime:0.000053s ]
INFO: [ app_begin ] --END-- [ RunTime:0.000132s ]
INFO: [ view_parse ] --START--
INFO: [ template_filter ] --START--
INFO: Run Behavior\ContentReplace [ RunTime:0.000027s ]
INFO: [ template_filter ] --END-- [ RunTime:0.000062s ]
INFO: Run Behavior\ParseTemplate [ RunTime:0.001246s ]
INFO: [ view_parse ] --END-- [ RunTime:0.001284s ]
INFO: [ view_filter ] --START--
INFO: Run Behavior\WriteHtmlCache [ RunTime:0.000040s ]
INFO: [ view_filter ] --END-- [ RunTime:0.000065s ]
INFO: [ app_end ] --START--
INFO: Run Behavior\ShowPageTrace [ RunTime:0.000027s ]
INFO: [ app_end ] --END-- [ RunTime:0.000051s ]

[ 2018-10-20T18:08:14+08:00 ] 101.132.144.145 /
INFO: [ app_begin ] --START--
INFO: Run Behavior\ReadHtmlCache [ RunTime:0.000032s ]
INFO: [ app_begin ] --END-- [ RunTime:0.000111s ]
INFO: [ view_parse ] --START--
INFO: [ template_filter ] --START--
INFO: Run Behavior\ContentReplace [ RunTime:0.000027s ]
INFO: [ template_filter ] --END-- [ RunTime:0.000061s ]
INFO: Run Behavior\ParseTemplate [ RunTime:0.000917s ]
INFO: [ view_parse ] --END-- [ RunTime:0.000959s ]
INFO: [ view_filter ] --START--
INFO: Run Behavior\WriteHtmlCache [ RunTime:0.000035s ]
INFO: [ view_filter ] --END-- [ RunTime:0.000070s ]
INFO: [ app_end ] --START--
INFO: Run Behavior\ShowPageTrace [ RunTime:0.000027s ]
INFO: [ app_end ] --END-- [ RunTime:0.000052s ]

