[ 2018-10-24T03:46:29+08:00 ] 47.97.192.46 /
INFO: [ app_begin ] --START--
INFO: Run Behavior\ReadHtmlCache [ RunTime:0.000045s ]
INFO: [ app_begin ] --END-- [ RunTime:0.000146s ]
INFO: [ view_parse ] --START--
INFO: [ template_filter ] --START--
INFO: Run Behavior\ContentReplace [ RunTime:0.000040s ]
INFO: [ template_filter ] --END-- [ RunTime:0.000091s ]
INFO: Run Behavior\ParseTemplate [ RunTime:0.002133s ]
INFO: [ view_parse ] --END-- [ RunTime:0.002185s ]
INFO: [ view_filter ] --START--
INFO: Run Behavior\WriteHtmlCache [ RunTime:0.000042s ]
INFO: [ view_filter ] --END-- [ RunTime:0.000080s ]
INFO: [ app_end ] --START--
INFO: Run Behavior\ShowPageTrace [ RunTime:0.000039s ]
INFO: [ app_end ] --END-- [ RunTime:0.000080s ]

[ 2018-10-24T05:38:24+08:00 ] 52.53.201.78 /
INFO: [ app_begin ] --START--
INFO: Run Behavior\ReadHtmlCache [ RunTime:0.000032s ]
INFO: [ app_begin ] --END-- [ RunTime:0.000107s ]
INFO: [ view_parse ] --START--
INFO: [ template_filter ] --START--
INFO: Run Behavior\ContentReplace [ RunTime:0.000027s ]
INFO: [ template_filter ] --END-- [ RunTime:0.000060s ]
INFO: Run Behavior\ParseTemplate [ RunTime:0.000880s ]
INFO: [ view_parse ] --END-- [ RunTime:0.000925s ]
INFO: [ view_filter ] --START--
INFO: Run Behavior\WriteHtmlCache [ RunTime:0.000032s ]
INFO: [ view_filter ] --END-- [ RunTime:0.000058s ]
INFO: [ app_end ] --START--
INFO: Run Behavior\ShowPageTrace [ RunTime:0.000025s ]
INFO: [ app_end ] --END-- [ RunTime:0.000049s ]

[ 2018-10-24T20:03:47+08:00 ] 61.129.6.151 /
INFO: [ app_begin ] --START--
INFO: Run Behavior\ReadHtmlCache [ RunTime:0.000046s ]
INFO: [ app_begin ] --END-- [ RunTime:0.000125s ]
INFO: [ view_parse ] --START--
INFO: [ template_filter ] --START--
INFO: Run Behavior\ContentReplace [ RunTime:0.000031s ]
INFO: [ template_filter ] --END-- [ RunTime:0.000071s ]
INFO: Run Behavior\ParseTemplate [ RunTime:0.001504s ]
INFO: [ view_parse ] --END-- [ RunTime:0.001541s ]
INFO: [ view_filter ] --START--
INFO: Run Behavior\WriteHtmlCache [ RunTime:0.000040s ]
INFO: [ view_filter ] --END-- [ RunTime:0.000066s ]
INFO: [ app_end ] --START--
INFO: Run Behavior\ShowPageTrace [ RunTime:0.000027s ]
INFO: [ app_end ] --END-- [ RunTime:0.000064s ]

[ 2018-10-24T21:56:13+08:00 ] 39.104.154.81 /xmlrpz.php
INFO: [ app_begin ] --START--
INFO: Run Behavior\ReadHtmlCache [ RunTime:0.000049s ]
INFO: [ app_begin ] --END-- [ RunTime:0.000134s ]
ERR: 无法加载控制器:Xmlrpz

