[ 2018-11-22T10:16:20+08:00 ] 127.0.0.1 /App/Detail/comment_posts
INFO: [ app_begin ] --START--
INFO: Run Behavior\ReadHtmlCache [ RunTime:0.000000s ]
INFO: [ app_begin ] --END-- [ RunTime:0.000000s ]
SQL: SHOW COLUMNS FROM `lx_resource_comment` [ RunTime:0.020000s ]
SQL: INSERT INTO `lx_resource_comment` (`uid`,`rid`,`pid`,`content`,`is_nym`,`time`) VALUES (1,128,0,'123',0,1542852980) [ RunTime:0.010000s ]
SQL: SHOW COLUMNS FROM `lx_resource` [ RunTime:0.020000s ]
SQL: SELECT `title`,`type`,`author` FROM `lx_resource` WHERE ( id=128 ) LIMIT 1   [ RunTime:0.010000s ]
SQL: SHOW COLUMNS FROM `lx_account` [ RunTime:0.020000s ]
SQL: SELECT * FROM `lx_account` WHERE ( id=6 ) LIMIT 1   [ RunTime:0.020000s ]
NOTIC: [2] mdecrypt_generic(): An empty string was passed D:\phpStudy\WWW\lawwith_test\Application\Common\Api\MCrypt.class.php 第 35 行.
NOTIC: [2] preg_match(): Null byte in regex D:\phpStudy\WWW\lawwith_test\Application\Common\Api\MCrypt.class.php 第 54 行.
NOTIC: [2] mdecrypt_generic(): An empty string was passed D:\phpStudy\WWW\lawwith_test\Application\Common\Api\MCrypt.class.php 第 35 行.
NOTIC: [2] preg_match(): Null byte in regex D:\phpStudy\WWW\lawwith_test\Application\Common\Api\MCrypt.class.php 第 54 行.

[ 2018-11-22T10:22:29+08:00 ] 127.0.0.1 /App/Detail/comment_posts
INFO: [ app_begin ] --START--
INFO: Run Behavior\ReadHtmlCache [ RunTime:0.001000s ]
INFO: [ app_begin ] --END-- [ RunTime:0.001000s ]
SQL: SHOW COLUMNS FROM `lx_resource_comment` [ RunTime:0.020000s ]
SQL: INSERT INTO `lx_resource_comment` (`uid`,`rid`,`pid`,`content`,`is_nym`,`time`) VALUES (1,128,0,'123',0,1542853349) [ RunTime:0.010000s ]
SQL: SHOW COLUMNS FROM `lx_resource` [ RunTime:0.020000s ]
SQL: SELECT `title`,`type`,`author` FROM `lx_resource` WHERE ( id=128 ) LIMIT 1   [ RunTime:0.020000s ]
SQL: SHOW COLUMNS FROM `lx_account` [ RunTime:0.010000s ]
SQL: SELECT * FROM `lx_account` WHERE ( id=6 ) LIMIT 1   [ RunTime:0.020000s ]
NOTIC: [2] mdecrypt_generic(): An empty string was passed D:\phpStudy\WWW\lawwith_test\Application\Common\Api\MCrypt.class.php 第 35 行.
NOTIC: [2] preg_match(): Null byte in regex D:\phpStudy\WWW\lawwith_test\Application\Common\Api\MCrypt.class.php 第 54 行.
NOTIC: [2] mdecrypt_generic(): An empty string was passed D:\phpStudy\WWW\lawwith_test\Application\Common\Api\MCrypt.class.php 第 35 行.
NOTIC: [2] preg_match(): Null byte in regex D:\phpStudy\WWW\lawwith_test\Application\Common\Api\MCrypt.class.php 第 54 行.

[ 2018-11-22T10:22:31+08:00 ] 127.0.0.1 /App/Detail/comment_posts
INFO: [ app_begin ] --START--
INFO: Run Behavior\ReadHtmlCache [ RunTime:0.000000s ]
INFO: [ app_begin ] --END-- [ RunTime:0.000000s ]
SQL: SHOW COLUMNS FROM `lx_resource_comment` [ RunTime:0.020000s ]
SQL: INSERT INTO `lx_resource_comment` (`uid`,`rid`,`pid`,`content`,`is_nym`,`time`) VALUES (1,128,0,'123',0,1542853350) [ RunTime:0.010000s ]
SQL: SHOW COLUMNS FROM `lx_resource` [ RunTime:0.020000s ]
SQL: SELECT `title`,`type`,`author` FROM `lx_resource` WHERE ( id=128 ) LIMIT 1   [ RunTime:0.020001s ]
SQL: SHOW COLUMNS FROM `lx_account` [ RunTime:0.010000s ]
SQL: SELECT * FROM `lx_account` WHERE ( id=6 ) LIMIT 1   [ RunTime:0.020000s ]
NOTIC: [2] mdecrypt_generic(): An empty string was passed D:\phpStudy\WWW\lawwith_test\Application\Common\Api\MCrypt.class.php 第 35 行.
NOTIC: [2] preg_match(): Null byte in regex D:\phpStudy\WWW\lawwith_test\Application\Common\Api\MCrypt.class.php 第 54 行.
NOTIC: [2] mdecrypt_generic(): An empty string was passed D:\phpStudy\WWW\lawwith_test\Application\Common\Api\MCrypt.class.php 第 35 行.
NOTIC: [2] preg_match(): Null byte in regex D:\phpStudy\WWW\lawwith_test\Application\Common\Api\MCrypt.class.php 第 54 行.

[ 2018-11-22T10:22:32+08:00 ] 127.0.0.1 /App/Detail/comment_posts
INFO: [ app_begin ] --START--
INFO: Run Behavior\ReadHtmlCache [ RunTime:0.000000s ]
INFO: [ app_begin ] --END-- [ RunTime:0.000000s ]
SQL: SHOW COLUMNS FROM `lx_resource_comment` [ RunTime:0.015001s ]
SQL: INSERT INTO `lx_resource_comment` (`uid`,`rid`,`pid`,`content`,`is_nym`,`time`) VALUES (1,128,0,'123',0,1542853351) [ RunTime:0.016000s ]
SQL: SHOW COLUMNS FROM `lx_resource` [ RunTime:0.016001s ]
SQL: SELECT `title`,`type`,`author` FROM `lx_resource` WHERE ( id=128 ) LIMIT 1   [ RunTime:0.010000s ]
SQL: SHOW COLUMNS FROM `lx_account` [ RunTime:0.020000s ]
SQL: SELECT * FROM `lx_account` WHERE ( id=6 ) LIMIT 1   [ RunTime:0.010001s ]
NOTIC: [2] mdecrypt_generic(): An empty string was passed D:\phpStudy\WWW\lawwith_test\Application\Common\Api\MCrypt.class.php 第 35 行.
NOTIC: [2] preg_match(): Null byte in regex D:\phpStudy\WWW\lawwith_test\Application\Common\Api\MCrypt.class.php 第 54 行.
NOTIC: [2] mdecrypt_generic(): An empty string was passed D:\phpStudy\WWW\lawwith_test\Application\Common\Api\MCrypt.class.php 第 35 行.
NOTIC: [2] preg_match(): Null byte in regex D:\phpStudy\WWW\lawwith_test\Application\Common\Api\MCrypt.class.php 第 54 行.

[ 2018-11-22T10:23:06+08:00 ] 127.0.0.1 /App/detail/my_comment?tid=6&nowpage=1&num=100
INFO: [ app_begin ] --START--
INFO: Run Behavior\ReadHtmlCache [ RunTime:0.001000s ]
INFO: [ app_begin ] --END-- [ RunTime:0.001000s ]
ERR: 非法操作:my_comment

[ 2018-11-22T10:24:43+08:00 ] 127.0.0.1 /App/detail/comment_posts
INFO: [ app_begin ] --START--
INFO: Run Behavior\ReadHtmlCache [ RunTime:0.001000s ]
INFO: [ app_begin ] --END-- [ RunTime:0.001000s ]
SQL: SHOW COLUMNS FROM `lx_resource_comment` [ RunTime:0.020000s ]
SQL: INSERT INTO `lx_resource_comment` (`uid`,`rid`,`pid`,`content`,`is_nym`,`time`) VALUES (1,128,0,'123',0,1542853483) [ RunTime:0.010000s ]
SQL: SHOW COLUMNS FROM `lx_resource` [ RunTime:0.020000s ]
SQL: SELECT `title`,`type`,`author` FROM `lx_resource` WHERE ( id=128 ) LIMIT 1   [ RunTime:0.010000s ]
SQL: SHOW COLUMNS FROM `lx_account` [ RunTime:0.020000s ]
SQL: SELECT * FROM `lx_account` WHERE ( id=6 ) LIMIT 1   [ RunTime:0.020000s ]
NOTIC: [2] mdecrypt_generic(): An empty string was passed D:\phpStudy\WWW\lawwith_test\Application\Common\Api\MCrypt.class.php 第 35 行.
NOTIC: [2] preg_match(): Null byte in regex D:\phpStudy\WWW\lawwith_test\Application\Common\Api\MCrypt.class.php 第 54 行.
NOTIC: [2] mdecrypt_generic(): An empty string was passed D:\phpStudy\WWW\lawwith_test\Application\Common\Api\MCrypt.class.php 第 35 行.
NOTIC: [2] preg_match(): Null byte in regex D:\phpStudy\WWW\lawwith_test\Application\Common\Api\MCrypt.class.php 第 54 行.

[ 2018-11-22T10:25:26+08:00 ] 127.0.0.1 /App/content/comment_posts
INFO: [ app_begin ] --START--
INFO: Run Behavior\ReadHtmlCache [ RunTime:0.000000s ]
INFO: [ app_begin ] --END-- [ RunTime:0.000000s ]
NOTIC: [2] mdecrypt_generic(): An empty string was passed D:\phpStudy\WWW\lawwith_test\Application\Common\Api\MCrypt.class.php 第 35 行.
NOTIC: [2] preg_match(): Null byte in regex D:\phpStudy\WWW\lawwith_test\Application\Common\Api\MCrypt.class.php 第 54 行.
NOTIC: [2] mdecrypt_generic(): An empty string was passed D:\phpStudy\WWW\lawwith_test\Application\Common\Api\MCrypt.class.php 第 35 行.
NOTIC: [2] preg_match(): Null byte in regex D:\phpStudy\WWW\lawwith_test\Application\Common\Api\MCrypt.class.php 第 54 行.

[ 2018-11-22T10:38:39+08:00 ] 127.0.0.1 /Admin/Login/sub_login
INFO: [ app_begin ] --START--
INFO: Run Behavior\ReadHtmlCache [ RunTime:0.000000s ]
INFO: [ app_begin ] --END-- [ RunTime:0.000000s ]
SQL: SHOW COLUMNS FROM `lx_user` [ RunTime:0.010000s ]
SQL: SELECT * FROM `lx_user` WHERE ( `username` = 'test' ) LIMIT 1   [ RunTime:0.022000s ]
SQL: UPDATE `lx_user` SET `login_at`=1542854319,`loginip`='127.0.0.1' WHERE ( `id` = 4 ) [ RunTime:0.010000s ]
NOTIC: [8] Undefined index: superadmin D:\phpStudy\WWW\lawwith_test\ThinkPHP\Library\Org\Util\Rbac.class.php 第 88 行.
SQL: select node.id,node.name from lx_role as role,lx_role_user as user,lx_access as access ,lx_node as node where user.user_id='4' and user.role_id=role.id and ( access.role_id=role.id  or (access.role_id=role.pid and role.pid!=0 ) ) and role.status=1 and access.node_id=node.id and node.level=1 and node.status=1 [ RunTime:0.010000s ]
SQL: select node.id,node.name from lx_role as role,lx_role_user as user,lx_access as access ,lx_node as node where user.user_id='4' and user.role_id=role.id and ( access.role_id=role.id  or (access.role_id=role.pid and role.pid!=0 ) ) and role.status=1 and access.node_id=node.id and node.level=2 and node.pid=100 and node.status=1 [ RunTime:0.020000s ]
SQL: select node.id,node.name from lx_role as role,lx_role_user as user,lx_access as access ,lx_node as node where user.user_id='4' and user.role_id=role.id and ( access.role_id=role.id  or (access.role_id=role.pid and role.pid!=0 ) ) and role.status=1 and access.node_id=node.id and node.level=3 and node.pid=101 and node.status=1 [ RunTime:0.010000s ]
SQL: select node.id,node.name from lx_role as role,lx_role_user as user,lx_access as access ,lx_node as node where user.user_id='4' and user.role_id=role.id and ( access.role_id=role.id  or (access.role_id=role.pid and role.pid!=0 ) ) and role.status=1 and access.node_id=node.id and node.level=3 and node.pid=132 and node.status=1 [ RunTime:0.020000s ]
SQL: select node.id,node.name from lx_role as role,lx_role_user as user,lx_access as access ,lx_node as node where user.user_id='4' and user.role_id=role.id and ( access.role_id=role.id  or (access.role_id=role.pid and role.pid!=0 ) ) and role.status=1 and access.node_id=node.id and node.level=3 and node.pid=145 and node.status=1 [ RunTime:0.010000s ]
SQL: select node.id,node.name from lx_role as role,lx_role_user as user,lx_access as access ,lx_node as node where user.user_id='4' and user.role_id=role.id and ( access.role_id=role.id  or (access.role_id=role.pid and role.pid!=0 ) ) and role.status=1 and access.node_id=node.id and node.level=3 and node.pid=162 and node.status=1 [ RunTime:0.022001s ]
SQL: select node.id,node.name from lx_role as role,lx_role_user as user,lx_access as access ,lx_node as node where user.user_id='4' and user.role_id=role.id and ( access.role_id=role.id  or (access.role_id=role.pid and role.pid!=0 ) ) and role.status=1 and access.node_id=node.id and node.level=3 and node.pid=171 and node.status=1 [ RunTime:0.010000s ]
SQL: select node.id,node.name from lx_role as role,lx_role_user as user,lx_access as access ,lx_node as node where user.user_id='4' and user.role_id=role.id and ( access.role_id=role.id  or (access.role_id=role.pid and role.pid!=0 ) ) and role.status=1 and access.node_id=node.id and node.level=3 and node.pid=193 and node.status=1 [ RunTime:0.020000s ]
INFO: [ app_end ] --START--
INFO: Run Behavior\ShowPageTrace [ RunTime:0.000000s ]
INFO: [ app_end ] --END-- [ RunTime:0.000000s ]

[ 2018-11-22T11:18:10+08:00 ] 127.0.0.1 /App/content/comment_posts
INFO: [ app_begin ] --START--
INFO: Run Behavior\ReadHtmlCache [ RunTime:0.001000s ]
INFO: [ app_begin ] --END-- [ RunTime:0.001000s ]
NOTIC: [2] mdecrypt_generic(): An empty string was passed D:\phpStudy\WWW\lawwith_test\Application\Common\Api\MCrypt.class.php 第 35 行.
NOTIC: [2] preg_match(): Null byte in regex D:\phpStudy\WWW\lawwith_test\Application\Common\Api\MCrypt.class.php 第 54 行.
NOTIC: [2] mdecrypt_generic(): An empty string was passed D:\phpStudy\WWW\lawwith_test\Application\Common\Api\MCrypt.class.php 第 35 行.
NOTIC: [2] preg_match(): Null byte in regex D:\phpStudy\WWW\lawwith_test\Application\Common\Api\MCrypt.class.php 第 54 行.

[ 2018-11-22T14:02:49+08:00 ] 127.0.0.1 /App/content/comment_posts
INFO: [ app_begin ] --START--
INFO: Run Behavior\ReadHtmlCache [ RunTime:0.000000s ]
INFO: [ app_begin ] --END-- [ RunTime:0.000000s ]
SQL: SHOW COLUMNS FROM `lx_account` [ RunTime:0.016001s ]
SQL: SELECT `id` FROM `lx_account` WHERE ( `mobile` = '18210170772' ) AND ( `token` = '38398ecb7e30d051dc32e88773a1a730' ) LIMIT 1   [ RunTime:0.015001s ]
SQL: SELECT `id` FROM `lx_account` WHERE ( `mobile` = '18210170772' ) AND ( `token` = '38398ecb7e30d051dc32e88773a1a730' ) LIMIT 1   [ RunTime:0.016001s ]
NOTIC: [2] mdecrypt_generic(): An empty string was passed D:\phpStudy\WWW\lawwith_test\Application\Common\Api\MCrypt.class.php 第 35 行.
NOTIC: [2] preg_match(): Null byte in regex D:\phpStudy\WWW\lawwith_test\Application\Common\Api\MCrypt.class.php 第 54 行.

[ 2018-11-22T14:03:17+08:00 ] 127.0.0.1 /App/content/comment_posts
INFO: [ app_begin ] --START--
INFO: Run Behavior\ReadHtmlCache [ RunTime:0.000000s ]
INFO: [ app_begin ] --END-- [ RunTime:0.000000s ]
SQL: SHOW COLUMNS FROM `lx_account` [ RunTime:0.018001s ]
SQL: SELECT `id` FROM `lx_account` WHERE ( `mobile` = '18210170772' ) AND ( `token` = '38398ecb7e30d051dc32e88773a1a730' ) LIMIT 1   [ RunTime:0.016001s ]
SQL: SELECT `id` FROM `lx_account` WHERE ( `mobile` = '18210170772' ) AND ( `token` = '38398ecb7e30d051dc32e88773a1a730' ) LIMIT 1   [ RunTime:0.015001s ]
NOTIC: [2] mdecrypt_generic(): An empty string was passed D:\phpStudy\WWW\lawwith_test\Application\Common\Api\MCrypt.class.php 第 35 行.
NOTIC: [2] preg_match(): Null byte in regex D:\phpStudy\WWW\lawwith_test\Application\Common\Api\MCrypt.class.php 第 54 行.
NOTIC: [8] Array to string conversion D:\phpStudy\WWW\lawwith_test\Application\App\Controller\ContentController.class.php 第 707 行.

[ 2018-11-22T14:03:29+08:00 ] 127.0.0.1 /App/content/comment_posts
INFO: [ app_begin ] --START--
INFO: Run Behavior\ReadHtmlCache [ RunTime:0.000000s ]
INFO: [ app_begin ] --END-- [ RunTime:0.000000s ]
SQL: SHOW COLUMNS FROM `lx_account` [ RunTime:0.016001s ]
SQL: SELECT `id` FROM `lx_account` WHERE ( `mobile` = '18210170772' ) AND ( `token` = '38398ecb7e30d051dc32e88773a1a730' ) LIMIT 1   [ RunTime:0.016001s ]
SQL: SELECT `id` FROM `lx_account` WHERE ( `mobile` = '18210170772' ) AND ( `token` = '38398ecb7e30d051dc32e88773a1a730' ) LIMIT 1   [ RunTime:0.015001s ]
NOTIC: [2] mdecrypt_generic(): An empty string was passed D:\phpStudy\WWW\lawwith_test\Application\Common\Api\MCrypt.class.php 第 35 行.
NOTIC: [2] preg_match(): Null byte in regex D:\phpStudy\WWW\lawwith_test\Application\Common\Api\MCrypt.class.php 第 54 行.

[ 2018-11-22T14:13:43+08:00 ] 127.0.0.1 /App/content/comment_posts
INFO: [ app_begin ] --START--
INFO: Run Behavior\ReadHtmlCache [ RunTime:0.000000s ]
INFO: [ app_begin ] --END-- [ RunTime:0.000000s ]
SQL: SHOW COLUMNS FROM `lx_account` [ RunTime:0.018001s ]
SQL: SELECT `id` FROM `lx_account` WHERE ( `mobile` = '18210170772' ) AND ( `token` = '38398ecb7e30d051dc32e88773a1a730' ) LIMIT 1   [ RunTime:0.017001s ]
SQL: SELECT `id` FROM `lx_account` WHERE ( `mobile` = '18210170772' ) AND ( `token` = '38398ecb7e30d051dc32e88773a1a730' ) LIMIT 1   [ RunTime:0.015001s ]
NOTIC: [2] mdecrypt_generic(): An empty string was passed D:\phpStudy\WWW\lawwith_test\Application\Common\Api\MCrypt.class.php 第 35 行.
NOTIC: [2] preg_match(): Null byte in regex D:\phpStudy\WWW\lawwith_test\Application\Common\Api\MCrypt.class.php 第 54 行.

[ 2018-11-22T14:15:47+08:00 ] 127.0.0.1 /App/content/comment_posts
INFO: [ app_begin ] --START--
INFO: Run Behavior\ReadHtmlCache [ RunTime:0.000000s ]
INFO: [ app_begin ] --END-- [ RunTime:0.001000s ]
SQL: SHOW COLUMNS FROM `lx_account` [ RunTime:0.017001s ]
SQL: SELECT `id` FROM `lx_account` WHERE ( `mobile` = '18210170772' ) AND ( `token` = '38398ecb7e30d051dc32e88773a1a730' ) LIMIT 1   [ RunTime:0.016000s ]
SQL: SELECT `id` FROM `lx_account` WHERE ( `mobile` = '18210170772' ) AND ( `token` = '38398ecb7e30d051dc32e88773a1a730' ) LIMIT 1   [ RunTime:0.015001s ]
NOTIC: [2] mdecrypt_generic(): An empty string was passed D:\phpStudy\WWW\lawwith_test\Application\Common\Api\MCrypt.class.php 第 35 行.
NOTIC: [2] preg_match(): Null byte in regex D:\phpStudy\WWW\lawwith_test\Application\Common\Api\MCrypt.class.php 第 54 行.

[ 2018-11-22T14:20:08+08:00 ] 127.0.0.1 /App/content/comment_posts
INFO: [ app_begin ] --START--
INFO: Run Behavior\ReadHtmlCache [ RunTime:0.001000s ]
INFO: [ app_begin ] --END-- [ RunTime:0.001000s ]
SQL: SHOW COLUMNS FROM `lx_account` [ RunTime:0.017001s ]
SQL: SELECT `id` FROM `lx_account` WHERE ( `mobile` = '18210170772' ) AND ( `token` = '38398ecb7e30d051dc32e88773a1a730' ) LIMIT 1   [ RunTime:0.015001s ]
SQL: SELECT `id` FROM `lx_account` WHERE ( `mobile` = '18210170772' ) AND ( `token` = '38398ecb7e30d051dc32e88773a1a730' ) LIMIT 1   [ RunTime:0.015001s ]
NOTIC: [2] mdecrypt_generic(): An empty string was passed D:\phpStudy\WWW\lawwith_test\Application\Common\Api\MCrypt.class.php 第 35 行.
NOTIC: [2] preg_match(): Null byte in regex D:\phpStudy\WWW\lawwith_test\Application\Common\Api\MCrypt.class.php 第 54 行.

[ 2018-11-22T14:21:40+08:00 ] 127.0.0.1 /App/content/comment_posts
INFO: [ app_begin ] --START--
INFO: Run Behavior\ReadHtmlCache [ RunTime:0.000000s ]
INFO: [ app_begin ] --END-- [ RunTime:0.001000s ]
SQL: SHOW COLUMNS FROM `lx_account` [ RunTime:0.016001s ]
SQL: SELECT `id` FROM `lx_account` WHERE ( `mobile` = '18210170772' ) AND ( `token` = '38398ecb7e30d051dc32e88773a1a730' ) LIMIT 1   [ RunTime:0.016001s ]
SQL: SELECT `id` FROM `lx_account` WHERE ( `mobile` = '18210170772' ) AND ( `token` = '38398ecb7e30d051dc32e88773a1a730' ) LIMIT 1   [ RunTime:0.015001s ]
NOTIC: [2] mdecrypt_generic(): An empty string was passed D:\phpStudy\WWW\lawwith_test\Application\Common\Api\MCrypt.class.php 第 35 行.
NOTIC: [2] preg_match(): Null byte in regex D:\phpStudy\WWW\lawwith_test\Application\Common\Api\MCrypt.class.php 第 54 行.
SQL: SHOW COLUMNS FROM `lx_video` [ RunTime:0.016001s ]
SQL: INSERT INTO `lx_video` (`video_id`,`video_unique`,`upload_url`,`progress_url`,`token`,`uploadtype`,`upload_time`) VALUES (48700349,'0239cea3c4','http://101.236.14.80/api/slice/fileUpload?token=iL4j1UWpOkrDHBf_eHeIKkULefM04lej9myJ5_nN4tBPz11OGfoAKQyFLZYNVKJcv2XC25Fm0mJ7eS26ruTa9U9KS-meX3WmutlfFhx_FhnA91c1QjRroelLwCX3CIFeSLnQkXsjjOnZGvvVMmTP8cynGGiC5GpbQQkSCccSG1fYeBOlBlTlopPndCDRfIrXzSglP4-PkZI_M8WI-uJrmgy7UVB61_jhjAVxf3ig6NQW0V_en8C19j6CeBd6KNXroP5FDlqunBlqM2uIX1Sh8d2XZpN-0yfuMpkbDr24LSmN_d-NxCjsrF-B7qwm0Y6pT-jMGGYxN40A5kFFKVvINq8WnSid0nzyVnIIbFNq7l6ogkehZ0NrnV88luRFMvCdSXLeugoMHHT5_HIaBlIyoq08WailuoL3BdOTYnuDCT25yqLI7VVPBLYij85gx9P1F2CgQVN3Bw1PjGITTIkpj0XKc0L31IxusRIPTO12owCbSRx7gAXpQ99RAvAmKIW7zOaF3qk2a3Df6pjv1stLyDsUN0QidquTI9VQcVrgWIzv__cGe3dWeBRa4jPU6xpCw89ESxs4ojJhGfo4nn1NFZEHyxQKNf59Xe51Cg~~&fmt=cjson','','iL4j1UWpOkrDHBf_eHeIKkULefM04lej9myJ5_nN4tBPz11OGfoAKQyFLZYNVKJcv2XC25Fm0mJ7eS26ruTa9U9KS-meX3WmutlfFhx_FhnA91c1QjRroelLwCX3CIFeSLnQkXsjjOnZGvvVMmTP8cynGGiC5GpbQQkSCccSG1fYeBOlBlTlopPndCDRfIrXzSglP4-PkZI_M8WI-uJrmgy7UVB61_jhjAVxf3ig6NQW0V_en8C19j6CeBd6KNXroP5FDlqunBlqM2uIX1Sh8d2XZpN-0yfuMpkbDr24LSmN_d-NxCjsrF-B7qwm0Y6pT-jMGGYxN40A5kFFKVvINq8WnSid0nzyVnIIbFNq7l6ogkehZ0NrnV88luRFMvCdSXLeugoMHHT5_HIaBlIyoq08WailuoL3BdOTYnuDCT25yqLI7VVPBLYij85gx9P1F2CgQVN3Bw1PjGITTIkpj0XKc0L31IxusRIPTO12owCbSRx7gAXpQ99RAvAmKIW7zOaF3qk2a3Df6pjv1stLyDsUN0QidquTI9VQcVrgWIzv__cGe3dWeBRa4jPU6xpCw89ESxs4ojJhGfo4nn1NFZEHyxQKNf59Xe51Cg~~',1,1542867699) [ RunTime:0.018001s ]
SQL: SHOW COLUMNS FROM `lx_resource_comment` [ RunTime:0.016001s ]
SQL: INSERT INTO `lx_resource_comment` (`uid`,`rid`,`pid`,`content`,`is_nym`,`time`) VALUES (5808,3045,0,227,0,1542867698) [ RunTime:0.018001s ]
SQL: SHOW COLUMNS FROM `lx_resource` [ RunTime:0.016001s ]
SQL: SELECT `title`,`type`,`author` FROM `lx_resource` WHERE ( id=3045 ) LIMIT 1   [ RunTime:0.018001s ]
SQL: SELECT * FROM `lx_account` WHERE ( id=5800 ) LIMIT 1   [ RunTime:0.015001s ]
SQL: SELECT `id` FROM `lx_account` WHERE ( `mobile` = '18210170772' ) AND ( `token` = '38398ecb7e30d051dc32e88773a1a730' ) LIMIT 1   [ RunTime:0.019001s ]
SQL: SELECT `id` FROM `lx_account` WHERE ( `mobile` = '18210170772' ) AND ( `token` = '38398ecb7e30d051dc32e88773a1a730' ) LIMIT 1   [ RunTime:0.015001s ]

[ 2018-11-22T14:34:50+08:00 ] 127.0.0.1 /App/content/comment_posts
INFO: [ app_begin ] --START--
INFO: Run Behavior\ReadHtmlCache [ RunTime:0.000000s ]
INFO: [ app_begin ] --END-- [ RunTime:0.001000s ]
SQL: SHOW COLUMNS FROM `lx_account` [ RunTime:0.016001s ]
SQL: SELECT `id` FROM `lx_account` WHERE ( `mobile` = '18210170772' ) AND ( `token` = '38398ecb7e30d051dc32e88773a1a730' ) LIMIT 1   [ RunTime:0.016001s ]

[ 2018-11-22T14:35:09+08:00 ] 127.0.0.1 /App/content/comment_posts
INFO: [ app_begin ] --START--
INFO: Run Behavior\ReadHtmlCache [ RunTime:0.000000s ]
INFO: [ app_begin ] --END-- [ RunTime:0.001000s ]
SQL: SHOW COLUMNS FROM `lx_account` [ RunTime:0.017001s ]
SQL: SELECT `id` FROM `lx_account` WHERE ( `mobile` = '18210170772' ) AND ( `token` = '38398ecb7e30d051dc32e88773a1a730' ) LIMIT 1   [ RunTime:0.015001s ]

[ 2018-11-22T14:40:01+08:00 ] 127.0.0.1 /App/content/comment_posts
INFO: [ app_begin ] --START--
INFO: Run Behavior\ReadHtmlCache [ RunTime:0.000000s ]
INFO: [ app_begin ] --END-- [ RunTime:0.001000s ]

[ 2018-11-22T15:02:45+08:00 ] 127.0.0.1 /App/User/user_info?token=5faebf102eb231350afabcecc6308ae9&accid=da1hCj5yXdJ6T%2Bu3NpFHbg%3D%3D
INFO: [ app_begin ] --START--
INFO: Run Behavior\ReadHtmlCache [ RunTime:0.000000s ]
INFO: [ app_begin ] --END-- [ RunTime:0.000000s ]
NOTIC: [2] mdecrypt_generic(): An empty string was passed D:\phpStudy\WWW\lawwith_test\Application\Common\Api\MCrypt.class.php 第 35 行.
NOTIC: [2] preg_match(): Null byte in regex D:\phpStudy\WWW\lawwith_test\Application\Common\Api\MCrypt.class.php 第 54 行.
NOTIC: [2] mdecrypt_generic(): An empty string was passed D:\phpStudy\WWW\lawwith_test\Application\Common\Api\MCrypt.class.php 第 35 行.
NOTIC: [2] preg_match(): Null byte in regex D:\phpStudy\WWW\lawwith_test\Application\Common\Api\MCrypt.class.php 第 54 行.

[ 2018-11-22T15:02:58+08:00 ] 127.0.0.1 /App/User/user_info?token=5faebf102eb231350afabcecc6308ae9&accid=da1hCj5yXdJ6T%2Bu3NpFHbg%3D%3D
INFO: [ app_begin ] --START--
INFO: Run Behavior\ReadHtmlCache [ RunTime:0.000000s ]
INFO: [ app_begin ] --END-- [ RunTime:0.001000s ]
NOTIC: [2] mdecrypt_generic(): An empty string was passed D:\phpStudy\WWW\lawwith_test\Application\Common\Api\MCrypt.class.php 第 35 行.
NOTIC: [2] preg_match(): Null byte in regex D:\phpStudy\WWW\lawwith_test\Application\Common\Api\MCrypt.class.php 第 54 行.
NOTIC: [2] mdecrypt_generic(): An empty string was passed D:\phpStudy\WWW\lawwith_test\Application\Common\Api\MCrypt.class.php 第 35 行.
NOTIC: [2] preg_match(): Null byte in regex D:\phpStudy\WWW\lawwith_test\Application\Common\Api\MCrypt.class.php 第 54 行.

[ 2018-11-22T15:03:24+08:00 ] 127.0.0.1 /App/User/user_info?token=5faebf102eb231350afabcecc6308ae9&accid=da1hCj5yXdJ6T%2Bu3NpFHbg%3D%3D
INFO: [ app_begin ] --START--
INFO: Run Behavior\ReadHtmlCache [ RunTime:0.000000s ]
INFO: [ app_begin ] --END-- [ RunTime:0.000000s ]
NOTIC: [2] mdecrypt_generic(): An empty string was passed D:\phpStudy\WWW\lawwith_test\Application\Common\Api\MCrypt.class.php 第 35 行.
NOTIC: [2] preg_match(): Null byte in regex D:\phpStudy\WWW\lawwith_test\Application\Common\Api\MCrypt.class.php 第 54 行.
NOTIC: [2] mdecrypt_generic(): An empty string was passed D:\phpStudy\WWW\lawwith_test\Application\Common\Api\MCrypt.class.php 第 35 行.
NOTIC: [2] preg_match(): Null byte in regex D:\phpStudy\WWW\lawwith_test\Application\Common\Api\MCrypt.class.php 第 54 行.

[ 2018-11-22T15:04:44+08:00 ] 127.0.0.1 /App/User/user_info?token=5faebf102eb231350afabcecc6308ae9&accid=da1hCj5yXdJ6T%2Bu3NpFHbg%3D%3D
INFO: [ app_begin ] --START--
INFO: Run Behavior\ReadHtmlCache [ RunTime:0.000000s ]
INFO: [ app_begin ] --END-- [ RunTime:0.000000s ]

[ 2018-11-22T15:04:45+08:00 ] 127.0.0.1 /App/User/user_info?token=5faebf102eb231350afabcecc6308ae9&accid=da1hCj5yXdJ6T%2Bu3NpFHbg%3D%3D
INFO: [ app_begin ] --START--
INFO: Run Behavior\ReadHtmlCache [ RunTime:0.000000s ]
INFO: [ app_begin ] --END-- [ RunTime:0.001000s ]

[ 2018-11-22T15:04:45+08:00 ] 127.0.0.1 /App/User/user_info?token=5faebf102eb231350afabcecc6308ae9&accid=da1hCj5yXdJ6T%2Bu3NpFHbg%3D%3D
INFO: [ app_begin ] --START--
INFO: Run Behavior\ReadHtmlCache [ RunTime:0.001001s ]
INFO: [ app_begin ] --END-- [ RunTime:0.001001s ]

[ 2018-11-22T15:04:56+08:00 ] 127.0.0.1 /App/User/user_info
INFO: [ app_begin ] --START--
INFO: Run Behavior\ReadHtmlCache [ RunTime:0.000000s ]
INFO: [ app_begin ] --END-- [ RunTime:0.000000s ]

[ 2018-11-22T15:05:02+08:00 ] 127.0.0.1 /App/User/user_info
INFO: [ app_begin ] --START--
INFO: Run Behavior\ReadHtmlCache [ RunTime:0.001000s ]
INFO: [ app_begin ] --END-- [ RunTime:0.001000s ]
NOTIC: [2] mdecrypt_generic(): An empty string was passed D:\phpStudy\WWW\lawwith_test\Application\Common\Api\MCrypt.class.php 第 35 行.
NOTIC: [2] preg_match(): Null byte in regex D:\phpStudy\WWW\lawwith_test\Application\Common\Api\MCrypt.class.php 第 54 行.
NOTIC: [2] mdecrypt_generic(): An empty string was passed D:\phpStudy\WWW\lawwith_test\Application\Common\Api\MCrypt.class.php 第 35 行.
NOTIC: [2] preg_match(): Null byte in regex D:\phpStudy\WWW\lawwith_test\Application\Common\Api\MCrypt.class.php 第 54 行.

[ 2018-11-22T15:05:27+08:00 ] 127.0.0.1 /App/User/user_info?token=5faebf102eb231350afabcecc6308ae9&accid=da1hCj5yXdJ6T%2Bu3NpFHbg%3D%3D
INFO: [ app_begin ] --START--
INFO: Run Behavior\ReadHtmlCache [ RunTime:0.000000s ]
INFO: [ app_begin ] --END-- [ RunTime:0.000000s ]
NOTIC: [2] mdecrypt_generic(): An empty string was passed D:\phpStudy\WWW\lawwith_test\Application\Common\Api\MCrypt.class.php 第 35 行.
NOTIC: [2] preg_match(): Null byte in regex D:\phpStudy\WWW\lawwith_test\Application\Common\Api\MCrypt.class.php 第 54 行.
NOTIC: [2] mdecrypt_generic(): An empty string was passed D:\phpStudy\WWW\lawwith_test\Application\Common\Api\MCrypt.class.php 第 35 行.
NOTIC: [2] preg_match(): Null byte in regex D:\phpStudy\WWW\lawwith_test\Application\Common\Api\MCrypt.class.php 第 54 行.

[ 2018-11-22T15:07:51+08:00 ] 127.0.0.1 /App/User/user_info?token=5faebf102eb231350afabcecc6308ae9&accid=da1hCj5yXdJ6T%2Bu3NpFHbg%3D%3D
INFO: [ app_begin ] --START--
INFO: Run Behavior\ReadHtmlCache [ RunTime:0.000000s ]
INFO: [ app_begin ] --END-- [ RunTime:0.001000s ]
NOTIC: [2] mdecrypt_generic(): An empty string was passed D:\phpStudy\WWW\lawwith_test\Application\Common\Api\MCrypt.class.php 第 35 行.
NOTIC: [2] preg_match(): Null byte in regex D:\phpStudy\WWW\lawwith_test\Application\Common\Api\MCrypt.class.php 第 54 行.
NOTIC: [2] mdecrypt_generic(): An empty string was passed D:\phpStudy\WWW\lawwith_test\Application\Common\Api\MCrypt.class.php 第 35 行.
NOTIC: [2] preg_match(): Null byte in regex D:\phpStudy\WWW\lawwith_test\Application\Common\Api\MCrypt.class.php 第 54 行.

[ 2018-11-22T15:08:03+08:00 ] 127.0.0.1 /App/User/user_info?token=5faebf102eb231350afabcecc6308ae9&accid=da1hCj5yXdJ6T%2Bu3NpFHbg%3D%3D
INFO: [ app_begin ] --START--
INFO: Run Behavior\ReadHtmlCache [ RunTime:0.000000s ]
INFO: [ app_begin ] --END-- [ RunTime:0.000000s ]

[ 2018-11-22T15:09:49+08:00 ] 127.0.0.1 /App/User/user_info?token=5faebf102eb231350afabcecc6308ae9&accid=da1hCj5yXdJ6T%2Bu3NpFHbg%3D%3D
INFO: [ app_begin ] --START--
INFO: Run Behavior\ReadHtmlCache [ RunTime:0.001000s ]
INFO: [ app_begin ] --END-- [ RunTime:0.001000s ]

[ 2018-11-22T15:17:10+08:00 ] 127.0.0.1 /App/User/user_info?token=5faebf102eb231350afabcecc6308ae9&accid=da1hCj5yXdJ6T%2Bu3NpFHbg%3D%3D
INFO: [ app_begin ] --START--
INFO: Run Behavior\ReadHtmlCache [ RunTime:0.000000s ]
INFO: [ app_begin ] --END-- [ RunTime:0.000000s ]
SQL: SHOW COLUMNS FROM `lx_account` [ RunTime:0.016001s ]
SQL: SELECT `id` FROM `lx_account` WHERE ( `mobile` = '17600584560' ) AND ( `token` = '5db4e92a99f36192dc7e585d93066590' ) LIMIT 1   [ RunTime:0.014001s ]
SQL: SELECT `id` FROM `lx_account` WHERE ( `mobile` = '17600584560' ) AND ( `token` = '5db4e92a99f36192dc7e585d93066590' ) LIMIT 1   [ RunTime:0.015001s ]
SQL: SHOW COLUMNS FROM `lx_account` [ RunTime:0.017001s ]
SQL: SELECT `id`,`uname`,`mobile`,`gender`,`icon`,`bj_img`,`remark`,`email`,`birth`,`province`,`city`,`town`,`tag_citys`,`specialty`,`majors`,`work_life`,`law`,`lawyer_num`,`company`,`position`,`school`,`hight_diploma`,`education`,`professional`,`prize`,`price`,`type`,`create_at`,`up_time`,`status`,`num_img`,`is_hide`,`credit`,`integral` FROM `lx_account` WHERE ( `id` = 5806 ) LIMIT 1   [ RunTime:0.016000s ]
SQL: SHOW COLUMNS FROM `lx_laws` [ RunTime:0.016000s ]
SQL: SELECT `law_name`,`uadmin` FROM `lx_laws` WHERE ( lx_laws.status=1 AND id='12531' ) LIMIT 1   [ RunTime:0.016001s ]

[ 2018-11-22T15:18:56+08:00 ] 127.0.0.1 /App/User/user_info?token=5faebf102eb231350afabcecc6308ae9&accid=da1hCj5yXdJ6T%2Bu3NpFHbg%3D%3D
INFO: [ app_begin ] --START--
INFO: Run Behavior\ReadHtmlCache [ RunTime:0.000000s ]
INFO: [ app_begin ] --END-- [ RunTime:0.001000s ]
SQL: SHOW COLUMNS FROM `lx_account` [ RunTime:0.017001s ]
SQL: SELECT `id` FROM `lx_account` WHERE ( `mobile` = '17600584560' ) AND ( `token` = '5db4e92a99f36192dc7e585d93066590' ) LIMIT 1   [ RunTime:0.015000s ]
SQL: SELECT `id` FROM `lx_account` WHERE ( `mobile` = '17600584560' ) AND ( `token` = '5db4e92a99f36192dc7e585d93066590' ) LIMIT 1   [ RunTime:0.016001s ]
SQL: SHOW COLUMNS FROM `lx_account` [ RunTime:0.016001s ]
SQL: SELECT `id`,`uname`,`mobile`,`gender`,`icon`,`bj_img`,`remark`,`email`,`birth`,`province`,`city`,`town`,`tag_citys`,`specialty`,`majors`,`work_life`,`law`,`lawyer_num`,`company`,`position`,`school`,`hight_diploma`,`education`,`professional`,`prize`,`price`,`type`,`create_at`,`up_time`,`status`,`num_img`,`is_hide`,`credit`,`integral` FROM `lx_account` WHERE ( `id` = 5806 )  [ RunTime:0.016001s ]
SQL: SHOW COLUMNS FROM `lx_laws` [ RunTime:0.017001s ]
SQL: SELECT `law_name`,`uadmin` FROM `lx_laws` WHERE ( lx_laws.status=1 AND id='12531' ) LIMIT 1   [ RunTime:0.015001s ]

[ 2018-11-22T15:22:01+08:00 ] 127.0.0.1 /App/User/user_info?token=5faebf102eb231350afabcecc6308ae9&accid=da1hCj5yXdJ6T%2Bu3NpFHbg%3D%3D
INFO: [ app_begin ] --START--
INFO: Run Behavior\ReadHtmlCache [ RunTime:0.000000s ]
INFO: [ app_begin ] --END-- [ RunTime:0.000000s ]
SQL: SHOW COLUMNS FROM `lx_account` [ RunTime:0.017001s ]
SQL: SELECT `id` FROM `lx_account` WHERE ( `mobile` = '17600584560' ) AND ( `token` = '5db4e92a99f36192dc7e585d93066590' ) LIMIT 1   [ RunTime:0.015001s ]
SQL: SELECT `id` FROM `lx_account` WHERE ( `mobile` = '17600584560' ) AND ( `token` = '5db4e92a99f36192dc7e585d93066590' ) LIMIT 1   [ RunTime:0.015001s ]
SQL: SHOW COLUMNS FROM `lx_account` [ RunTime:0.016001s ]
SQL: SELECT `id`,`uname`,`mobile`,`gender`,`icon`,`bj_img`,`remark`,`email`,`birth`,`province`,`city`,`town`,`tag_citys`,`specialty`,`majors`,`work_life`,`law`,`lawyer_num`,`company`,`position`,`school`,`hight_diploma`,`education`,`professional`,`prize`,`price`,`type`,`create_at`,`up_time`,`status`,`num_img`,`is_hide`,`credit`,`integral` FROM `lx_account` WHERE ( `id` = 5806 )  [ RunTime:0.016001s ]
SQL: SHOW COLUMNS FROM `lx_laws` [ RunTime:0.020001s ]
SQL: SELECT `law_name`,`uadmin` FROM `lx_laws` WHERE ( lx_laws.status=1 AND id='12531' ) LIMIT 1   [ RunTime:0.016001s ]
SQL: SHOW COLUMNS FROM `lx_wallet` [ RunTime:0.016001s ]
SQL: SELECT * FROM `lx_account` LIMIT 1   [ RunTime:0.016001s ]
NOTIC: [8] Undefined index: money D:\phpStudy\WWW\lawwith_test\Application\App\Controller\UserController.class.php 第 437 行.

[ 2018-11-22T15:22:20+08:00 ] 127.0.0.1 /App/User/user_info?token=5faebf102eb231350afabcecc6308ae9&accid=da1hCj5yXdJ6T%2Bu3NpFHbg%3D%3D
INFO: [ app_begin ] --START--
INFO: Run Behavior\ReadHtmlCache [ RunTime:0.000000s ]
INFO: [ app_begin ] --END-- [ RunTime:0.000000s ]
SQL: SHOW COLUMNS FROM `lx_account` [ RunTime:0.017001s ]
SQL: SELECT `id` FROM `lx_account` WHERE ( `mobile` = '17600584560' ) AND ( `token` = '5db4e92a99f36192dc7e585d93066590' ) LIMIT 1   [ RunTime:0.016001s ]
SQL: SELECT `id` FROM `lx_account` WHERE ( `mobile` = '17600584560' ) AND ( `token` = '5db4e92a99f36192dc7e585d93066590' ) LIMIT 1   [ RunTime:0.015001s ]
SQL: SHOW COLUMNS FROM `lx_account` [ RunTime:0.017001s ]
SQL: SELECT `id`,`uname`,`mobile`,`gender`,`icon`,`bj_img`,`remark`,`email`,`birth`,`province`,`city`,`town`,`tag_citys`,`specialty`,`majors`,`work_life`,`law`,`lawyer_num`,`company`,`position`,`school`,`hight_diploma`,`education`,`professional`,`prize`,`price`,`type`,`create_at`,`up_time`,`status`,`num_img`,`is_hide`,`credit`,`integral` FROM `lx_account` WHERE ( `id` = 5806 )  [ RunTime:0.016001s ]
SQL: SHOW COLUMNS FROM `lx_laws` [ RunTime:0.016001s ]
SQL: SELECT `law_name`,`uadmin` FROM `lx_laws` WHERE ( lx_laws.status=1 AND id='12531' ) LIMIT 1   [ RunTime:0.016001s ]
SQL: SHOW COLUMNS FROM `lx_wallet` [ RunTime:0.017001s ]
SQL: SELECT * FROM `lx_wallet` WHERE ( `uid` = 5806 ) LIMIT 1   [ RunTime:0.017001s ]

[ 2018-11-22T15:27:26+08:00 ] 127.0.0.1 /App/User/user_info?token=5faebf102eb231350afabcecc6308ae9&accid=da1hCj5yXdJ6T%2Bu3NpFHbg%3D%3D
INFO: [ app_begin ] --START--
INFO: Run Behavior\ReadHtmlCache [ RunTime:0.000000s ]
INFO: [ app_begin ] --END-- [ RunTime:0.000000s ]
SQL: SHOW COLUMNS FROM `lx_account` [ RunTime:0.016001s ]
SQL: SELECT `id` FROM `lx_account` WHERE ( `mobile` = '17600584560' ) AND ( `token` = '5db4e92a99f36192dc7e585d93066590' ) LIMIT 1   [ RunTime:0.015001s ]
SQL: SELECT `id` FROM `lx_account` WHERE ( `mobile` = '17600584560' ) AND ( `token` = '5db4e92a99f36192dc7e585d93066590' ) LIMIT 1   [ RunTime:0.016001s ]
SQL: SHOW COLUMNS FROM `lx_account` [ RunTime:0.016001s ]
SQL: SELECT `id`,`uname`,`mobile`,`gender`,`icon`,`bj_img`,`remark`,`email`,`birth`,`province`,`city`,`town`,`tag_citys`,`specialty`,`majors`,`work_life`,`law`,`lawyer_num`,`company`,`position`,`school`,`hight_diploma`,`education`,`professional`,`prize`,`price`,`type`,`create_at`,`up_time`,`status`,`num_img`,`is_hide`,`direct_price`,`case_price`,`direct_time`,`integral`,`credit` FROM `lx_account` WHERE ( `id` = 5806 )  [ RunTime:0.016001s ]
SQL: SHOW COLUMNS FROM `lx_laws` [ RunTime:0.015001s ]
SQL: SELECT `law_name`,`uadmin` FROM `lx_laws` WHERE ( lx_laws.status=1 AND id='12531' ) LIMIT 1   [ RunTime:0.015000s ]
SQL: SHOW COLUMNS FROM `lx_wallet` [ RunTime:0.017001s ]
SQL: SELECT * FROM `lx_wallet` WHERE ( `uid` = 5806 ) LIMIT 1   [ RunTime:0.015000s ]

[ 2018-11-22T17:38:35+08:00 ] 127.0.0.1 /App/Detail/other_info
INFO: [ app_begin ] --START--
INFO: Run Behavior\ReadHtmlCache [ RunTime:0.000000s ]
INFO: [ app_begin ] --END-- [ RunTime:0.001000s ]
NOTIC: [2] mdecrypt_generic(): An empty string was passed D:\phpStudy\WWW\lawwith_test\Application\Common\Api\MCrypt.class.php 第 35 行.
NOTIC: [2] preg_match(): Null byte in regex D:\phpStudy\WWW\lawwith_test\Application\Common\Api\MCrypt.class.php 第 54 行.
NOTIC: [2] mdecrypt_generic(): An empty string was passed D:\phpStudy\WWW\lawwith_test\Application\Common\Api\MCrypt.class.php 第 35 行.
NOTIC: [2] preg_match(): Null byte in regex D:\phpStudy\WWW\lawwith_test\Application\Common\Api\MCrypt.class.php 第 54 行.
SQL: SHOW COLUMNS FROM `lx_account` [ RunTime:0.017001s ]
SQL: SELECT `id`,`uname`,`mobile`,`gender`,`icon`,`bj_img`,`remark`,`email`,`birth`,`province`,`city`,`town`,`tag_citys`,`specialty`,`majors`,`work_life`,`law`,`lawyer_num`,`company`,`position`,`school`,`hight_diploma`,`education`,`professional`,`prize`,`price`,`type`,`create_at`,`up_time`,`status`,`num_img`,`is_hide`,`direct_price`,`case_price`,`direct_time`,`integral`,`credit`,`is_review`,`online_status` FROM `lx_account` WHERE ( `id` = 1 )  [ RunTime:0.017001s ]
SQL: SHOW COLUMNS FROM `lx_laws` [ RunTime:0.017001s ]
SQL: SELECT `law_name`,`uadmin` FROM `lx_laws` WHERE ( lx_laws.status=1 AND id='11525' ) LIMIT 1   [ RunTime:0.016001s ]
SQL: SHOW COLUMNS FROM `lx_resource_comment` [ RunTime:0.017000s ]
SQL: SELECT r.id,r.title FROM lx_resource_comment rc left join lx_resource  as r on rc.rid = r.id  WHERE ( rc.uid = '1' ) AND ( rc.tbd = 1 ) AND ( r.status = 1 ) GROUP BY rc.rid ORDER BY time DESC  [ RunTime:0.016001s ]

[ 2018-11-22T17:43:03+08:00 ] 127.0.0.1 /App/Detail/other_info
INFO: [ app_begin ] --START--
INFO: Run Behavior\ReadHtmlCache [ RunTime:0.000000s ]
INFO: [ app_begin ] --END-- [ RunTime:0.000000s ]
NOTIC: [2] mdecrypt_generic(): An empty string was passed D:\phpStudy\WWW\lawwith_test\Application\Common\Api\MCrypt.class.php 第 35 行.
NOTIC: [2] preg_match(): Null byte in regex D:\phpStudy\WWW\lawwith_test\Application\Common\Api\MCrypt.class.php 第 54 行.
NOTIC: [2] mdecrypt_generic(): An empty string was passed D:\phpStudy\WWW\lawwith_test\Application\Common\Api\MCrypt.class.php 第 35 行.
NOTIC: [2] preg_match(): Null byte in regex D:\phpStudy\WWW\lawwith_test\Application\Common\Api\MCrypt.class.php 第 54 行.
SQL: SHOW COLUMNS FROM `lx_account` [ RunTime:0.017001s ]
SQL: SELECT `id`,`uname`,`mobile`,`gender`,`icon`,`bj_img`,`remark`,`email`,`birth`,`province`,`city`,`town`,`tag_citys`,`specialty`,`majors`,`work_life`,`law`,`lawyer_num`,`company`,`position`,`school`,`hight_diploma`,`education`,`professional`,`prize`,`price`,`type`,`create_at`,`up_time`,`status`,`num_img`,`is_hide`,`direct_price`,`case_price`,`direct_time`,`integral`,`credit`,`is_review`,`online_status` FROM `lx_account` WHERE ( `id` = 2147483647 )  [ RunTime:0.016001s ]
SQL: SHOW COLUMNS FROM `lx_resource_comment` [ RunTime:0.016001s ]
NOTIC: [8] Undefined index: id D:\phpStudy\WWW\lawwith_test\Application\App\Controller\DetailController.class.php 第 719 行.
SQL: SELECT r.id,r.title FROM lx_resource_comment rc left join lx_resource  as r on rc.rid = r.id  WHERE ( rc.uid = null ) AND ( rc.tbd = 1 ) AND ( r.status = 1 ) GROUP BY rc.rid ORDER BY time DESC  [ RunTime:0.015001s ]

[ 2018-11-22T17:44:40+08:00 ] 127.0.0.1 /App/Detail/other_info
INFO: [ app_begin ] --START--
INFO: Run Behavior\ReadHtmlCache [ RunTime:0.001000s ]
INFO: [ app_begin ] --END-- [ RunTime:0.001000s ]
NOTIC: [2] mdecrypt_generic(): An empty string was passed D:\phpStudy\WWW\lawwith_test\Application\Common\Api\MCrypt.class.php 第 35 行.
NOTIC: [2] preg_match(): Null byte in regex D:\phpStudy\WWW\lawwith_test\Application\Common\Api\MCrypt.class.php 第 54 行.
NOTIC: [2] mdecrypt_generic(): An empty string was passed D:\phpStudy\WWW\lawwith_test\Application\Common\Api\MCrypt.class.php 第 35 行.
NOTIC: [2] preg_match(): Null byte in regex D:\phpStudy\WWW\lawwith_test\Application\Common\Api\MCrypt.class.php 第 54 行.
SQL: SHOW COLUMNS FROM `lx_account` [ RunTime:0.017001s ]
SQL: SELECT `id`,`uname`,`mobile`,`gender`,`icon`,`bj_img`,`remark`,`email`,`birth`,`province`,`city`,`town`,`tag_citys`,`specialty`,`majors`,`work_life`,`law`,`lawyer_num`,`company`,`position`,`school`,`hight_diploma`,`education`,`professional`,`prize`,`price`,`type`,`create_at`,`up_time`,`status`,`num_img`,`is_hide`,`direct_price`,`case_price`,`direct_time`,`integral`,`credit`,`is_review`,`online_status` FROM `lx_account` WHERE ( `id` = 3045 )  [ RunTime:0.016001s ]
SQL: SHOW COLUMNS FROM `lx_laws` [ RunTime:0.016001s ]
SQL: SELECT `law_name`,`uadmin` FROM `lx_laws` WHERE ( lx_laws.status=1 AND id='12531' ) LIMIT 1   [ RunTime:0.015001s ]
SQL: SHOW COLUMNS FROM `lx_resource_comment` [ RunTime:0.016001s ]
SQL: SELECT r.id,r.title FROM lx_resource_comment rc left join lx_resource  as r on rc.rid = r.id  WHERE ( rc.uid = '3045' ) AND ( rc.tbd = 1 ) AND ( r.status = 1 ) GROUP BY rc.rid ORDER BY time DESC  [ RunTime:0.016001s ]

[ 2018-11-22T17:46:03+08:00 ] 127.0.0.1 /App/Detail/other_info
INFO: [ app_begin ] --START--
INFO: Run Behavior\ReadHtmlCache [ RunTime:0.000000s ]
INFO: [ app_begin ] --END-- [ RunTime:0.000000s ]
NOTIC: [2] mdecrypt_generic(): An empty string was passed D:\phpStudy\WWW\lawwith_test\Application\Common\Api\MCrypt.class.php 第 35 行.
NOTIC: [2] preg_match(): Null byte in regex D:\phpStudy\WWW\lawwith_test\Application\Common\Api\MCrypt.class.php 第 54 行.
NOTIC: [2] mdecrypt_generic(): An empty string was passed D:\phpStudy\WWW\lawwith_test\Application\Common\Api\MCrypt.class.php 第 35 行.
NOTIC: [2] preg_match(): Null byte in regex D:\phpStudy\WWW\lawwith_test\Application\Common\Api\MCrypt.class.php 第 54 行.
SQL: SHOW COLUMNS FROM `lx_account` [ RunTime:0.017001s ]
SQL: SELECT `id`,`uname`,`mobile`,`gender`,`icon`,`bj_img`,`remark`,`email`,`birth`,`province`,`city`,`town`,`tag_citys`,`specialty`,`majors`,`work_life`,`law`,`lawyer_num`,`company`,`position`,`school`,`hight_diploma`,`education`,`professional`,`prize`,`price`,`type`,`create_at`,`up_time`,`status`,`num_img`,`is_hide`,`direct_price`,`case_price`,`direct_time`,`integral`,`credit`,`is_review`,`online_status` FROM `lx_account` WHERE ( `id` = 5795 )  [ RunTime:0.016001s ]
SQL: SHOW COLUMNS FROM `lx_laws` [ RunTime:0.016001s ]
SQL: SELECT `law_name`,`uadmin` FROM `lx_laws` WHERE ( lx_laws.status=1 AND id='12647' ) LIMIT 1   [ RunTime:0.016001s ]
SQL: SHOW COLUMNS FROM `lx_resource_comment` [ RunTime:0.016000s ]
SQL: SELECT r.id,r.title FROM lx_resource_comment rc left join lx_resource  as r on rc.rid = r.id  WHERE ( rc.uid = '5795' ) AND ( rc.tbd = 1 ) AND ( r.status = 1 ) GROUP BY rc.rid ORDER BY time DESC  [ RunTime:0.016000s ]

[ 2018-11-22T17:57:54+08:00 ] 127.0.0.1 /App/Detail/editOnline
INFO: [ app_begin ] --START--
INFO: Run Behavior\ReadHtmlCache [ RunTime:0.001000s ]
INFO: [ app_begin ] --END-- [ RunTime:0.001000s ]
SQL: SHOW COLUMNS FROM `lx_account` [ RunTime:0.016001s ]
SQL: UPDATE `lx_account` SET `online_status`=0 WHERE ( `id` = 5806 ) [ RunTime:0.016001s ]

[ 2018-11-22T17:58:55+08:00 ] 127.0.0.1 /App/Detail/editOnline
INFO: [ app_begin ] --START--
INFO: Run Behavior\ReadHtmlCache [ RunTime:0.000000s ]
INFO: [ app_begin ] --END-- [ RunTime:0.001000s ]
SQL: SHOW COLUMNS FROM `lx_account` [ RunTime:0.017001s ]
SQL: UPDATE `lx_account` SET `online_status`=0 WHERE ( `id` = 5806 ) [ RunTime:0.016001s ]

[ 2018-11-22T17:59:27+08:00 ] 127.0.0.1 /App/Detail/editOnline
INFO: [ app_begin ] --START--
INFO: Run Behavior\ReadHtmlCache [ RunTime:0.000000s ]
INFO: [ app_begin ] --END-- [ RunTime:0.000000s ]
SQL: SHOW COLUMNS FROM `lx_account` [ RunTime:0.016001s ]
SQL: UPDATE `lx_account` SET `online_status`=0 WHERE ( `id` = 1 ) [ RunTime:0.016001s ]

[ 2018-11-22T17:59:41+08:00 ] 127.0.0.1 /App/Detail/editOnline
INFO: [ app_begin ] --START--
INFO: Run Behavior\ReadHtmlCache [ RunTime:0.000000s ]
INFO: [ app_begin ] --END-- [ RunTime:0.001000s ]
SQL: SHOW COLUMNS FROM `lx_account` [ RunTime:0.017001s ]
SQL: UPDATE `lx_account` SET `online_status`=2 WHERE ( `id` = 1 ) [ RunTime:0.016001s ]

