[ 2018-08-08T03:42:35+08:00 ] 64.246.165.200 /robots.txt
ERR: 无法加载控制器:Robots

[ 2018-08-08T11:16:34+08:00 ] 223.72.59.246 /app/Detail/comment_posts_v4
ERR: 1064:You have an error in your SQL syntax; check the manual that corresponds to your MySQL server version for the right syntax to use near 'AND comm_id='4026' ) LIMIT 1' at line 1
 [ SQL语句 ] : SELECT count(*) as counts FROM `lx_comm_like` WHERE ( lx_comm_like.uid= AND comm_id='4026' ) LIMIT 1  
ERR: 1064:You have an error in your SQL syntax; check the manual that corresponds to your MySQL server version for the right syntax to use near 'AND comm_id='4026' ) LIMIT 1' at line 1
 [ SQL语句 ] : SELECT count(*) as counts FROM `lx_comm_dislike` WHERE ( lx_comm_dislike.uid= AND comm_id='4026' ) LIMIT 1  

[ 2018-08-08T11:16:34+08:00 ] 223.72.59.246 /app/Detail/posts_back
ERR: 1064:You have an error in your SQL syntax; check the manual that corresponds to your MySQL server version for the right syntax to use near ') LIMIT 1' at line 1
 [ SQL语句 ] : SELECT `path` FROM `lx_picture` WHERE ( id= ) LIMIT 1  

[ 2018-08-08T11:16:37+08:00 ] 223.72.59.246 /app/Detail/comment_posts_v4
ERR: 1064:You have an error in your SQL syntax; check the manual that corresponds to your MySQL server version for the right syntax to use near 'AND comm_id='4028' ) LIMIT 1' at line 1
 [ SQL语句 ] : SELECT count(*) as counts FROM `lx_comm_like` WHERE ( lx_comm_like.uid= AND comm_id='4028' ) LIMIT 1  
ERR: 1064:You have an error in your SQL syntax; check the manual that corresponds to your MySQL server version for the right syntax to use near 'AND comm_id='4028' ) LIMIT 1' at line 1
 [ SQL语句 ] : SELECT count(*) as counts FROM `lx_comm_dislike` WHERE ( lx_comm_dislike.uid= AND comm_id='4028' ) LIMIT 1  
ERR: 1064:You have an error in your SQL syntax; check the manual that corresponds to your MySQL server version for the right syntax to use near 'AND comm_id='4027' ) LIMIT 1' at line 1
 [ SQL语句 ] : SELECT count(*) as counts FROM `lx_comm_like` WHERE ( lx_comm_like.uid= AND comm_id='4027' ) LIMIT 1  
ERR: 1064:You have an error in your SQL syntax; check the manual that corresponds to your MySQL server version for the right syntax to use near 'AND comm_id='4027' ) LIMIT 1' at line 1
 [ SQL语句 ] : SELECT count(*) as counts FROM `lx_comm_dislike` WHERE ( lx_comm_dislike.uid= AND comm_id='4027' ) LIMIT 1  

[ 2018-08-08T11:16:49+08:00 ] 223.72.59.246 /app/Detail/comment_posts_v4
ERR: 1064:You have an error in your SQL syntax; check the manual that corresponds to your MySQL server version for the right syntax to use near 'AND comm_id='4028' ) LIMIT 1' at line 1
 [ SQL语句 ] : SELECT count(*) as counts FROM `lx_comm_like` WHERE ( lx_comm_like.uid= AND comm_id='4028' ) LIMIT 1  
ERR: 1064:You have an error in your SQL syntax; check the manual that corresponds to your MySQL server version for the right syntax to use near 'AND comm_id='4028' ) LIMIT 1' at line 1
 [ SQL语句 ] : SELECT count(*) as counts FROM `lx_comm_dislike` WHERE ( lx_comm_dislike.uid= AND comm_id='4028' ) LIMIT 1  
ERR: 1064:You have an error in your SQL syntax; check the manual that corresponds to your MySQL server version for the right syntax to use near 'AND comm_id='4027' ) LIMIT 1' at line 1
 [ SQL语句 ] : SELECT count(*) as counts FROM `lx_comm_like` WHERE ( lx_comm_like.uid= AND comm_id='4027' ) LIMIT 1  
ERR: 1064:You have an error in your SQL syntax; check the manual that corresponds to your MySQL server version for the right syntax to use near 'AND comm_id='4027' ) LIMIT 1' at line 1
 [ SQL语句 ] : SELECT count(*) as counts FROM `lx_comm_dislike` WHERE ( lx_comm_dislike.uid= AND comm_id='4027' ) LIMIT 1  

[ 2018-08-08T11:16:55+08:00 ] 223.72.59.246 /app/Detail/posts_back
ERR: 1064:You have an error in your SQL syntax; check the manual that corresponds to your MySQL server version for the right syntax to use near ') LIMIT 1' at line 1
 [ SQL语句 ] : SELECT `path` FROM `lx_picture` WHERE ( id= ) LIMIT 1  

[ 2018-08-08T11:16:55+08:00 ] 223.72.59.246 /app/Detail/comment_posts_v4
ERR: 1064:You have an error in your SQL syntax; check the manual that corresponds to your MySQL server version for the right syntax to use near 'AND comm_id='4026' ) LIMIT 1' at line 1
 [ SQL语句 ] : SELECT count(*) as counts FROM `lx_comm_like` WHERE ( lx_comm_like.uid= AND comm_id='4026' ) LIMIT 1  
ERR: 1064:You have an error in your SQL syntax; check the manual that corresponds to your MySQL server version for the right syntax to use near 'AND comm_id='4026' ) LIMIT 1' at line 1
 [ SQL语句 ] : SELECT count(*) as counts FROM `lx_comm_dislike` WHERE ( lx_comm_dislike.uid= AND comm_id='4026' ) LIMIT 1  

[ 2018-08-08T11:16:56+08:00 ] 223.72.59.246 /app/Detail/comment_posts_v4
ERR: 1064:You have an error in your SQL syntax; check the manual that corresponds to your MySQL server version for the right syntax to use near 'AND comm_id='4028' ) LIMIT 1' at line 1
 [ SQL语句 ] : SELECT count(*) as counts FROM `lx_comm_like` WHERE ( lx_comm_like.uid= AND comm_id='4028' ) LIMIT 1  
ERR: 1064:You have an error in your SQL syntax; check the manual that corresponds to your MySQL server version for the right syntax to use near 'AND comm_id='4028' ) LIMIT 1' at line 1
 [ SQL语句 ] : SELECT count(*) as counts FROM `lx_comm_dislike` WHERE ( lx_comm_dislike.uid= AND comm_id='4028' ) LIMIT 1  
ERR: 1064:You have an error in your SQL syntax; check the manual that corresponds to your MySQL server version for the right syntax to use near 'AND comm_id='4027' ) LIMIT 1' at line 1
 [ SQL语句 ] : SELECT count(*) as counts FROM `lx_comm_like` WHERE ( lx_comm_like.uid= AND comm_id='4027' ) LIMIT 1  
ERR: 1064:You have an error in your SQL syntax; check the manual that corresponds to your MySQL server version for the right syntax to use near 'AND comm_id='4027' ) LIMIT 1' at line 1
 [ SQL语句 ] : SELECT count(*) as counts FROM `lx_comm_dislike` WHERE ( lx_comm_dislike.uid= AND comm_id='4027' ) LIMIT 1  

[ 2018-08-08T11:17:03+08:00 ] 223.72.59.246 /app/Detail/comment_posts_v4
ERR: 1064:You have an error in your SQL syntax; check the manual that corresponds to your MySQL server version for the right syntax to use near 'AND comm_id='4028' ) LIMIT 1' at line 1
 [ SQL语句 ] : SELECT count(*) as counts FROM `lx_comm_like` WHERE ( lx_comm_like.uid= AND comm_id='4028' ) LIMIT 1  
ERR: 1064:You have an error in your SQL syntax; check the manual that corresponds to your MySQL server version for the right syntax to use near 'AND comm_id='4028' ) LIMIT 1' at line 1
 [ SQL语句 ] : SELECT count(*) as counts FROM `lx_comm_dislike` WHERE ( lx_comm_dislike.uid= AND comm_id='4028' ) LIMIT 1  
ERR: 1064:You have an error in your SQL syntax; check the manual that corresponds to your MySQL server version for the right syntax to use near 'AND comm_id='4027' ) LIMIT 1' at line 1
 [ SQL语句 ] : SELECT count(*) as counts FROM `lx_comm_like` WHERE ( lx_comm_like.uid= AND comm_id='4027' ) LIMIT 1  
ERR: 1064:You have an error in your SQL syntax; check the manual that corresponds to your MySQL server version for the right syntax to use near 'AND comm_id='4027' ) LIMIT 1' at line 1
 [ SQL语句 ] : SELECT count(*) as counts FROM `lx_comm_dislike` WHERE ( lx_comm_dislike.uid= AND comm_id='4027' ) LIMIT 1  

[ 2018-08-08T11:17:05+08:00 ] 223.72.59.246 /app/Detail/comment_posts_v4
ERR: 1064:You have an error in your SQL syntax; check the manual that corresponds to your MySQL server version for the right syntax to use near 'AND comm_id='4028' ) LIMIT 1' at line 1
 [ SQL语句 ] : SELECT count(*) as counts FROM `lx_comm_like` WHERE ( lx_comm_like.uid= AND comm_id='4028' ) LIMIT 1  
ERR: 1064:You have an error in your SQL syntax; check the manual that corresponds to your MySQL server version for the right syntax to use near 'AND comm_id='4028' ) LIMIT 1' at line 1
 [ SQL语句 ] : SELECT count(*) as counts FROM `lx_comm_dislike` WHERE ( lx_comm_dislike.uid= AND comm_id='4028' ) LIMIT 1  
ERR: 1064:You have an error in your SQL syntax; check the manual that corresponds to your MySQL server version for the right syntax to use near 'AND comm_id='4027' ) LIMIT 1' at line 1
 [ SQL语句 ] : SELECT count(*) as counts FROM `lx_comm_like` WHERE ( lx_comm_like.uid= AND comm_id='4027' ) LIMIT 1  
ERR: 1064:You have an error in your SQL syntax; check the manual that corresponds to your MySQL server version for the right syntax to use near 'AND comm_id='4027' ) LIMIT 1' at line 1
 [ SQL语句 ] : SELECT count(*) as counts FROM `lx_comm_dislike` WHERE ( lx_comm_dislike.uid= AND comm_id='4027' ) LIMIT 1  

[ 2018-08-08T11:17:21+08:00 ] 223.72.59.246 /app/Detail/comment_posts_v4
ERR: 1064:You have an error in your SQL syntax; check the manual that corresponds to your MySQL server version for the right syntax to use near 'AND comm_id='4028' ) LIMIT 1' at line 1
 [ SQL语句 ] : SELECT count(*) as counts FROM `lx_comm_like` WHERE ( lx_comm_like.uid= AND comm_id='4028' ) LIMIT 1  
ERR: 1064:You have an error in your SQL syntax; check the manual that corresponds to your MySQL server version for the right syntax to use near 'AND comm_id='4028' ) LIMIT 1' at line 1
 [ SQL语句 ] : SELECT count(*) as counts FROM `lx_comm_dislike` WHERE ( lx_comm_dislike.uid= AND comm_id='4028' ) LIMIT 1  
ERR: 1064:You have an error in your SQL syntax; check the manual that corresponds to your MySQL server version for the right syntax to use near 'AND comm_id='4027' ) LIMIT 1' at line 1
 [ SQL语句 ] : SELECT count(*) as counts FROM `lx_comm_like` WHERE ( lx_comm_like.uid= AND comm_id='4027' ) LIMIT 1  
ERR: 1064:You have an error in your SQL syntax; check the manual that corresponds to your MySQL server version for the right syntax to use near 'AND comm_id='4027' ) LIMIT 1' at line 1
 [ SQL语句 ] : SELECT count(*) as counts FROM `lx_comm_dislike` WHERE ( lx_comm_dislike.uid= AND comm_id='4027' ) LIMIT 1  

[ 2018-08-08T13:27:26+08:00 ] 223.72.59.246 /app/Detail/posts_back
ERR: 1064:You have an error in your SQL syntax; check the manual that corresponds to your MySQL server version for the right syntax to use near ') LIMIT 1' at line 1
 [ SQL语句 ] : SELECT `path` FROM `lx_picture` WHERE ( id= ) LIMIT 1  

[ 2018-08-08T13:27:26+08:00 ] 223.72.59.246 /app/Detail/comment_posts_v4
ERR: 1064:You have an error in your SQL syntax; check the manual that corresponds to your MySQL server version for the right syntax to use near 'AND comm_id='4026' ) LIMIT 1' at line 1
 [ SQL语句 ] : SELECT count(*) as counts FROM `lx_comm_like` WHERE ( lx_comm_like.uid= AND comm_id='4026' ) LIMIT 1  
ERR: 1064:You have an error in your SQL syntax; check the manual that corresponds to your MySQL server version for the right syntax to use near 'AND comm_id='4026' ) LIMIT 1' at line 1
 [ SQL语句 ] : SELECT count(*) as counts FROM `lx_comm_dislike` WHERE ( lx_comm_dislike.uid= AND comm_id='4026' ) LIMIT 1  

[ 2018-08-08T13:27:33+08:00 ] 223.72.59.246 /app/Detail/comment_posts_v4
ERR: 1064:You have an error in your SQL syntax; check the manual that corresponds to your MySQL server version for the right syntax to use near 'AND comm_id='4026' ) LIMIT 1' at line 1
 [ SQL语句 ] : SELECT count(*) as counts FROM `lx_comm_like` WHERE ( lx_comm_like.uid= AND comm_id='4026' ) LIMIT 1  
ERR: 1064:You have an error in your SQL syntax; check the manual that corresponds to your MySQL server version for the right syntax to use near 'AND comm_id='4026' ) LIMIT 1' at line 1
 [ SQL语句 ] : SELECT count(*) as counts FROM `lx_comm_dislike` WHERE ( lx_comm_dislike.uid= AND comm_id='4026' ) LIMIT 1  

[ 2018-08-08T13:27:33+08:00 ] 223.72.59.246 /app/Detail/posts_back
ERR: 1064:You have an error in your SQL syntax; check the manual that corresponds to your MySQL server version for the right syntax to use near ') LIMIT 1' at line 1
 [ SQL语句 ] : SELECT `path` FROM `lx_picture` WHERE ( id= ) LIMIT 1  

[ 2018-08-08T13:36:17+08:00 ] 223.72.59.246 /App/Detail/posts_back
ERR: 1064:You have an error in your SQL syntax; check the manual that corresponds to your MySQL server version for the right syntax to use near ') LIMIT 1' at line 1
 [ SQL语句 ] : SELECT `path` FROM `lx_picture` WHERE ( id= ) LIMIT 1  

[ 2018-08-08T13:36:17+08:00 ] 223.72.59.246 /App/Detail/comment_posts_v4
ERR: 1064:You have an error in your SQL syntax; check the manual that corresponds to your MySQL server version for the right syntax to use near 'AND comm_id='4026' ) LIMIT 1' at line 1
 [ SQL语句 ] : SELECT count(*) as counts FROM `lx_comm_like` WHERE ( lx_comm_like.uid= AND comm_id='4026' ) LIMIT 1  
ERR: 1064:You have an error in your SQL syntax; check the manual that corresponds to your MySQL server version for the right syntax to use near 'AND comm_id='4026' ) LIMIT 1' at line 1
 [ SQL语句 ] : SELECT count(*) as counts FROM `lx_comm_dislike` WHERE ( lx_comm_dislike.uid= AND comm_id='4026' ) LIMIT 1  

[ 2018-08-08T13:36:19+08:00 ] 223.72.59.246 /App/Detail/posts_back
ERR: 1064:You have an error in your SQL syntax; check the manual that corresponds to your MySQL server version for the right syntax to use near ') LIMIT 1' at line 1
 [ SQL语句 ] : SELECT `path` FROM `lx_picture` WHERE ( id= ) LIMIT 1  

[ 2018-08-08T13:55:10+08:00 ] 223.72.59.246 /app/Index/recommend?num=5&nowpage=1
ERR: 1054:Unknown column 'is_cost' in 'field list'
 [ SQL语句 ] : SELECT `object_id`,`type`,`title`,`thumb_img`,`is_cost` FROM `lx_recommend` WHERE ( `status` = 1 ) AND ( `is_private` = 1 ) ORDER BY `stick_date` desc,`push_date` desc LIMIT 0,5  

[ 2018-08-08T13:55:27+08:00 ] 223.72.59.246 /app/Index/recommend?num=5&nowpage=1
ERR: 1054:Unknown column 'is_cost' in 'field list'
 [ SQL语句 ] : SELECT `object_id`,`type`,`title`,`thumb_img`,`is_cost` FROM `lx_recommend` WHERE ( `status` = 1 ) AND ( `is_private` = 1 ) ORDER BY `stick_date` desc,`push_date` desc LIMIT 0,5  

[ 2018-08-08T14:09:28+08:00 ] 223.72.59.246 /app/Detail/video
ERR: 1064:You have an error in your SQL syntax; check the manual that corresponds to your MySQL server version for the right syntax to use near ') LIMIT 1' at line 1
 [ SQL语句 ] : SELECT * FROM `lx_video` WHERE ( id= ) LIMIT 1  

[ 2018-08-08T17:52:34+08:00 ] 223.72.59.246 /App/Detail/posts_back
ERR: 1064:You have an error in your SQL syntax; check the manual that corresponds to your MySQL server version for the right syntax to use near ') LIMIT 1' at line 1
 [ SQL语句 ] : SELECT `path` FROM `lx_picture` WHERE ( id= ) LIMIT 1  

[ 2018-08-08T17:52:34+08:00 ] 223.72.59.246 /App/Detail/comment_posts_v4
ERR: 1064:You have an error in your SQL syntax; check the manual that corresponds to your MySQL server version for the right syntax to use near 'AND comm_id='4011' ) LIMIT 1' at line 1
 [ SQL语句 ] : SELECT count(*) as counts FROM `lx_comm_like` WHERE ( lx_comm_like.uid= AND comm_id='4011' ) LIMIT 1  
ERR: 1064:You have an error in your SQL syntax; check the manual that corresponds to your MySQL server version for the right syntax to use near 'AND comm_id='4011' ) LIMIT 1' at line 1
 [ SQL语句 ] : SELECT count(*) as counts FROM `lx_comm_dislike` WHERE ( lx_comm_dislike.uid= AND comm_id='4011' ) LIMIT 1  
ERR: 1064:You have an error in your SQL syntax; check the manual that corresponds to your MySQL server version for the right syntax to use near 'AND comm_id='4010' ) LIMIT 1' at line 1
 [ SQL语句 ] : SELECT count(*) as counts FROM `lx_comm_like` WHERE ( lx_comm_like.uid= AND comm_id='4010' ) LIMIT 1  
ERR: 1064:You have an error in your SQL syntax; check the manual that corresponds to your MySQL server version for the right syntax to use near 'AND comm_id='4010' ) LIMIT 1' at line 1
 [ SQL语句 ] : SELECT count(*) as counts FROM `lx_comm_dislike` WHERE ( lx_comm_dislike.uid= AND comm_id='4010' ) LIMIT 1  

[ 2018-08-08T17:52:57+08:00 ] 223.72.59.246 /App/Detail/posts_back
ERR: 1064:You have an error in your SQL syntax; check the manual that corresponds to your MySQL server version for the right syntax to use near ') LIMIT 1' at line 1
 [ SQL语句 ] : SELECT `path` FROM `lx_picture` WHERE ( id= ) LIMIT 1  

