[ 2018-08-13T14:15:07+08:00 ] 222.129.107.79 /App/Detail/posts_back
ERR: 1064:You have an error in your SQL syntax; check the manual that corresponds to your MySQL server version for the right syntax to use near ') LIMIT 1' at line 1
 [ SQL语句 ] : SELECT `path` FROM `lx_picture` WHERE ( id= ) LIMIT 1  

[ 2018-08-13T14:15:10+08:00 ] 222.129.107.79 /App/Detail/posts_back
ERR: 1064:You have an error in your SQL syntax; check the manual that corresponds to your MySQL server version for the right syntax to use near ') LIMIT 1' at line 1
 [ SQL语句 ] : SELECT `path` FROM `lx_picture` WHERE ( id= ) LIMIT 1  

[ 2018-08-13T14:15:12+08:00 ] 222.129.107.79 /App/Detail/posts_back
ERR: 1064:You have an error in your SQL syntax; check the manual that corresponds to your MySQL server version for the right syntax to use near ') LIMIT 1' at line 1
 [ SQL语句 ] : SELECT `path` FROM `lx_picture` WHERE ( id= ) LIMIT 1  

[ 2018-08-13T14:15:17+08:00 ] 222.129.107.79 /App/Detail/posts_back
ERR: 1064:You have an error in your SQL syntax; check the manual that corresponds to your MySQL server version for the right syntax to use near ') LIMIT 1' at line 1
 [ SQL语句 ] : SELECT `path` FROM `lx_picture` WHERE ( id= ) LIMIT 1  

[ 2018-08-13T14:55:41+08:00 ] 222.129.107.79 /app/Detail/video
ERR: 1064:You have an error in your SQL syntax; check the manual that corresponds to your MySQL server version for the right syntax to use near ') LIMIT 1' at line 1
 [ SQL语句 ] : SELECT * FROM `lx_video` WHERE ( id= ) LIMIT 1  

[ 2018-08-13T14:55:50+08:00 ] 222.129.107.79 /app/Detail/video
ERR: 1064:You have an error in your SQL syntax; check the manual that corresponds to your MySQL server version for the right syntax to use near ') LIMIT 1' at line 1
 [ SQL语句 ] : SELECT * FROM `lx_video` WHERE ( id= ) LIMIT 1  

[ 2018-08-13T15:08:06+08:00 ] 222.129.107.79 /app/Detail/video
ERR: 1064:You have an error in your SQL syntax; check the manual that corresponds to your MySQL server version for the right syntax to use near ') LIMIT 1' at line 1
 [ SQL语句 ] : SELECT * FROM `lx_video` WHERE ( id= ) LIMIT 1  

[ 2018-08-13T16:11:59+08:00 ] 222.129.107.79 /app/Detail/video
ERR: 1064:You have an error in your SQL syntax; check the manual that corresponds to your MySQL server version for the right syntax to use near ') LIMIT 1' at line 1
 [ SQL语句 ] : SELECT * FROM `lx_video` WHERE ( id= ) LIMIT 1  

[ 2018-08-13T16:23:22+08:00 ] 222.129.107.79 /App/Detail/posts_back
ERR: 1064:You have an error in your SQL syntax; check the manual that corresponds to your MySQL server version for the right syntax to use near ') LIMIT 1' at line 1
 [ SQL语句 ] : SELECT `path` FROM `lx_picture` WHERE ( id= ) LIMIT 1  

[ 2018-08-13T16:23:22+08:00 ] 222.129.107.79 /App/Detail/comment_posts_v4
ERR: 1064:You have an error in your SQL syntax; check the manual that corresponds to your MySQL server version for the right syntax to use near 'AND comm_id='3986' ) LIMIT 1' at line 1
 [ SQL语句 ] : SELECT count(*) as counts FROM `lx_comm_like` WHERE ( lx_comm_like.uid= AND comm_id='3986' ) LIMIT 1  
ERR: 1064:You have an error in your SQL syntax; check the manual that corresponds to your MySQL server version for the right syntax to use near 'AND comm_id='3986' ) LIMIT 1' at line 1
 [ SQL语句 ] : SELECT count(*) as counts FROM `lx_comm_dislike` WHERE ( lx_comm_dislike.uid= AND comm_id='3986' ) LIMIT 1  

[ 2018-08-13T16:45:17+08:00 ] 222.129.107.79 /App/Detail/posts_back
ERR: 1064:You have an error in your SQL syntax; check the manual that corresponds to your MySQL server version for the right syntax to use near ') LIMIT 1' at line 1
 [ SQL语句 ] : SELECT `path` FROM `lx_picture` WHERE ( id= ) LIMIT 1  

[ 2018-08-13T16:45:18+08:00 ] 222.129.107.79 /App/Detail/comment_posts_v4
ERR: 1064:You have an error in your SQL syntax; check the manual that corresponds to your MySQL server version for the right syntax to use near 'AND comm_id='3988' ) LIMIT 1' at line 1
 [ SQL语句 ] : SELECT count(*) as counts FROM `lx_comm_like` WHERE ( lx_comm_like.uid= AND comm_id='3988' ) LIMIT 1  
ERR: 1064:You have an error in your SQL syntax; check the manual that corresponds to your MySQL server version for the right syntax to use near 'AND comm_id='3988' ) LIMIT 1' at line 1
 [ SQL语句 ] : SELECT count(*) as counts FROM `lx_comm_dislike` WHERE ( lx_comm_dislike.uid= AND comm_id='3988' ) LIMIT 1  
ERR: 1064:You have an error in your SQL syntax; check the manual that corresponds to your MySQL server version for the right syntax to use near 'AND comm_id='3987' ) LIMIT 1' at line 1
 [ SQL语句 ] : SELECT count(*) as counts FROM `lx_comm_like` WHERE ( lx_comm_like.uid= AND comm_id='3987' ) LIMIT 1  
ERR: 1064:You have an error in your SQL syntax; check the manual that corresponds to your MySQL server version for the right syntax to use near 'AND comm_id='3987' ) LIMIT 1' at line 1
 [ SQL语句 ] : SELECT count(*) as counts FROM `lx_comm_dislike` WHERE ( lx_comm_dislike.uid= AND comm_id='3987' ) LIMIT 1  

[ 2018-08-13T16:45:21+08:00 ] 222.129.107.79 /App/Detail/posts_back
ERR: 1064:You have an error in your SQL syntax; check the manual that corresponds to your MySQL server version for the right syntax to use near ') LIMIT 1' at line 1
 [ SQL语句 ] : SELECT `path` FROM `lx_picture` WHERE ( id= ) LIMIT 1  

[ 2018-08-13T16:45:21+08:00 ] 222.129.107.79 /App/Detail/comment_posts_v4
ERR: 1064:You have an error in your SQL syntax; check the manual that corresponds to your MySQL server version for the right syntax to use near 'AND comm_id='3986' ) LIMIT 1' at line 1
 [ SQL语句 ] : SELECT count(*) as counts FROM `lx_comm_like` WHERE ( lx_comm_like.uid= AND comm_id='3986' ) LIMIT 1  
ERR: 1064:You have an error in your SQL syntax; check the manual that corresponds to your MySQL server version for the right syntax to use near 'AND comm_id='3986' ) LIMIT 1' at line 1
 [ SQL语句 ] : SELECT count(*) as counts FROM `lx_comm_dislike` WHERE ( lx_comm_dislike.uid= AND comm_id='3986' ) LIMIT 1  

[ 2018-08-13T16:45:24+08:00 ] 222.129.107.79 /App/Detail/posts_back
ERR: 1064:You have an error in your SQL syntax; check the manual that corresponds to your MySQL server version for the right syntax to use near ') LIMIT 1' at line 1
 [ SQL语句 ] : SELECT `path` FROM `lx_picture` WHERE ( id= ) LIMIT 1  

[ 2018-08-13T16:45:24+08:00 ] 222.129.107.79 /App/Detail/comment_posts_v4
ERR: 1064:You have an error in your SQL syntax; check the manual that corresponds to your MySQL server version for the right syntax to use near 'AND comm_id='3985' ) LIMIT 1' at line 1
 [ SQL语句 ] : SELECT count(*) as counts FROM `lx_comm_like` WHERE ( lx_comm_like.uid= AND comm_id='3985' ) LIMIT 1  
ERR: 1064:You have an error in your SQL syntax; check the manual that corresponds to your MySQL server version for the right syntax to use near 'AND comm_id='3985' ) LIMIT 1' at line 1
 [ SQL语句 ] : SELECT count(*) as counts FROM `lx_comm_dislike` WHERE ( lx_comm_dislike.uid= AND comm_id='3985' ) LIMIT 1  

[ 2018-08-13T16:51:11+08:00 ] 222.129.107.79 /App/Detail/posts_back
ERR: 1064:You have an error in your SQL syntax; check the manual that corresponds to your MySQL server version for the right syntax to use near ') LIMIT 1' at line 1
 [ SQL语句 ] : SELECT `path` FROM `lx_picture` WHERE ( id= ) LIMIT 1  

[ 2018-08-13T17:18:28+08:00 ] 222.129.107.79 /App/Detail/posts_back
ERR: 1064:You have an error in your SQL syntax; check the manual that corresponds to your MySQL server version for the right syntax to use near ') LIMIT 1' at line 1
 [ SQL语句 ] : SELECT `path` FROM `lx_picture` WHERE ( id= ) LIMIT 1  

[ 2018-08-13T17:18:28+08:00 ] 222.129.107.79 /App/Detail/comment_posts_v4
ERR: 1064:You have an error in your SQL syntax; check the manual that corresponds to your MySQL server version for the right syntax to use near 'AND comm_id='4026' ) LIMIT 1' at line 1
 [ SQL语句 ] : SELECT count(*) as counts FROM `lx_comm_like` WHERE ( lx_comm_like.uid= AND comm_id='4026' ) LIMIT 1  
ERR: 1064:You have an error in your SQL syntax; check the manual that corresponds to your MySQL server version for the right syntax to use near 'AND comm_id='4026' ) LIMIT 1' at line 1
 [ SQL语句 ] : SELECT count(*) as counts FROM `lx_comm_dislike` WHERE ( lx_comm_dislike.uid= AND comm_id='4026' ) LIMIT 1  

[ 2018-08-13T17:18:33+08:00 ] 222.129.107.79 /App/Detail/posts_back
ERR: 1064:You have an error in your SQL syntax; check the manual that corresponds to your MySQL server version for the right syntax to use near ') LIMIT 1' at line 1
 [ SQL语句 ] : SELECT `path` FROM `lx_picture` WHERE ( id= ) LIMIT 1  

[ 2018-08-13T17:18:33+08:00 ] 222.129.107.79 /App/Detail/comment_posts_v4
ERR: 1064:You have an error in your SQL syntax; check the manual that corresponds to your MySQL server version for the right syntax to use near 'AND comm_id='4017' ) LIMIT 1' at line 1
 [ SQL语句 ] : SELECT count(*) as counts FROM `lx_comm_like` WHERE ( lx_comm_like.uid= AND comm_id='4017' ) LIMIT 1  
ERR: 1064:You have an error in your SQL syntax; check the manual that corresponds to your MySQL server version for the right syntax to use near 'AND comm_id='4017' ) LIMIT 1' at line 1
 [ SQL语句 ] : SELECT count(*) as counts FROM `lx_comm_dislike` WHERE ( lx_comm_dislike.uid= AND comm_id='4017' ) LIMIT 1  
ERR: 1064:You have an error in your SQL syntax; check the manual that corresponds to your MySQL server version for the right syntax to use near 'AND comm_id='4016' ) LIMIT 1' at line 1
 [ SQL语句 ] : SELECT count(*) as counts FROM `lx_comm_like` WHERE ( lx_comm_like.uid= AND comm_id='4016' ) LIMIT 1  
ERR: 1064:You have an error in your SQL syntax; check the manual that corresponds to your MySQL server version for the right syntax to use near 'AND comm_id='4016' ) LIMIT 1' at line 1
 [ SQL语句 ] : SELECT count(*) as counts FROM `lx_comm_dislike` WHERE ( lx_comm_dislike.uid= AND comm_id='4016' ) LIMIT 1  
ERR: 1064:You have an error in your SQL syntax; check the manual that corresponds to your MySQL server version for the right syntax to use near 'AND comm_id='4015' ) LIMIT 1' at line 1
 [ SQL语句 ] : SELECT count(*) as counts FROM `lx_comm_like` WHERE ( lx_comm_like.uid= AND comm_id='4015' ) LIMIT 1  
ERR: 1064:You have an error in your SQL syntax; check the manual that corresponds to your MySQL server version for the right syntax to use near 'AND comm_id='4015' ) LIMIT 1' at line 1
 [ SQL语句 ] : SELECT count(*) as counts FROM `lx_comm_dislike` WHERE ( lx_comm_dislike.uid= AND comm_id='4015' ) LIMIT 1  
ERR: 1064:You have an error in your SQL syntax; check the manual that corresponds to your MySQL server version for the right syntax to use near 'AND comm_id='4014' ) LIMIT 1' at line 1
 [ SQL语句 ] : SELECT count(*) as counts FROM `lx_comm_like` WHERE ( lx_comm_like.uid= AND comm_id='4014' ) LIMIT 1  
ERR: 1064:You have an error in your SQL syntax; check the manual that corresponds to your MySQL server version for the right syntax to use near 'AND comm_id='4014' ) LIMIT 1' at line 1
 [ SQL语句 ] : SELECT count(*) as counts FROM `lx_comm_dislike` WHERE ( lx_comm_dislike.uid= AND comm_id='4014' ) LIMIT 1  
ERR: 1064:You have an error in your SQL syntax; check the manual that corresponds to your MySQL server version for the right syntax to use near 'AND comm_id='4013' ) LIMIT 1' at line 1
 [ SQL语句 ] : SELECT count(*) as counts FROM `lx_comm_like` WHERE ( lx_comm_like.uid= AND comm_id='4013' ) LIMIT 1  
ERR: 1064:You have an error in your SQL syntax; check the manual that corresponds to your MySQL server version for the right syntax to use near 'AND comm_id='4013' ) LIMIT 1' at line 1
 [ SQL语句 ] : SELECT count(*) as counts FROM `lx_comm_dislike` WHERE ( lx_comm_dislike.uid= AND comm_id='4013' ) LIMIT 1  
ERR: 1064:You have an error in your SQL syntax; check the manual that corresponds to your MySQL server version for the right syntax to use near 'AND comm_id='4012' ) LIMIT 1' at line 1
 [ SQL语句 ] : SELECT count(*) as counts FROM `lx_comm_like` WHERE ( lx_comm_like.uid= AND comm_id='4012' ) LIMIT 1  
ERR: 1064:You have an error in your SQL syntax; check the manual that corresponds to your MySQL server version for the right syntax to use near 'AND comm_id='4012' ) LIMIT 1' at line 1
 [ SQL语句 ] : SELECT count(*) as counts FROM `lx_comm_dislike` WHERE ( lx_comm_dislike.uid= AND comm_id='4012' ) LIMIT 1  

[ 2018-08-13T17:18:43+08:00 ] 222.129.107.79 /App/Detail/posts_back
ERR: 1064:You have an error in your SQL syntax; check the manual that corresponds to your MySQL server version for the right syntax to use near ') LIMIT 1' at line 1
 [ SQL语句 ] : SELECT `path` FROM `lx_picture` WHERE ( id= ) LIMIT 1  

[ 2018-08-13T17:18:43+08:00 ] 222.129.107.79 /App/Detail/comment_posts_v4
ERR: 1064:You have an error in your SQL syntax; check the manual that corresponds to your MySQL server version for the right syntax to use near 'AND comm_id='4017' ) LIMIT 1' at line 1
 [ SQL语句 ] : SELECT count(*) as counts FROM `lx_comm_like` WHERE ( lx_comm_like.uid= AND comm_id='4017' ) LIMIT 1  
ERR: 1064:You have an error in your SQL syntax; check the manual that corresponds to your MySQL server version for the right syntax to use near 'AND comm_id='4017' ) LIMIT 1' at line 1
 [ SQL语句 ] : SELECT count(*) as counts FROM `lx_comm_dislike` WHERE ( lx_comm_dislike.uid= AND comm_id='4017' ) LIMIT 1  
ERR: 1064:You have an error in your SQL syntax; check the manual that corresponds to your MySQL server version for the right syntax to use near 'AND comm_id='4016' ) LIMIT 1' at line 1
 [ SQL语句 ] : SELECT count(*) as counts FROM `lx_comm_like` WHERE ( lx_comm_like.uid= AND comm_id='4016' ) LIMIT 1  
ERR: 1064:You have an error in your SQL syntax; check the manual that corresponds to your MySQL server version for the right syntax to use near 'AND comm_id='4016' ) LIMIT 1' at line 1
 [ SQL语句 ] : SELECT count(*) as counts FROM `lx_comm_dislike` WHERE ( lx_comm_dislike.uid= AND comm_id='4016' ) LIMIT 1  
ERR: 1064:You have an error in your SQL syntax; check the manual that corresponds to your MySQL server version for the right syntax to use near 'AND comm_id='4015' ) LIMIT 1' at line 1
 [ SQL语句 ] : SELECT count(*) as counts FROM `lx_comm_like` WHERE ( lx_comm_like.uid= AND comm_id='4015' ) LIMIT 1  
ERR: 1064:You have an error in your SQL syntax; check the manual that corresponds to your MySQL server version for the right syntax to use near 'AND comm_id='4015' ) LIMIT 1' at line 1
 [ SQL语句 ] : SELECT count(*) as counts FROM `lx_comm_dislike` WHERE ( lx_comm_dislike.uid= AND comm_id='4015' ) LIMIT 1  
ERR: 1064:You have an error in your SQL syntax; check the manual that corresponds to your MySQL server version for the right syntax to use near 'AND comm_id='4014' ) LIMIT 1' at line 1
 [ SQL语句 ] : SELECT count(*) as counts FROM `lx_comm_like` WHERE ( lx_comm_like.uid= AND comm_id='4014' ) LIMIT 1  
ERR: 1064:You have an error in your SQL syntax; check the manual that corresponds to your MySQL server version for the right syntax to use near 'AND comm_id='4014' ) LIMIT 1' at line 1
 [ SQL语句 ] : SELECT count(*) as counts FROM `lx_comm_dislike` WHERE ( lx_comm_dislike.uid= AND comm_id='4014' ) LIMIT 1  
ERR: 1064:You have an error in your SQL syntax; check the manual that corresponds to your MySQL server version for the right syntax to use near 'AND comm_id='4013' ) LIMIT 1' at line 1
 [ SQL语句 ] : SELECT count(*) as counts FROM `lx_comm_like` WHERE ( lx_comm_like.uid= AND comm_id='4013' ) LIMIT 1  
ERR: 1064:You have an error in your SQL syntax; check the manual that corresponds to your MySQL server version for the right syntax to use near 'AND comm_id='4013' ) LIMIT 1' at line 1
 [ SQL语句 ] : SELECT count(*) as counts FROM `lx_comm_dislike` WHERE ( lx_comm_dislike.uid= AND comm_id='4013' ) LIMIT 1  
ERR: 1064:You have an error in your SQL syntax; check the manual that corresponds to your MySQL server version for the right syntax to use near 'AND comm_id='4012' ) LIMIT 1' at line 1
 [ SQL语句 ] : SELECT count(*) as counts FROM `lx_comm_like` WHERE ( lx_comm_like.uid= AND comm_id='4012' ) LIMIT 1  
ERR: 1064:You have an error in your SQL syntax; check the manual that corresponds to your MySQL server version for the right syntax to use near 'AND comm_id='4012' ) LIMIT 1' at line 1
 [ SQL语句 ] : SELECT count(*) as counts FROM `lx_comm_dislike` WHERE ( lx_comm_dislike.uid= AND comm_id='4012' ) LIMIT 1  

[ 2018-08-13T17:37:09+08:00 ] 222.129.107.79 /app/Detail/posts_back
ERR: 1064:You have an error in your SQL syntax; check the manual that corresponds to your MySQL server version for the right syntax to use near ') LIMIT 1' at line 1
 [ SQL语句 ] : SELECT `path` FROM `lx_picture` WHERE ( id= ) LIMIT 1  

[ 2018-08-13T17:37:15+08:00 ] 222.129.107.79 /app/Detail/comment_posts_v4
ERR: 1064:You have an error in your SQL syntax; check the manual that corresponds to your MySQL server version for the right syntax to use near 'AND comm_id='3975' ) LIMIT 1' at line 1
 [ SQL语句 ] : SELECT count(*) as counts FROM `lx_comm_like` WHERE ( lx_comm_like.uid= AND comm_id='3975' ) LIMIT 1  
ERR: 1064:You have an error in your SQL syntax; check the manual that corresponds to your MySQL server version for the right syntax to use near 'AND comm_id='3975' ) LIMIT 1' at line 1
 [ SQL语句 ] : SELECT count(*) as counts FROM `lx_comm_dislike` WHERE ( lx_comm_dislike.uid= AND comm_id='3975' ) LIMIT 1  
ERR: 1064:You have an error in your SQL syntax; check the manual that corresponds to your MySQL server version for the right syntax to use near 'AND comm_id='3974' ) LIMIT 1' at line 1
 [ SQL语句 ] : SELECT count(*) as counts FROM `lx_comm_like` WHERE ( lx_comm_like.uid= AND comm_id='3974' ) LIMIT 1  
ERR: 1064:You have an error in your SQL syntax; check the manual that corresponds to your MySQL server version for the right syntax to use near 'AND comm_id='3974' ) LIMIT 1' at line 1
 [ SQL语句 ] : SELECT count(*) as counts FROM `lx_comm_dislike` WHERE ( lx_comm_dislike.uid= AND comm_id='3974' ) LIMIT 1  
ERR: 1064:You have an error in your SQL syntax; check the manual that corresponds to your MySQL server version for the right syntax to use near 'AND comm_id='3973' ) LIMIT 1' at line 1
 [ SQL语句 ] : SELECT count(*) as counts FROM `lx_comm_like` WHERE ( lx_comm_like.uid= AND comm_id='3973' ) LIMIT 1  
ERR: 1064:You have an error in your SQL syntax; check the manual that corresponds to your MySQL server version for the right syntax to use near 'AND comm_id='3973' ) LIMIT 1' at line 1
 [ SQL语句 ] : SELECT count(*) as counts FROM `lx_comm_dislike` WHERE ( lx_comm_dislike.uid= AND comm_id='3973' ) LIMIT 1  
ERR: 1064:You have an error in your SQL syntax; check the manual that corresponds to your MySQL server version for the right syntax to use near 'AND comm_id='3972' ) LIMIT 1' at line 1
 [ SQL语句 ] : SELECT count(*) as counts FROM `lx_comm_like` WHERE ( lx_comm_like.uid= AND comm_id='3972' ) LIMIT 1  
ERR: 1064:You have an error in your SQL syntax; check the manual that corresponds to your MySQL server version for the right syntax to use near 'AND comm_id='3972' ) LIMIT 1' at line 1
 [ SQL语句 ] : SELECT count(*) as counts FROM `lx_comm_dislike` WHERE ( lx_comm_dislike.uid= AND comm_id='3972' ) LIMIT 1  
ERR: 1064:You have an error in your SQL syntax; check the manual that corresponds to your MySQL server version for the right syntax to use near 'AND comm_id='3971' ) LIMIT 1' at line 1
 [ SQL语句 ] : SELECT count(*) as counts FROM `lx_comm_like` WHERE ( lx_comm_like.uid= AND comm_id='3971' ) LIMIT 1  
ERR: 1064:You have an error in your SQL syntax; check the manual that corresponds to your MySQL server version for the right syntax to use near 'AND comm_id='3971' ) LIMIT 1' at line 1
 [ SQL语句 ] : SELECT count(*) as counts FROM `lx_comm_dislike` WHERE ( lx_comm_dislike.uid= AND comm_id='3971' ) LIMIT 1  
ERR: 1064:You have an error in your SQL syntax; check the manual that corresponds to your MySQL server version for the right syntax to use near 'AND comm_id='3970' ) LIMIT 1' at line 1
 [ SQL语句 ] : SELECT count(*) as counts FROM `lx_comm_like` WHERE ( lx_comm_like.uid= AND comm_id='3970' ) LIMIT 1  
ERR: 1064:You have an error in your SQL syntax; check the manual that corresponds to your MySQL server version for the right syntax to use near 'AND comm_id='3970' ) LIMIT 1' at line 1
 [ SQL语句 ] : SELECT count(*) as counts FROM `lx_comm_dislike` WHERE ( lx_comm_dislike.uid= AND comm_id='3970' ) LIMIT 1  

[ 2018-08-13T17:37:15+08:00 ] 222.129.107.79 /app/Detail/posts_back
ERR: 1064:You have an error in your SQL syntax; check the manual that corresponds to your MySQL server version for the right syntax to use near ') LIMIT 1' at line 1
 [ SQL语句 ] : SELECT `path` FROM `lx_picture` WHERE ( id= ) LIMIT 1  

[ 2018-08-13T17:37:21+08:00 ] 222.129.107.79 /app/Detail/comment_posts_v4
ERR: 1064:You have an error in your SQL syntax; check the manual that corresponds to your MySQL server version for the right syntax to use near 'AND comm_id='3975' ) LIMIT 1' at line 1
 [ SQL语句 ] : SELECT count(*) as counts FROM `lx_comm_like` WHERE ( lx_comm_like.uid= AND comm_id='3975' ) LIMIT 1  
ERR: 1064:You have an error in your SQL syntax; check the manual that corresponds to your MySQL server version for the right syntax to use near 'AND comm_id='3975' ) LIMIT 1' at line 1
 [ SQL语句 ] : SELECT count(*) as counts FROM `lx_comm_dislike` WHERE ( lx_comm_dislike.uid= AND comm_id='3975' ) LIMIT 1  
ERR: 1064:You have an error in your SQL syntax; check the manual that corresponds to your MySQL server version for the right syntax to use near 'AND comm_id='3974' ) LIMIT 1' at line 1
 [ SQL语句 ] : SELECT count(*) as counts FROM `lx_comm_like` WHERE ( lx_comm_like.uid= AND comm_id='3974' ) LIMIT 1  
ERR: 1064:You have an error in your SQL syntax; check the manual that corresponds to your MySQL server version for the right syntax to use near 'AND comm_id='3974' ) LIMIT 1' at line 1
 [ SQL语句 ] : SELECT count(*) as counts FROM `lx_comm_dislike` WHERE ( lx_comm_dislike.uid= AND comm_id='3974' ) LIMIT 1  
ERR: 1064:You have an error in your SQL syntax; check the manual that corresponds to your MySQL server version for the right syntax to use near 'AND comm_id='3973' ) LIMIT 1' at line 1
 [ SQL语句 ] : SELECT count(*) as counts FROM `lx_comm_like` WHERE ( lx_comm_like.uid= AND comm_id='3973' ) LIMIT 1  
ERR: 1064:You have an error in your SQL syntax; check the manual that corresponds to your MySQL server version for the right syntax to use near 'AND comm_id='3973' ) LIMIT 1' at line 1
 [ SQL语句 ] : SELECT count(*) as counts FROM `lx_comm_dislike` WHERE ( lx_comm_dislike.uid= AND comm_id='3973' ) LIMIT 1  
ERR: 1064:You have an error in your SQL syntax; check the manual that corresponds to your MySQL server version for the right syntax to use near 'AND comm_id='3972' ) LIMIT 1' at line 1
 [ SQL语句 ] : SELECT count(*) as counts FROM `lx_comm_like` WHERE ( lx_comm_like.uid= AND comm_id='3972' ) LIMIT 1  
ERR: 1064:You have an error in your SQL syntax; check the manual that corresponds to your MySQL server version for the right syntax to use near 'AND comm_id='3972' ) LIMIT 1' at line 1
 [ SQL语句 ] : SELECT count(*) as counts FROM `lx_comm_dislike` WHERE ( lx_comm_dislike.uid= AND comm_id='3972' ) LIMIT 1  
ERR: 1064:You have an error in your SQL syntax; check the manual that corresponds to your MySQL server version for the right syntax to use near 'AND comm_id='3971' ) LIMIT 1' at line 1
 [ SQL语句 ] : SELECT count(*) as counts FROM `lx_comm_like` WHERE ( lx_comm_like.uid= AND comm_id='3971' ) LIMIT 1  
ERR: 1064:You have an error in your SQL syntax; check the manual that corresponds to your MySQL server version for the right syntax to use near 'AND comm_id='3971' ) LIMIT 1' at line 1
 [ SQL语句 ] : SELECT count(*) as counts FROM `lx_comm_dislike` WHERE ( lx_comm_dislike.uid= AND comm_id='3971' ) LIMIT 1  
ERR: 1064:You have an error in your SQL syntax; check the manual that corresponds to your MySQL server version for the right syntax to use near 'AND comm_id='3970' ) LIMIT 1' at line 1
 [ SQL语句 ] : SELECT count(*) as counts FROM `lx_comm_like` WHERE ( lx_comm_like.uid= AND comm_id='3970' ) LIMIT 1  
ERR: 1064:You have an error in your SQL syntax; check the manual that corresponds to your MySQL server version for the right syntax to use near 'AND comm_id='3970' ) LIMIT 1' at line 1
 [ SQL语句 ] : SELECT count(*) as counts FROM `lx_comm_dislike` WHERE ( lx_comm_dislike.uid= AND comm_id='3970' ) LIMIT 1  

[ 2018-08-13T17:37:21+08:00 ] 222.129.107.79 /app/Detail/posts_back
ERR: 1064:You have an error in your SQL syntax; check the manual that corresponds to your MySQL server version for the right syntax to use near ') LIMIT 1' at line 1
 [ SQL语句 ] : SELECT `path` FROM `lx_picture` WHERE ( id= ) LIMIT 1  

[ 2018-08-13T17:37:23+08:00 ] 222.129.107.79 /app/Detail/posts_back
ERR: 1064:You have an error in your SQL syntax; check the manual that corresponds to your MySQL server version for the right syntax to use near ') LIMIT 1' at line 1
 [ SQL语句 ] : SELECT `path` FROM `lx_picture` WHERE ( id= ) LIMIT 1  

[ 2018-08-13T17:37:28+08:00 ] 222.129.107.79 /app/Detail/posts_back
ERR: 1064:You have an error in your SQL syntax; check the manual that corresponds to your MySQL server version for the right syntax to use near ') LIMIT 1' at line 1
 [ SQL语句 ] : SELECT `path` FROM `lx_picture` WHERE ( id= ) LIMIT 1  

[ 2018-08-13T17:37:30+08:00 ] 222.129.107.79 /app/Detail/posts_back
ERR: 1064:You have an error in your SQL syntax; check the manual that corresponds to your MySQL server version for the right syntax to use near ') LIMIT 1' at line 1
 [ SQL语句 ] : SELECT `path` FROM `lx_picture` WHERE ( id= ) LIMIT 1  

[ 2018-08-13T17:37:32+08:00 ] 222.129.107.79 /app/Detail/posts_back
ERR: 1064:You have an error in your SQL syntax; check the manual that corresponds to your MySQL server version for the right syntax to use near ') LIMIT 1' at line 1
 [ SQL语句 ] : SELECT `path` FROM `lx_picture` WHERE ( id= ) LIMIT 1  

[ 2018-08-13T17:47:43+08:00 ] 223.167.152.22 /app/Index/recommend
ERR: 1064:You have an error in your SQL syntax; check the manual that corresponds to your MySQL server version for the right syntax to use near '' at line 1
 [ SQL语句 ] : SELECT `object_id`,`type`,`title`,`thumb_img`,`channel_id`,`is_cost` FROM `lx_recommend` WHERE ( `status` = 1 ) AND ( `is_private` = 1 ) ORDER BY `stick_date` desc,`push_date` desc LIMIT 0,  

[ 2018-08-13T17:55:46+08:00 ] 222.129.107.79 /app/Detail/comment_posts_v4
ERR: 1064:You have an error in your SQL syntax; check the manual that corresponds to your MySQL server version for the right syntax to use near 'AND comm_id='4026' ) LIMIT 1' at line 1
 [ SQL语句 ] : SELECT count(*) as counts FROM `lx_comm_like` WHERE ( lx_comm_like.uid= AND comm_id='4026' ) LIMIT 1  
ERR: 1064:You have an error in your SQL syntax; check the manual that corresponds to your MySQL server version for the right syntax to use near 'AND comm_id='4026' ) LIMIT 1' at line 1
 [ SQL语句 ] : SELECT count(*) as counts FROM `lx_comm_dislike` WHERE ( lx_comm_dislike.uid= AND comm_id='4026' ) LIMIT 1  

[ 2018-08-13T17:55:46+08:00 ] 222.129.107.79 /app/Detail/posts_back
ERR: 1064:You have an error in your SQL syntax; check the manual that corresponds to your MySQL server version for the right syntax to use near ') LIMIT 1' at line 1
 [ SQL语句 ] : SELECT `path` FROM `lx_picture` WHERE ( id= ) LIMIT 1  

[ 2018-08-13T17:55:48+08:00 ] 222.129.107.79 /app/Detail/posts_back
ERR: 1064:You have an error in your SQL syntax; check the manual that corresponds to your MySQL server version for the right syntax to use near ') LIMIT 1' at line 1
 [ SQL语句 ] : SELECT `path` FROM `lx_picture` WHERE ( id= ) LIMIT 1  

[ 2018-08-13T17:55:48+08:00 ] 222.129.107.79 /app/Detail/comment_posts_v4
ERR: 1064:You have an error in your SQL syntax; check the manual that corresponds to your MySQL server version for the right syntax to use near 'AND comm_id='4026' ) LIMIT 1' at line 1
 [ SQL语句 ] : SELECT count(*) as counts FROM `lx_comm_like` WHERE ( lx_comm_like.uid= AND comm_id='4026' ) LIMIT 1  
ERR: 1064:You have an error in your SQL syntax; check the manual that corresponds to your MySQL server version for the right syntax to use near 'AND comm_id='4026' ) LIMIT 1' at line 1
 [ SQL语句 ] : SELECT count(*) as counts FROM `lx_comm_dislike` WHERE ( lx_comm_dislike.uid= AND comm_id='4026' ) LIMIT 1  

[ 2018-08-13T17:55:49+08:00 ] 222.129.107.79 /app/Detail/comment_posts_v4
ERR: 1064:You have an error in your SQL syntax; check the manual that corresponds to your MySQL server version for the right syntax to use near 'AND comm_id='4026' ) LIMIT 1' at line 1
 [ SQL语句 ] : SELECT count(*) as counts FROM `lx_comm_like` WHERE ( lx_comm_like.uid= AND comm_id='4026' ) LIMIT 1  
ERR: 1064:You have an error in your SQL syntax; check the manual that corresponds to your MySQL server version for the right syntax to use near 'AND comm_id='4026' ) LIMIT 1' at line 1
 [ SQL语句 ] : SELECT count(*) as counts FROM `lx_comm_dislike` WHERE ( lx_comm_dislike.uid= AND comm_id='4026' ) LIMIT 1  

[ 2018-08-13T17:55:49+08:00 ] 222.129.107.79 /app/Detail/posts_back
ERR: 1064:You have an error in your SQL syntax; check the manual that corresponds to your MySQL server version for the right syntax to use near ') LIMIT 1' at line 1
 [ SQL语句 ] : SELECT `path` FROM `lx_picture` WHERE ( id= ) LIMIT 1  

[ 2018-08-13T17:55:57+08:00 ] 222.129.107.79 /app/Detail/comment_posts_v4
ERR: 1064:You have an error in your SQL syntax; check the manual that corresponds to your MySQL server version for the right syntax to use near 'AND comm_id='4028' ) LIMIT 1' at line 1
 [ SQL语句 ] : SELECT count(*) as counts FROM `lx_comm_like` WHERE ( lx_comm_like.uid= AND comm_id='4028' ) LIMIT 1  
ERR: 1064:You have an error in your SQL syntax; check the manual that corresponds to your MySQL server version for the right syntax to use near 'AND comm_id='4028' ) LIMIT 1' at line 1
 [ SQL语句 ] : SELECT count(*) as counts FROM `lx_comm_dislike` WHERE ( lx_comm_dislike.uid= AND comm_id='4028' ) LIMIT 1  
ERR: 1064:You have an error in your SQL syntax; check the manual that corresponds to your MySQL server version for the right syntax to use near 'AND comm_id='4027' ) LIMIT 1' at line 1
 [ SQL语句 ] : SELECT count(*) as counts FROM `lx_comm_like` WHERE ( lx_comm_like.uid= AND comm_id='4027' ) LIMIT 1  
ERR: 1064:You have an error in your SQL syntax; check the manual that corresponds to your MySQL server version for the right syntax to use near 'AND comm_id='4027' ) LIMIT 1' at line 1
 [ SQL语句 ] : SELECT count(*) as counts FROM `lx_comm_dislike` WHERE ( lx_comm_dislike.uid= AND comm_id='4027' ) LIMIT 1  

[ 2018-08-13T17:57:37+08:00 ] 222.129.107.79 /app/Detail/posts_back
ERR: 1064:You have an error in your SQL syntax; check the manual that corresponds to your MySQL server version for the right syntax to use near ') LIMIT 1' at line 1
 [ SQL语句 ] : SELECT `path` FROM `lx_picture` WHERE ( id= ) LIMIT 1  

[ 2018-08-13T17:57:37+08:00 ] 222.129.107.79 /app/Detail/comment_posts_v4
ERR: 1064:You have an error in your SQL syntax; check the manual that corresponds to your MySQL server version for the right syntax to use near 'AND comm_id='4026' ) LIMIT 1' at line 1
 [ SQL语句 ] : SELECT count(*) as counts FROM `lx_comm_like` WHERE ( lx_comm_like.uid= AND comm_id='4026' ) LIMIT 1  
ERR: 1064:You have an error in your SQL syntax; check the manual that corresponds to your MySQL server version for the right syntax to use near 'AND comm_id='4026' ) LIMIT 1' at line 1
 [ SQL语句 ] : SELECT count(*) as counts FROM `lx_comm_dislike` WHERE ( lx_comm_dislike.uid= AND comm_id='4026' ) LIMIT 1  

[ 2018-08-13T17:57:40+08:00 ] 222.129.107.79 /app/Detail/comment_posts_v4
ERR: 1064:You have an error in your SQL syntax; check the manual that corresponds to your MySQL server version for the right syntax to use near 'AND comm_id='4028' ) LIMIT 1' at line 1
 [ SQL语句 ] : SELECT count(*) as counts FROM `lx_comm_like` WHERE ( lx_comm_like.uid= AND comm_id='4028' ) LIMIT 1  
ERR: 1064:You have an error in your SQL syntax; check the manual that corresponds to your MySQL server version for the right syntax to use near 'AND comm_id='4028' ) LIMIT 1' at line 1
 [ SQL语句 ] : SELECT count(*) as counts FROM `lx_comm_dislike` WHERE ( lx_comm_dislike.uid= AND comm_id='4028' ) LIMIT 1  
ERR: 1064:You have an error in your SQL syntax; check the manual that corresponds to your MySQL server version for the right syntax to use near 'AND comm_id='4027' ) LIMIT 1' at line 1
 [ SQL语句 ] : SELECT count(*) as counts FROM `lx_comm_like` WHERE ( lx_comm_like.uid= AND comm_id='4027' ) LIMIT 1  
ERR: 1064:You have an error in your SQL syntax; check the manual that corresponds to your MySQL server version for the right syntax to use near 'AND comm_id='4027' ) LIMIT 1' at line 1
 [ SQL语句 ] : SELECT count(*) as counts FROM `lx_comm_dislike` WHERE ( lx_comm_dislike.uid= AND comm_id='4027' ) LIMIT 1  

[ 2018-08-13T17:58:04+08:00 ] 222.129.107.79 /app/Detail/posts_back
ERR: 1064:You have an error in your SQL syntax; check the manual that corresponds to your MySQL server version for the right syntax to use near ') LIMIT 1' at line 1
 [ SQL语句 ] : SELECT `path` FROM `lx_picture` WHERE ( id= ) LIMIT 1  

[ 2018-08-13T17:58:04+08:00 ] 222.129.107.79 /app/Detail/comment_posts_v4
ERR: 1064:You have an error in your SQL syntax; check the manual that corresponds to your MySQL server version for the right syntax to use near 'AND comm_id='4026' ) LIMIT 1' at line 1
 [ SQL语句 ] : SELECT count(*) as counts FROM `lx_comm_like` WHERE ( lx_comm_like.uid= AND comm_id='4026' ) LIMIT 1  
ERR: 1064:You have an error in your SQL syntax; check the manual that corresponds to your MySQL server version for the right syntax to use near 'AND comm_id='4026' ) LIMIT 1' at line 1
 [ SQL语句 ] : SELECT count(*) as counts FROM `lx_comm_dislike` WHERE ( lx_comm_dislike.uid= AND comm_id='4026' ) LIMIT 1  

[ 2018-08-13T17:58:32+08:00 ] 222.129.107.79 /app/Detail/comment_posts_v4
ERR: 1064:You have an error in your SQL syntax; check the manual that corresponds to your MySQL server version for the right syntax to use near 'AND comm_id='4017' ) LIMIT 1' at line 1
 [ SQL语句 ] : SELECT count(*) as counts FROM `lx_comm_like` WHERE ( lx_comm_like.uid= AND comm_id='4017' ) LIMIT 1  
ERR: 1064:You have an error in your SQL syntax; check the manual that corresponds to your MySQL server version for the right syntax to use near 'AND comm_id='4017' ) LIMIT 1' at line 1
 [ SQL语句 ] : SELECT count(*) as counts FROM `lx_comm_dislike` WHERE ( lx_comm_dislike.uid= AND comm_id='4017' ) LIMIT 1  
ERR: 1064:You have an error in your SQL syntax; check the manual that corresponds to your MySQL server version for the right syntax to use near 'AND comm_id='4016' ) LIMIT 1' at line 1
 [ SQL语句 ] : SELECT count(*) as counts FROM `lx_comm_like` WHERE ( lx_comm_like.uid= AND comm_id='4016' ) LIMIT 1  
ERR: 1064:You have an error in your SQL syntax; check the manual that corresponds to your MySQL server version for the right syntax to use near 'AND comm_id='4016' ) LIMIT 1' at line 1
 [ SQL语句 ] : SELECT count(*) as counts FROM `lx_comm_dislike` WHERE ( lx_comm_dislike.uid= AND comm_id='4016' ) LIMIT 1  
ERR: 1064:You have an error in your SQL syntax; check the manual that corresponds to your MySQL server version for the right syntax to use near 'AND comm_id='4015' ) LIMIT 1' at line 1
 [ SQL语句 ] : SELECT count(*) as counts FROM `lx_comm_like` WHERE ( lx_comm_like.uid= AND comm_id='4015' ) LIMIT 1  
ERR: 1064:You have an error in your SQL syntax; check the manual that corresponds to your MySQL server version for the right syntax to use near 'AND comm_id='4015' ) LIMIT 1' at line 1
 [ SQL语句 ] : SELECT count(*) as counts FROM `lx_comm_dislike` WHERE ( lx_comm_dislike.uid= AND comm_id='4015' ) LIMIT 1  
ERR: 1064:You have an error in your SQL syntax; check the manual that corresponds to your MySQL server version for the right syntax to use near 'AND comm_id='4014' ) LIMIT 1' at line 1
 [ SQL语句 ] : SELECT count(*) as counts FROM `lx_comm_like` WHERE ( lx_comm_like.uid= AND comm_id='4014' ) LIMIT 1  
ERR: 1064:You have an error in your SQL syntax; check the manual that corresponds to your MySQL server version for the right syntax to use near 'AND comm_id='4014' ) LIMIT 1' at line 1
 [ SQL语句 ] : SELECT count(*) as counts FROM `lx_comm_dislike` WHERE ( lx_comm_dislike.uid= AND comm_id='4014' ) LIMIT 1  
ERR: 1064:You have an error in your SQL syntax; check the manual that corresponds to your MySQL server version for the right syntax to use near 'AND comm_id='4013' ) LIMIT 1' at line 1
 [ SQL语句 ] : SELECT count(*) as counts FROM `lx_comm_like` WHERE ( lx_comm_like.uid= AND comm_id='4013' ) LIMIT 1  
ERR: 1064:You have an error in your SQL syntax; check the manual that corresponds to your MySQL server version for the right syntax to use near 'AND comm_id='4013' ) LIMIT 1' at line 1
 [ SQL语句 ] : SELECT count(*) as counts FROM `lx_comm_dislike` WHERE ( lx_comm_dislike.uid= AND comm_id='4013' ) LIMIT 1  
ERR: 1064:You have an error in your SQL syntax; check the manual that corresponds to your MySQL server version for the right syntax to use near 'AND comm_id='4012' ) LIMIT 1' at line 1
 [ SQL语句 ] : SELECT count(*) as counts FROM `lx_comm_like` WHERE ( lx_comm_like.uid= AND comm_id='4012' ) LIMIT 1  
ERR: 1064:You have an error in your SQL syntax; check the manual that corresponds to your MySQL server version for the right syntax to use near 'AND comm_id='4012' ) LIMIT 1' at line 1
 [ SQL语句 ] : SELECT count(*) as counts FROM `lx_comm_dislike` WHERE ( lx_comm_dislike.uid= AND comm_id='4012' ) LIMIT 1  

[ 2018-08-13T17:58:32+08:00 ] 222.129.107.79 /app/Detail/posts_back
ERR: 1064:You have an error in your SQL syntax; check the manual that corresponds to your MySQL server version for the right syntax to use near ') LIMIT 1' at line 1
 [ SQL语句 ] : SELECT `path` FROM `lx_picture` WHERE ( id= ) LIMIT 1  

[ 2018-08-13T17:58:40+08:00 ] 222.129.107.79 /app/Detail/posts_back
ERR: 1064:You have an error in your SQL syntax; check the manual that corresponds to your MySQL server version for the right syntax to use near ') LIMIT 1' at line 1
 [ SQL语句 ] : SELECT `path` FROM `lx_picture` WHERE ( id= ) LIMIT 1  

[ 2018-08-13T17:58:40+08:00 ] 222.129.107.79 /app/Detail/comment_posts_v4
ERR: 1064:You have an error in your SQL syntax; check the manual that corresponds to your MySQL server version for the right syntax to use near 'AND comm_id='4017' ) LIMIT 1' at line 1
 [ SQL语句 ] : SELECT count(*) as counts FROM `lx_comm_like` WHERE ( lx_comm_like.uid= AND comm_id='4017' ) LIMIT 1  
ERR: 1064:You have an error in your SQL syntax; check the manual that corresponds to your MySQL server version for the right syntax to use near 'AND comm_id='4017' ) LIMIT 1' at line 1
 [ SQL语句 ] : SELECT count(*) as counts FROM `lx_comm_dislike` WHERE ( lx_comm_dislike.uid= AND comm_id='4017' ) LIMIT 1  
ERR: 1064:You have an error in your SQL syntax; check the manual that corresponds to your MySQL server version for the right syntax to use near 'AND comm_id='4016' ) LIMIT 1' at line 1
 [ SQL语句 ] : SELECT count(*) as counts FROM `lx_comm_like` WHERE ( lx_comm_like.uid= AND comm_id='4016' ) LIMIT 1  
ERR: 1064:You have an error in your SQL syntax; check the manual that corresponds to your MySQL server version for the right syntax to use near 'AND comm_id='4016' ) LIMIT 1' at line 1
 [ SQL语句 ] : SELECT count(*) as counts FROM `lx_comm_dislike` WHERE ( lx_comm_dislike.uid= AND comm_id='4016' ) LIMIT 1  
ERR: 1064:You have an error in your SQL syntax; check the manual that corresponds to your MySQL server version for the right syntax to use near 'AND comm_id='4015' ) LIMIT 1' at line 1
 [ SQL语句 ] : SELECT count(*) as counts FROM `lx_comm_like` WHERE ( lx_comm_like.uid= AND comm_id='4015' ) LIMIT 1  
ERR: 1064:You have an error in your SQL syntax; check the manual that corresponds to your MySQL server version for the right syntax to use near 'AND comm_id='4015' ) LIMIT 1' at line 1
 [ SQL语句 ] : SELECT count(*) as counts FROM `lx_comm_dislike` WHERE ( lx_comm_dislike.uid= AND comm_id='4015' ) LIMIT 1  
ERR: 1064:You have an error in your SQL syntax; check the manual that corresponds to your MySQL server version for the right syntax to use near 'AND comm_id='4014' ) LIMIT 1' at line 1
 [ SQL语句 ] : SELECT count(*) as counts FROM `lx_comm_like` WHERE ( lx_comm_like.uid= AND comm_id='4014' ) LIMIT 1  
ERR: 1064:You have an error in your SQL syntax; check the manual that corresponds to your MySQL server version for the right syntax to use near 'AND comm_id='4014' ) LIMIT 1' at line 1
 [ SQL语句 ] : SELECT count(*) as counts FROM `lx_comm_dislike` WHERE ( lx_comm_dislike.uid= AND comm_id='4014' ) LIMIT 1  
ERR: 1064:You have an error in your SQL syntax; check the manual that corresponds to your MySQL server version for the right syntax to use near 'AND comm_id='4013' ) LIMIT 1' at line 1
 [ SQL语句 ] : SELECT count(*) as counts FROM `lx_comm_like` WHERE ( lx_comm_like.uid= AND comm_id='4013' ) LIMIT 1  
ERR: 1064:You have an error in your SQL syntax; check the manual that corresponds to your MySQL server version for the right syntax to use near 'AND comm_id='4013' ) LIMIT 1' at line 1
 [ SQL语句 ] : SELECT count(*) as counts FROM `lx_comm_dislike` WHERE ( lx_comm_dislike.uid= AND comm_id='4013' ) LIMIT 1  
ERR: 1064:You have an error in your SQL syntax; check the manual that corresponds to your MySQL server version for the right syntax to use near 'AND comm_id='4012' ) LIMIT 1' at line 1
 [ SQL语句 ] : SELECT count(*) as counts FROM `lx_comm_like` WHERE ( lx_comm_like.uid= AND comm_id='4012' ) LIMIT 1  
ERR: 1064:You have an error in your SQL syntax; check the manual that corresponds to your MySQL server version for the right syntax to use near 'AND comm_id='4012' ) LIMIT 1' at line 1
 [ SQL语句 ] : SELECT count(*) as counts FROM `lx_comm_dislike` WHERE ( lx_comm_dislike.uid= AND comm_id='4012' ) LIMIT 1  

[ 2018-08-13T17:58:41+08:00 ] 222.129.107.79 /app/Detail/comment_posts_v4
ERR: 1064:You have an error in your SQL syntax; check the manual that corresponds to your MySQL server version for the right syntax to use near 'AND comm_id='4024' ) LIMIT 1' at line 1
 [ SQL语句 ] : SELECT count(*) as counts FROM `lx_comm_like` WHERE ( lx_comm_like.uid= AND comm_id='4024' ) LIMIT 1  
ERR: 1064:You have an error in your SQL syntax; check the manual that corresponds to your MySQL server version for the right syntax to use near 'AND comm_id='4024' ) LIMIT 1' at line 1
 [ SQL语句 ] : SELECT count(*) as counts FROM `lx_comm_dislike` WHERE ( lx_comm_dislike.uid= AND comm_id='4024' ) LIMIT 1  

[ 2018-08-13T17:58:43+08:00 ] 222.129.107.79 /app/Detail/comment_posts_v4
ERR: 1064:You have an error in your SQL syntax; check the manual that corresponds to your MySQL server version for the right syntax to use near 'AND comm_id='4023' ) LIMIT 1' at line 1
 [ SQL语句 ] : SELECT count(*) as counts FROM `lx_comm_like` WHERE ( lx_comm_like.uid= AND comm_id='4023' ) LIMIT 1  
ERR: 1064:You have an error in your SQL syntax; check the manual that corresponds to your MySQL server version for the right syntax to use near 'AND comm_id='4023' ) LIMIT 1' at line 1
 [ SQL语句 ] : SELECT count(*) as counts FROM `lx_comm_dislike` WHERE ( lx_comm_dislike.uid= AND comm_id='4023' ) LIMIT 1  
ERR: 1064:You have an error in your SQL syntax; check the manual that corresponds to your MySQL server version for the right syntax to use near 'AND comm_id='4022' ) LIMIT 1' at line 1
 [ SQL语句 ] : SELECT count(*) as counts FROM `lx_comm_like` WHERE ( lx_comm_like.uid= AND comm_id='4022' ) LIMIT 1  
ERR: 1064:You have an error in your SQL syntax; check the manual that corresponds to your MySQL server version for the right syntax to use near 'AND comm_id='4022' ) LIMIT 1' at line 1
 [ SQL语句 ] : SELECT count(*) as counts FROM `lx_comm_dislike` WHERE ( lx_comm_dislike.uid= AND comm_id='4022' ) LIMIT 1  
ERR: 1064:You have an error in your SQL syntax; check the manual that corresponds to your MySQL server version for the right syntax to use near 'AND comm_id='4021' ) LIMIT 1' at line 1
 [ SQL语句 ] : SELECT count(*) as counts FROM `lx_comm_like` WHERE ( lx_comm_like.uid= AND comm_id='4021' ) LIMIT 1  
ERR: 1064:You have an error in your SQL syntax; check the manual that corresponds to your MySQL server version for the right syntax to use near 'AND comm_id='4021' ) LIMIT 1' at line 1
 [ SQL语句 ] : SELECT count(*) as counts FROM `lx_comm_dislike` WHERE ( lx_comm_dislike.uid= AND comm_id='4021' ) LIMIT 1  
ERR: 1064:You have an error in your SQL syntax; check the manual that corresponds to your MySQL server version for the right syntax to use near 'AND comm_id='4020' ) LIMIT 1' at line 1
 [ SQL语句 ] : SELECT count(*) as counts FROM `lx_comm_like` WHERE ( lx_comm_like.uid= AND comm_id='4020' ) LIMIT 1  
ERR: 1064:You have an error in your SQL syntax; check the manual that corresponds to your MySQL server version for the right syntax to use near 'AND comm_id='4020' ) LIMIT 1' at line 1
 [ SQL语句 ] : SELECT count(*) as counts FROM `lx_comm_dislike` WHERE ( lx_comm_dislike.uid= AND comm_id='4020' ) LIMIT 1  
ERR: 1064:You have an error in your SQL syntax; check the manual that corresponds to your MySQL server version for the right syntax to use near 'AND comm_id='4019' ) LIMIT 1' at line 1
 [ SQL语句 ] : SELECT count(*) as counts FROM `lx_comm_like` WHERE ( lx_comm_like.uid= AND comm_id='4019' ) LIMIT 1  
ERR: 1064:You have an error in your SQL syntax; check the manual that corresponds to your MySQL server version for the right syntax to use near 'AND comm_id='4019' ) LIMIT 1' at line 1
 [ SQL语句 ] : SELECT count(*) as counts FROM `lx_comm_dislike` WHERE ( lx_comm_dislike.uid= AND comm_id='4019' ) LIMIT 1  

[ 2018-08-13T17:58:56+08:00 ] 222.129.107.79 /app/Detail/posts_back
ERR: 1064:You have an error in your SQL syntax; check the manual that corresponds to your MySQL server version for the right syntax to use near ') LIMIT 1' at line 1
 [ SQL语句 ] : SELECT `path` FROM `lx_picture` WHERE ( id= ) LIMIT 1  

[ 2018-08-13T17:58:56+08:00 ] 222.129.107.79 /app/Detail/comment_posts_v4
ERR: 1064:You have an error in your SQL syntax; check the manual that corresponds to your MySQL server version for the right syntax to use near 'AND comm_id='4017' ) LIMIT 1' at line 1
 [ SQL语句 ] : SELECT count(*) as counts FROM `lx_comm_like` WHERE ( lx_comm_like.uid= AND comm_id='4017' ) LIMIT 1  
ERR: 1064:You have an error in your SQL syntax; check the manual that corresponds to your MySQL server version for the right syntax to use near 'AND comm_id='4017' ) LIMIT 1' at line 1
 [ SQL语句 ] : SELECT count(*) as counts FROM `lx_comm_dislike` WHERE ( lx_comm_dislike.uid= AND comm_id='4017' ) LIMIT 1  
ERR: 1064:You have an error in your SQL syntax; check the manual that corresponds to your MySQL server version for the right syntax to use near 'AND comm_id='4016' ) LIMIT 1' at line 1
 [ SQL语句 ] : SELECT count(*) as counts FROM `lx_comm_like` WHERE ( lx_comm_like.uid= AND comm_id='4016' ) LIMIT 1  
ERR: 1064:You have an error in your SQL syntax; check the manual that corresponds to your MySQL server version for the right syntax to use near 'AND comm_id='4016' ) LIMIT 1' at line 1
 [ SQL语句 ] : SELECT count(*) as counts FROM `lx_comm_dislike` WHERE ( lx_comm_dislike.uid= AND comm_id='4016' ) LIMIT 1  
ERR: 1064:You have an error in your SQL syntax; check the manual that corresponds to your MySQL server version for the right syntax to use near 'AND comm_id='4015' ) LIMIT 1' at line 1
 [ SQL语句 ] : SELECT count(*) as counts FROM `lx_comm_like` WHERE ( lx_comm_like.uid= AND comm_id='4015' ) LIMIT 1  
ERR: 1064:You have an error in your SQL syntax; check the manual that corresponds to your MySQL server version for the right syntax to use near 'AND comm_id='4015' ) LIMIT 1' at line 1
 [ SQL语句 ] : SELECT count(*) as counts FROM `lx_comm_dislike` WHERE ( lx_comm_dislike.uid= AND comm_id='4015' ) LIMIT 1  
ERR: 1064:You have an error in your SQL syntax; check the manual that corresponds to your MySQL server version for the right syntax to use near 'AND comm_id='4014' ) LIMIT 1' at line 1
 [ SQL语句 ] : SELECT count(*) as counts FROM `lx_comm_like` WHERE ( lx_comm_like.uid= AND comm_id='4014' ) LIMIT 1  
ERR: 1064:You have an error in your SQL syntax; check the manual that corresponds to your MySQL server version for the right syntax to use near 'AND comm_id='4014' ) LIMIT 1' at line 1
 [ SQL语句 ] : SELECT count(*) as counts FROM `lx_comm_dislike` WHERE ( lx_comm_dislike.uid= AND comm_id='4014' ) LIMIT 1  
ERR: 1064:You have an error in your SQL syntax; check the manual that corresponds to your MySQL server version for the right syntax to use near 'AND comm_id='4013' ) LIMIT 1' at line 1
 [ SQL语句 ] : SELECT count(*) as counts FROM `lx_comm_like` WHERE ( lx_comm_like.uid= AND comm_id='4013' ) LIMIT 1  
ERR: 1064:You have an error in your SQL syntax; check the manual that corresponds to your MySQL server version for the right syntax to use near 'AND comm_id='4013' ) LIMIT 1' at line 1
 [ SQL语句 ] : SELECT count(*) as counts FROM `lx_comm_dislike` WHERE ( lx_comm_dislike.uid= AND comm_id='4013' ) LIMIT 1  
ERR: 1064:You have an error in your SQL syntax; check the manual that corresponds to your MySQL server version for the right syntax to use near 'AND comm_id='4012' ) LIMIT 1' at line 1
 [ SQL语句 ] : SELECT count(*) as counts FROM `lx_comm_like` WHERE ( lx_comm_like.uid= AND comm_id='4012' ) LIMIT 1  
ERR: 1064:You have an error in your SQL syntax; check the manual that corresponds to your MySQL server version for the right syntax to use near 'AND comm_id='4012' ) LIMIT 1' at line 1
 [ SQL语句 ] : SELECT count(*) as counts FROM `lx_comm_dislike` WHERE ( lx_comm_dislike.uid= AND comm_id='4012' ) LIMIT 1  

[ 2018-08-13T17:58:58+08:00 ] 222.129.107.79 /app/Detail/comment_posts_v4
ERR: 1064:You have an error in your SQL syntax; check the manual that corresponds to your MySQL server version for the right syntax to use near 'AND comm_id='4017' ) LIMIT 1' at line 1
 [ SQL语句 ] : SELECT count(*) as counts FROM `lx_comm_like` WHERE ( lx_comm_like.uid= AND comm_id='4017' ) LIMIT 1  
ERR: 1064:You have an error in your SQL syntax; check the manual that corresponds to your MySQL server version for the right syntax to use near 'AND comm_id='4017' ) LIMIT 1' at line 1
 [ SQL语句 ] : SELECT count(*) as counts FROM `lx_comm_dislike` WHERE ( lx_comm_dislike.uid= AND comm_id='4017' ) LIMIT 1  
ERR: 1064:You have an error in your SQL syntax; check the manual that corresponds to your MySQL server version for the right syntax to use near 'AND comm_id='4016' ) LIMIT 1' at line 1
 [ SQL语句 ] : SELECT count(*) as counts FROM `lx_comm_like` WHERE ( lx_comm_like.uid= AND comm_id='4016' ) LIMIT 1  
ERR: 1064:You have an error in your SQL syntax; check the manual that corresponds to your MySQL server version for the right syntax to use near 'AND comm_id='4016' ) LIMIT 1' at line 1
 [ SQL语句 ] : SELECT count(*) as counts FROM `lx_comm_dislike` WHERE ( lx_comm_dislike.uid= AND comm_id='4016' ) LIMIT 1  
ERR: 1064:You have an error in your SQL syntax; check the manual that corresponds to your MySQL server version for the right syntax to use near 'AND comm_id='4015' ) LIMIT 1' at line 1
 [ SQL语句 ] : SELECT count(*) as counts FROM `lx_comm_like` WHERE ( lx_comm_like.uid= AND comm_id='4015' ) LIMIT 1  
ERR: 1064:You have an error in your SQL syntax; check the manual that corresponds to your MySQL server version for the right syntax to use near 'AND comm_id='4015' ) LIMIT 1' at line 1
 [ SQL语句 ] : SELECT count(*) as counts FROM `lx_comm_dislike` WHERE ( lx_comm_dislike.uid= AND comm_id='4015' ) LIMIT 1  
ERR: 1064:You have an error in your SQL syntax; check the manual that corresponds to your MySQL server version for the right syntax to use near 'AND comm_id='4014' ) LIMIT 1' at line 1
 [ SQL语句 ] : SELECT count(*) as counts FROM `lx_comm_like` WHERE ( lx_comm_like.uid= AND comm_id='4014' ) LIMIT 1  
ERR: 1064:You have an error in your SQL syntax; check the manual that corresponds to your MySQL server version for the right syntax to use near 'AND comm_id='4014' ) LIMIT 1' at line 1
 [ SQL语句 ] : SELECT count(*) as counts FROM `lx_comm_dislike` WHERE ( lx_comm_dislike.uid= AND comm_id='4014' ) LIMIT 1  
ERR: 1064:You have an error in your SQL syntax; check the manual that corresponds to your MySQL server version for the right syntax to use near 'AND comm_id='4013' ) LIMIT 1' at line 1
 [ SQL语句 ] : SELECT count(*) as counts FROM `lx_comm_like` WHERE ( lx_comm_like.uid= AND comm_id='4013' ) LIMIT 1  
ERR: 1064:You have an error in your SQL syntax; check the manual that corresponds to your MySQL server version for the right syntax to use near 'AND comm_id='4013' ) LIMIT 1' at line 1
 [ SQL语句 ] : SELECT count(*) as counts FROM `lx_comm_dislike` WHERE ( lx_comm_dislike.uid= AND comm_id='4013' ) LIMIT 1  
ERR: 1064:You have an error in your SQL syntax; check the manual that corresponds to your MySQL server version for the right syntax to use near 'AND comm_id='4012' ) LIMIT 1' at line 1
 [ SQL语句 ] : SELECT count(*) as counts FROM `lx_comm_like` WHERE ( lx_comm_like.uid= AND comm_id='4012' ) LIMIT 1  
ERR: 1064:You have an error in your SQL syntax; check the manual that corresponds to your MySQL server version for the right syntax to use near 'AND comm_id='4012' ) LIMIT 1' at line 1
 [ SQL语句 ] : SELECT count(*) as counts FROM `lx_comm_dislike` WHERE ( lx_comm_dislike.uid= AND comm_id='4012' ) LIMIT 1  

[ 2018-08-13T17:58:58+08:00 ] 222.129.107.79 /app/Detail/posts_back
ERR: 1064:You have an error in your SQL syntax; check the manual that corresponds to your MySQL server version for the right syntax to use near ') LIMIT 1' at line 1
 [ SQL语句 ] : SELECT `path` FROM `lx_picture` WHERE ( id= ) LIMIT 1  

[ 2018-08-13T17:59:01+08:00 ] 222.129.107.79 /app/Detail/posts_back
ERR: 1064:You have an error in your SQL syntax; check the manual that corresponds to your MySQL server version for the right syntax to use near ') LIMIT 1' at line 1
 [ SQL语句 ] : SELECT `path` FROM `lx_picture` WHERE ( id= ) LIMIT 1  

[ 2018-08-13T17:59:01+08:00 ] 222.129.107.79 /app/Detail/comment_posts_v4
ERR: 1064:You have an error in your SQL syntax; check the manual that corresponds to your MySQL server version for the right syntax to use near 'AND comm_id='4017' ) LIMIT 1' at line 1
 [ SQL语句 ] : SELECT count(*) as counts FROM `lx_comm_like` WHERE ( lx_comm_like.uid= AND comm_id='4017' ) LIMIT 1  
ERR: 1064:You have an error in your SQL syntax; check the manual that corresponds to your MySQL server version for the right syntax to use near 'AND comm_id='4017' ) LIMIT 1' at line 1
 [ SQL语句 ] : SELECT count(*) as counts FROM `lx_comm_dislike` WHERE ( lx_comm_dislike.uid= AND comm_id='4017' ) LIMIT 1  
ERR: 1064:You have an error in your SQL syntax; check the manual that corresponds to your MySQL server version for the right syntax to use near 'AND comm_id='4016' ) LIMIT 1' at line 1
 [ SQL语句 ] : SELECT count(*) as counts FROM `lx_comm_like` WHERE ( lx_comm_like.uid= AND comm_id='4016' ) LIMIT 1  
ERR: 1064:You have an error in your SQL syntax; check the manual that corresponds to your MySQL server version for the right syntax to use near 'AND comm_id='4016' ) LIMIT 1' at line 1
 [ SQL语句 ] : SELECT count(*) as counts FROM `lx_comm_dislike` WHERE ( lx_comm_dislike.uid= AND comm_id='4016' ) LIMIT 1  
ERR: 1064:You have an error in your SQL syntax; check the manual that corresponds to your MySQL server version for the right syntax to use near 'AND comm_id='4015' ) LIMIT 1' at line 1
 [ SQL语句 ] : SELECT count(*) as counts FROM `lx_comm_like` WHERE ( lx_comm_like.uid= AND comm_id='4015' ) LIMIT 1  
ERR: 1064:You have an error in your SQL syntax; check the manual that corresponds to your MySQL server version for the right syntax to use near 'AND comm_id='4015' ) LIMIT 1' at line 1
 [ SQL语句 ] : SELECT count(*) as counts FROM `lx_comm_dislike` WHERE ( lx_comm_dislike.uid= AND comm_id='4015' ) LIMIT 1  
ERR: 1064:You have an error in your SQL syntax; check the manual that corresponds to your MySQL server version for the right syntax to use near 'AND comm_id='4014' ) LIMIT 1' at line 1
 [ SQL语句 ] : SELECT count(*) as counts FROM `lx_comm_like` WHERE ( lx_comm_like.uid= AND comm_id='4014' ) LIMIT 1  
ERR: 1064:You have an error in your SQL syntax; check the manual that corresponds to your MySQL server version for the right syntax to use near 'AND comm_id='4014' ) LIMIT 1' at line 1
 [ SQL语句 ] : SELECT count(*) as counts FROM `lx_comm_dislike` WHERE ( lx_comm_dislike.uid= AND comm_id='4014' ) LIMIT 1  
ERR: 1064:You have an error in your SQL syntax; check the manual that corresponds to your MySQL server version for the right syntax to use near 'AND comm_id='4013' ) LIMIT 1' at line 1
 [ SQL语句 ] : SELECT count(*) as counts FROM `lx_comm_like` WHERE ( lx_comm_like.uid= AND comm_id='4013' ) LIMIT 1  
ERR: 1064:You have an error in your SQL syntax; check the manual that corresponds to your MySQL server version for the right syntax to use near 'AND comm_id='4013' ) LIMIT 1' at line 1
 [ SQL语句 ] : SELECT count(*) as counts FROM `lx_comm_dislike` WHERE ( lx_comm_dislike.uid= AND comm_id='4013' ) LIMIT 1  
ERR: 1064:You have an error in your SQL syntax; check the manual that corresponds to your MySQL server version for the right syntax to use near 'AND comm_id='4012' ) LIMIT 1' at line 1
 [ SQL语句 ] : SELECT count(*) as counts FROM `lx_comm_like` WHERE ( lx_comm_like.uid= AND comm_id='4012' ) LIMIT 1  
ERR: 1064:You have an error in your SQL syntax; check the manual that corresponds to your MySQL server version for the right syntax to use near 'AND comm_id='4012' ) LIMIT 1' at line 1
 [ SQL语句 ] : SELECT count(*) as counts FROM `lx_comm_dislike` WHERE ( lx_comm_dislike.uid= AND comm_id='4012' ) LIMIT 1  

[ 2018-08-13T17:59:04+08:00 ] 222.129.107.79 /app/Detail/comment_posts_v4
ERR: 1064:You have an error in your SQL syntax; check the manual that corresponds to your MySQL server version for the right syntax to use near 'AND comm_id='4017' ) LIMIT 1' at line 1
 [ SQL语句 ] : SELECT count(*) as counts FROM `lx_comm_like` WHERE ( lx_comm_like.uid= AND comm_id='4017' ) LIMIT 1  
ERR: 1064:You have an error in your SQL syntax; check the manual that corresponds to your MySQL server version for the right syntax to use near 'AND comm_id='4017' ) LIMIT 1' at line 1
 [ SQL语句 ] : SELECT count(*) as counts FROM `lx_comm_dislike` WHERE ( lx_comm_dislike.uid= AND comm_id='4017' ) LIMIT 1  
ERR: 1064:You have an error in your SQL syntax; check the manual that corresponds to your MySQL server version for the right syntax to use near 'AND comm_id='4016' ) LIMIT 1' at line 1
 [ SQL语句 ] : SELECT count(*) as counts FROM `lx_comm_like` WHERE ( lx_comm_like.uid= AND comm_id='4016' ) LIMIT 1  
ERR: 1064:You have an error in your SQL syntax; check the manual that corresponds to your MySQL server version for the right syntax to use near 'AND comm_id='4016' ) LIMIT 1' at line 1
 [ SQL语句 ] : SELECT count(*) as counts FROM `lx_comm_dislike` WHERE ( lx_comm_dislike.uid= AND comm_id='4016' ) LIMIT 1  
ERR: 1064:You have an error in your SQL syntax; check the manual that corresponds to your MySQL server version for the right syntax to use near 'AND comm_id='4015' ) LIMIT 1' at line 1
 [ SQL语句 ] : SELECT count(*) as counts FROM `lx_comm_like` WHERE ( lx_comm_like.uid= AND comm_id='4015' ) LIMIT 1  
ERR: 1064:You have an error in your SQL syntax; check the manual that corresponds to your MySQL server version for the right syntax to use near 'AND comm_id='4015' ) LIMIT 1' at line 1
 [ SQL语句 ] : SELECT count(*) as counts FROM `lx_comm_dislike` WHERE ( lx_comm_dislike.uid= AND comm_id='4015' ) LIMIT 1  
ERR: 1064:You have an error in your SQL syntax; check the manual that corresponds to your MySQL server version for the right syntax to use near 'AND comm_id='4014' ) LIMIT 1' at line 1
 [ SQL语句 ] : SELECT count(*) as counts FROM `lx_comm_like` WHERE ( lx_comm_like.uid= AND comm_id='4014' ) LIMIT 1  
ERR: 1064:You have an error in your SQL syntax; check the manual that corresponds to your MySQL server version for the right syntax to use near 'AND comm_id='4014' ) LIMIT 1' at line 1
 [ SQL语句 ] : SELECT count(*) as counts FROM `lx_comm_dislike` WHERE ( lx_comm_dislike.uid= AND comm_id='4014' ) LIMIT 1  
ERR: 1064:You have an error in your SQL syntax; check the manual that corresponds to your MySQL server version for the right syntax to use near 'AND comm_id='4013' ) LIMIT 1' at line 1
 [ SQL语句 ] : SELECT count(*) as counts FROM `lx_comm_like` WHERE ( lx_comm_like.uid= AND comm_id='4013' ) LIMIT 1  
ERR: 1064:You have an error in your SQL syntax; check the manual that corresponds to your MySQL server version for the right syntax to use near 'AND comm_id='4013' ) LIMIT 1' at line 1
 [ SQL语句 ] : SELECT count(*) as counts FROM `lx_comm_dislike` WHERE ( lx_comm_dislike.uid= AND comm_id='4013' ) LIMIT 1  
ERR: 1064:You have an error in your SQL syntax; check the manual that corresponds to your MySQL server version for the right syntax to use near 'AND comm_id='4012' ) LIMIT 1' at line 1
 [ SQL语句 ] : SELECT count(*) as counts FROM `lx_comm_like` WHERE ( lx_comm_like.uid= AND comm_id='4012' ) LIMIT 1  
ERR: 1064:You have an error in your SQL syntax; check the manual that corresponds to your MySQL server version for the right syntax to use near 'AND comm_id='4012' ) LIMIT 1' at line 1
 [ SQL语句 ] : SELECT count(*) as counts FROM `lx_comm_dislike` WHERE ( lx_comm_dislike.uid= AND comm_id='4012' ) LIMIT 1  

[ 2018-08-13T17:59:04+08:00 ] 222.129.107.79 /app/Detail/posts_back
ERR: 1064:You have an error in your SQL syntax; check the manual that corresponds to your MySQL server version for the right syntax to use near ') LIMIT 1' at line 1
 [ SQL语句 ] : SELECT `path` FROM `lx_picture` WHERE ( id= ) LIMIT 1  

[ 2018-08-13T17:59:05+08:00 ] 222.129.107.79 /app/Detail/comment_posts_v4
ERR: 1064:You have an error in your SQL syntax; check the manual that corresponds to your MySQL server version for the right syntax to use near 'AND comm_id='4024' ) LIMIT 1' at line 1
 [ SQL语句 ] : SELECT count(*) as counts FROM `lx_comm_like` WHERE ( lx_comm_like.uid= AND comm_id='4024' ) LIMIT 1  
ERR: 1064:You have an error in your SQL syntax; check the manual that corresponds to your MySQL server version for the right syntax to use near 'AND comm_id='4024' ) LIMIT 1' at line 1
 [ SQL语句 ] : SELECT count(*) as counts FROM `lx_comm_dislike` WHERE ( lx_comm_dislike.uid= AND comm_id='4024' ) LIMIT 1  

[ 2018-08-13T17:59:09+08:00 ] 222.129.107.79 /app/Detail/posts_back
ERR: 1064:You have an error in your SQL syntax; check the manual that corresponds to your MySQL server version for the right syntax to use near ') LIMIT 1' at line 1
 [ SQL语句 ] : SELECT `path` FROM `lx_picture` WHERE ( id= ) LIMIT 1  

[ 2018-08-13T17:59:13+08:00 ] 222.129.107.79 /app/Detail/comment_posts_v4
ERR: 1064:You have an error in your SQL syntax; check the manual that corresponds to your MySQL server version for the right syntax to use near 'AND comm_id='4026' ) LIMIT 1' at line 1
 [ SQL语句 ] : SELECT count(*) as counts FROM `lx_comm_like` WHERE ( lx_comm_like.uid= AND comm_id='4026' ) LIMIT 1  
ERR: 1064:You have an error in your SQL syntax; check the manual that corresponds to your MySQL server version for the right syntax to use near 'AND comm_id='4026' ) LIMIT 1' at line 1
 [ SQL语句 ] : SELECT count(*) as counts FROM `lx_comm_dislike` WHERE ( lx_comm_dislike.uid= AND comm_id='4026' ) LIMIT 1  

[ 2018-08-13T17:59:13+08:00 ] 222.129.107.79 /app/Detail/posts_back
ERR: 1064:You have an error in your SQL syntax; check the manual that corresponds to your MySQL server version for the right syntax to use near ') LIMIT 1' at line 1
 [ SQL语句 ] : SELECT `path` FROM `lx_picture` WHERE ( id= ) LIMIT 1  

[ 2018-08-13T17:59:14+08:00 ] 222.129.107.79 /app/Detail/comment_posts_v4
ERR: 1064:You have an error in your SQL syntax; check the manual that corresponds to your MySQL server version for the right syntax to use near 'AND comm_id='4028' ) LIMIT 1' at line 1
 [ SQL语句 ] : SELECT count(*) as counts FROM `lx_comm_like` WHERE ( lx_comm_like.uid= AND comm_id='4028' ) LIMIT 1  
ERR: 1064:You have an error in your SQL syntax; check the manual that corresponds to your MySQL server version for the right syntax to use near 'AND comm_id='4028' ) LIMIT 1' at line 1
 [ SQL语句 ] : SELECT count(*) as counts FROM `lx_comm_dislike` WHERE ( lx_comm_dislike.uid= AND comm_id='4028' ) LIMIT 1  
ERR: 1064:You have an error in your SQL syntax; check the manual that corresponds to your MySQL server version for the right syntax to use near 'AND comm_id='4027' ) LIMIT 1' at line 1
 [ SQL语句 ] : SELECT count(*) as counts FROM `lx_comm_like` WHERE ( lx_comm_like.uid= AND comm_id='4027' ) LIMIT 1  
ERR: 1064:You have an error in your SQL syntax; check the manual that corresponds to your MySQL server version for the right syntax to use near 'AND comm_id='4027' ) LIMIT 1' at line 1
 [ SQL语句 ] : SELECT count(*) as counts FROM `lx_comm_dislike` WHERE ( lx_comm_dislike.uid= AND comm_id='4027' ) LIMIT 1  

[ 2018-08-13T17:59:34+08:00 ] 222.129.107.79 /app/Detail/posts_back
ERR: 1064:You have an error in your SQL syntax; check the manual that corresponds to your MySQL server version for the right syntax to use near ') LIMIT 1' at line 1
 [ SQL语句 ] : SELECT `path` FROM `lx_picture` WHERE ( id= ) LIMIT 1  

[ 2018-08-13T17:59:34+08:00 ] 222.129.107.79 /app/Detail/comment_posts_v4
ERR: 1064:You have an error in your SQL syntax; check the manual that corresponds to your MySQL server version for the right syntax to use near 'AND comm_id='3984' ) LIMIT 1' at line 1
 [ SQL语句 ] : SELECT count(*) as counts FROM `lx_comm_like` WHERE ( lx_comm_like.uid= AND comm_id='3984' ) LIMIT 1  
ERR: 1064:You have an error in your SQL syntax; check the manual that corresponds to your MySQL server version for the right syntax to use near 'AND comm_id='3984' ) LIMIT 1' at line 1
 [ SQL语句 ] : SELECT count(*) as counts FROM `lx_comm_dislike` WHERE ( lx_comm_dislike.uid= AND comm_id='3984' ) LIMIT 1  

[ 2018-08-13T17:59:56+08:00 ] 222.129.107.79 /app/Detail/posts_back
ERR: 1064:You have an error in your SQL syntax; check the manual that corresponds to your MySQL server version for the right syntax to use near ') LIMIT 1' at line 1
 [ SQL语句 ] : SELECT `path` FROM `lx_picture` WHERE ( id= ) LIMIT 1  

[ 2018-08-13T17:59:56+08:00 ] 222.129.107.79 /app/Detail/comment_posts_v4
ERR: 1064:You have an error in your SQL syntax; check the manual that corresponds to your MySQL server version for the right syntax to use near 'AND comm_id='3984' ) LIMIT 1' at line 1
 [ SQL语句 ] : SELECT count(*) as counts FROM `lx_comm_like` WHERE ( lx_comm_like.uid= AND comm_id='3984' ) LIMIT 1  
ERR: 1064:You have an error in your SQL syntax; check the manual that corresponds to your MySQL server version for the right syntax to use near 'AND comm_id='3984' ) LIMIT 1' at line 1
 [ SQL语句 ] : SELECT count(*) as counts FROM `lx_comm_dislike` WHERE ( lx_comm_dislike.uid= AND comm_id='3984' ) LIMIT 1  

[ 2018-08-13T18:00:03+08:00 ] 222.129.107.79 /app/Detail/comment_posts_v4
ERR: 1064:You have an error in your SQL syntax; check the manual that corresponds to your MySQL server version for the right syntax to use near 'AND comm_id='3984' ) LIMIT 1' at line 1
 [ SQL语句 ] : SELECT count(*) as counts FROM `lx_comm_like` WHERE ( lx_comm_like.uid= AND comm_id='3984' ) LIMIT 1  
ERR: 1064:You have an error in your SQL syntax; check the manual that corresponds to your MySQL server version for the right syntax to use near 'AND comm_id='3984' ) LIMIT 1' at line 1
 [ SQL语句 ] : SELECT count(*) as counts FROM `lx_comm_dislike` WHERE ( lx_comm_dislike.uid= AND comm_id='3984' ) LIMIT 1  

[ 2018-08-13T18:00:03+08:00 ] 222.129.107.79 /app/Detail/posts_back
ERR: 1064:You have an error in your SQL syntax; check the manual that corresponds to your MySQL server version for the right syntax to use near ') LIMIT 1' at line 1
 [ SQL语句 ] : SELECT `path` FROM `lx_picture` WHERE ( id= ) LIMIT 1  

[ 2018-08-13T18:02:45+08:00 ] 222.129.107.79 /app/Detail/posts_back
ERR: 1064:You have an error in your SQL syntax; check the manual that corresponds to your MySQL server version for the right syntax to use near ') LIMIT 1' at line 1
 [ SQL语句 ] : SELECT `path` FROM `lx_picture` WHERE ( id= ) LIMIT 1  

[ 2018-08-13T18:02:45+08:00 ] 222.129.107.79 /app/Detail/comment_posts_v4
ERR: 1064:You have an error in your SQL syntax; check the manual that corresponds to your MySQL server version for the right syntax to use near 'AND comm_id='4026' ) LIMIT 1' at line 1
 [ SQL语句 ] : SELECT count(*) as counts FROM `lx_comm_like` WHERE ( lx_comm_like.uid= AND comm_id='4026' ) LIMIT 1  
ERR: 1064:You have an error in your SQL syntax; check the manual that corresponds to your MySQL server version for the right syntax to use near 'AND comm_id='4026' ) LIMIT 1' at line 1
 [ SQL语句 ] : SELECT count(*) as counts FROM `lx_comm_dislike` WHERE ( lx_comm_dislike.uid= AND comm_id='4026' ) LIMIT 1  

[ 2018-08-13T18:02:46+08:00 ] 222.129.107.79 /app/Detail/comment_posts_v4
ERR: 1064:You have an error in your SQL syntax; check the manual that corresponds to your MySQL server version for the right syntax to use near 'AND comm_id='4028' ) LIMIT 1' at line 1
 [ SQL语句 ] : SELECT count(*) as counts FROM `lx_comm_like` WHERE ( lx_comm_like.uid= AND comm_id='4028' ) LIMIT 1  
ERR: 1064:You have an error in your SQL syntax; check the manual that corresponds to your MySQL server version for the right syntax to use near 'AND comm_id='4028' ) LIMIT 1' at line 1
 [ SQL语句 ] : SELECT count(*) as counts FROM `lx_comm_dislike` WHERE ( lx_comm_dislike.uid= AND comm_id='4028' ) LIMIT 1  
ERR: 1064:You have an error in your SQL syntax; check the manual that corresponds to your MySQL server version for the right syntax to use near 'AND comm_id='4027' ) LIMIT 1' at line 1
 [ SQL语句 ] : SELECT count(*) as counts FROM `lx_comm_like` WHERE ( lx_comm_like.uid= AND comm_id='4027' ) LIMIT 1  
ERR: 1064:You have an error in your SQL syntax; check the manual that corresponds to your MySQL server version for the right syntax to use near 'AND comm_id='4027' ) LIMIT 1' at line 1
 [ SQL语句 ] : SELECT count(*) as counts FROM `lx_comm_dislike` WHERE ( lx_comm_dislike.uid= AND comm_id='4027' ) LIMIT 1  

[ 2018-08-13T18:03:01+08:00 ] 222.129.107.79 /app/Detail/comment_posts_v4
ERR: 1064:You have an error in your SQL syntax; check the manual that corresponds to your MySQL server version for the right syntax to use near 'AND comm_id='4028' ) LIMIT 1' at line 1
 [ SQL语句 ] : SELECT count(*) as counts FROM `lx_comm_like` WHERE ( lx_comm_like.uid= AND comm_id='4028' ) LIMIT 1  
ERR: 1064:You have an error in your SQL syntax; check the manual that corresponds to your MySQL server version for the right syntax to use near 'AND comm_id='4028' ) LIMIT 1' at line 1
 [ SQL语句 ] : SELECT count(*) as counts FROM `lx_comm_dislike` WHERE ( lx_comm_dislike.uid= AND comm_id='4028' ) LIMIT 1  
ERR: 1064:You have an error in your SQL syntax; check the manual that corresponds to your MySQL server version for the right syntax to use near 'AND comm_id='4027' ) LIMIT 1' at line 1
 [ SQL语句 ] : SELECT count(*) as counts FROM `lx_comm_like` WHERE ( lx_comm_like.uid= AND comm_id='4027' ) LIMIT 1  
ERR: 1064:You have an error in your SQL syntax; check the manual that corresponds to your MySQL server version for the right syntax to use near 'AND comm_id='4027' ) LIMIT 1' at line 1
 [ SQL语句 ] : SELECT count(*) as counts FROM `lx_comm_dislike` WHERE ( lx_comm_dislike.uid= AND comm_id='4027' ) LIMIT 1  

